ARM GAS  C:\Users\SISTEM~1\AppData\Local\Temp\ccHIOCpG.s 			page 1


   1              		.syntax unified
   2              		.cpu cortex-m3
   3              		.fpu softvfp
   4              		.eabi_attribute 20, 1
   5              		.eabi_attribute 21, 1
   6              		.eabi_attribute 23, 3
   7              		.eabi_attribute 24, 1
   8              		.eabi_attribute 25, 1
   9              		.eabi_attribute 26, 1
  10              		.eabi_attribute 30, 6
  11              		.eabi_attribute 34, 1
  12              		.eabi_attribute 18, 4
  13              		.thumb
  14              		.file	"Cm3Start.c"
  15              		.text
  16              	.Ltext0:
  17              		.cfi_sections	.debug_frame
  18              		.section	.noinit,"aw",%progbits
  19              		.align	2
  20              		.type	cySysNoInitDataValid, %object
  21              		.size	cySysNoInitDataValid, 4
  22              	cySysNoInitDataValid:
  23 0000 00000000 		.space	4
  24              		.global	CyRamVectors
  25              		.section	.ramvectors,"aw",%progbits
  26              		.align	8
  27              		.type	CyRamVectors, %object
  28              		.size	CyRamVectors, 192
  29              	CyRamVectors:
  30 0000 00000000 		.space	192
  30      00000000 
  30      00000000 
  30      00000000 
  30      00000000 
  31 00c0 00000000 		.section	.text.IntDefaultHandler,"ax",%progbits
  31      00000000 
  31      00000000 
  31      00000000 
  31      00000000 
  32              		.align	2
  33              		.global	IntDefaultHandler
  34              		.thumb
  35              		.thumb_func
  36              		.type	IntDefaultHandler, %function
  37              	IntDefaultHandler:
  38              	.LFB0:
  39              		.file 1 ".\\Generated_Source\\PSoC5\\Cm3Start.c"
   1:.\Generated_Source\PSoC5/Cm3Start.c **** /*******************************************************************************
   2:.\Generated_Source\PSoC5/Cm3Start.c **** * File Name: Cm3Start.c
   3:.\Generated_Source\PSoC5/Cm3Start.c **** * Version 5.0
   4:.\Generated_Source\PSoC5/Cm3Start.c **** *
   5:.\Generated_Source\PSoC5/Cm3Start.c **** *  Description:
   6:.\Generated_Source\PSoC5/Cm3Start.c **** *  Startup code for the ARM CM3.
   7:.\Generated_Source\PSoC5/Cm3Start.c **** *
   8:.\Generated_Source\PSoC5/Cm3Start.c **** ********************************************************************************
   9:.\Generated_Source\PSoC5/Cm3Start.c **** * Copyright 2008-2015, Cypress Semiconductor Corporation. All rights reserved.
  10:.\Generated_Source\PSoC5/Cm3Start.c **** * You may use this file only in accordance with the license, terms, conditions,
ARM GAS  C:\Users\SISTEM~1\AppData\Local\Temp\ccHIOCpG.s 			page 2


  11:.\Generated_Source\PSoC5/Cm3Start.c **** * disclaimers, and limitations in the end user license agreement accompanying
  12:.\Generated_Source\PSoC5/Cm3Start.c **** * the software package with which this file was provided.
  13:.\Generated_Source\PSoC5/Cm3Start.c **** *******************************************************************************/
  14:.\Generated_Source\PSoC5/Cm3Start.c **** 
  15:.\Generated_Source\PSoC5/Cm3Start.c **** #include <limits.h>
  16:.\Generated_Source\PSoC5/Cm3Start.c **** #include "cydevice_trm.h"
  17:.\Generated_Source\PSoC5/Cm3Start.c **** #include "cytypes.h"
  18:.\Generated_Source\PSoC5/Cm3Start.c **** #include "cyfitter_cfg.h"
  19:.\Generated_Source\PSoC5/Cm3Start.c **** #include "CyLib.h"
  20:.\Generated_Source\PSoC5/Cm3Start.c **** #include "CyDmac.h"
  21:.\Generated_Source\PSoC5/Cm3Start.c **** #include "cyfitter.h"
  22:.\Generated_Source\PSoC5/Cm3Start.c **** 
  23:.\Generated_Source\PSoC5/Cm3Start.c **** #define CY_NUM_INTERRUPTS           (32u)
  24:.\Generated_Source\PSoC5/Cm3Start.c **** #define CY_NUM_VECTORS              (CYINT_IRQ_BASE + CY_NUM_INTERRUPTS)
  25:.\Generated_Source\PSoC5/Cm3Start.c **** #define CY_NUM_ROM_VECTORS          (4u)
  26:.\Generated_Source\PSoC5/Cm3Start.c **** #define CY_NVIC_APINT_PTR           ((reg32 *) CYREG_NVIC_APPLN_INTR)
  27:.\Generated_Source\PSoC5/Cm3Start.c **** #define CY_NVIC_CFG_CTRL_PTR        ((reg32 *) CYREG_NVIC_CFG_CONTROL)
  28:.\Generated_Source\PSoC5/Cm3Start.c **** #define CY_NVIC_APINT_PRIGROUP_3_5  (0x00000400u)  /* Priority group 3.5 split */
  29:.\Generated_Source\PSoC5/Cm3Start.c **** #define CY_NVIC_APINT_VECTKEY       (0x05FA0000u)  /* This key is required in order to write the NV
  30:.\Generated_Source\PSoC5/Cm3Start.c **** #define CY_NVIC_CFG_STACKALIGN      (0x00000200u)  /* This specifies that the exception stack must 
  31:.\Generated_Source\PSoC5/Cm3Start.c **** 
  32:.\Generated_Source\PSoC5/Cm3Start.c **** #if defined(__ARMCC_VERSION)
  33:.\Generated_Source\PSoC5/Cm3Start.c ****     #define INITIAL_STACK_POINTER ((cyisraddress)(uint32)&Image$$ARM_LIB_STACK$$ZI$$Limit)
  34:.\Generated_Source\PSoC5/Cm3Start.c **** #elif defined (__GNUC__)
  35:.\Generated_Source\PSoC5/Cm3Start.c ****     #define INITIAL_STACK_POINTER (&__cy_stack)
  36:.\Generated_Source\PSoC5/Cm3Start.c **** #elif defined (__ICCARM__)
  37:.\Generated_Source\PSoC5/Cm3Start.c ****     #pragma language=extended
  38:.\Generated_Source\PSoC5/Cm3Start.c ****     #pragma segment="CSTACK"
  39:.\Generated_Source\PSoC5/Cm3Start.c ****     #define INITIAL_STACK_POINTER  { .__ptr = __sfe( "CSTACK" ) }
  40:.\Generated_Source\PSoC5/Cm3Start.c **** 
  41:.\Generated_Source\PSoC5/Cm3Start.c ****     extern void __iar_program_start( void );
  42:.\Generated_Source\PSoC5/Cm3Start.c ****     extern void __iar_data_init3 (void);
  43:.\Generated_Source\PSoC5/Cm3Start.c **** #endif  /* (__ARMCC_VERSION) */
  44:.\Generated_Source\PSoC5/Cm3Start.c **** 
  45:.\Generated_Source\PSoC5/Cm3Start.c **** #if defined(__GNUC__)
  46:.\Generated_Source\PSoC5/Cm3Start.c ****     #include <errno.h>
  47:.\Generated_Source\PSoC5/Cm3Start.c ****     extern int  errno;
  48:.\Generated_Source\PSoC5/Cm3Start.c ****     extern int  end;
  49:.\Generated_Source\PSoC5/Cm3Start.c **** #endif  /* defined(__GNUC__) */
  50:.\Generated_Source\PSoC5/Cm3Start.c **** 
  51:.\Generated_Source\PSoC5/Cm3Start.c **** /* Extern functions */
  52:.\Generated_Source\PSoC5/Cm3Start.c **** extern void CyBtldr_CheckLaunch(void);
  53:.\Generated_Source\PSoC5/Cm3Start.c **** 
  54:.\Generated_Source\PSoC5/Cm3Start.c **** /* Function prototypes */
  55:.\Generated_Source\PSoC5/Cm3Start.c **** void initialize_psoc(void);
  56:.\Generated_Source\PSoC5/Cm3Start.c **** CY_ISR(IntDefaultHandler);
  57:.\Generated_Source\PSoC5/Cm3Start.c **** void Reset(void);
  58:.\Generated_Source\PSoC5/Cm3Start.c **** CY_ISR(IntDefaultHandler);
  59:.\Generated_Source\PSoC5/Cm3Start.c **** 
  60:.\Generated_Source\PSoC5/Cm3Start.c **** /* Global variables */
  61:.\Generated_Source\PSoC5/Cm3Start.c **** #if !defined (__ICCARM__)
  62:.\Generated_Source\PSoC5/Cm3Start.c ****     CY_NOINIT static uint32 cySysNoInitDataValid;
  63:.\Generated_Source\PSoC5/Cm3Start.c **** #endif  /* !defined (__ICCARM__) */
  64:.\Generated_Source\PSoC5/Cm3Start.c **** 
  65:.\Generated_Source\PSoC5/Cm3Start.c **** 
  66:.\Generated_Source\PSoC5/Cm3Start.c **** /*******************************************************************************
  67:.\Generated_Source\PSoC5/Cm3Start.c **** * Default Ram Interrupt Vector table storage area. Must be 256-byte aligned.
ARM GAS  C:\Users\SISTEM~1\AppData\Local\Temp\ccHIOCpG.s 			page 3


  68:.\Generated_Source\PSoC5/Cm3Start.c **** *******************************************************************************/
  69:.\Generated_Source\PSoC5/Cm3Start.c **** #if defined (__ICCARM__)
  70:.\Generated_Source\PSoC5/Cm3Start.c ****     #pragma location=".ramvectors"
  71:.\Generated_Source\PSoC5/Cm3Start.c ****     #pragma data_alignment=256
  72:.\Generated_Source\PSoC5/Cm3Start.c **** #else
  73:.\Generated_Source\PSoC5/Cm3Start.c ****     CY_SECTION(".ramvectors")
  74:.\Generated_Source\PSoC5/Cm3Start.c ****     CY_ALIGN(256)
  75:.\Generated_Source\PSoC5/Cm3Start.c **** #endif  /* defined (__ICCARM__) */
  76:.\Generated_Source\PSoC5/Cm3Start.c **** cyisraddress CyRamVectors[CY_NUM_VECTORS];
  77:.\Generated_Source\PSoC5/Cm3Start.c **** 
  78:.\Generated_Source\PSoC5/Cm3Start.c **** 
  79:.\Generated_Source\PSoC5/Cm3Start.c **** /*******************************************************************************
  80:.\Generated_Source\PSoC5/Cm3Start.c **** * Function Name: IntDefaultHandler
  81:.\Generated_Source\PSoC5/Cm3Start.c **** ********************************************************************************
  82:.\Generated_Source\PSoC5/Cm3Start.c **** *
  83:.\Generated_Source\PSoC5/Cm3Start.c **** * Summary:
  84:.\Generated_Source\PSoC5/Cm3Start.c **** *  This function is called for all interrupts, other than a reset that gets
  85:.\Generated_Source\PSoC5/Cm3Start.c **** *  called before the system is setup.
  86:.\Generated_Source\PSoC5/Cm3Start.c **** *
  87:.\Generated_Source\PSoC5/Cm3Start.c **** * Parameters:
  88:.\Generated_Source\PSoC5/Cm3Start.c **** *  None
  89:.\Generated_Source\PSoC5/Cm3Start.c **** *
  90:.\Generated_Source\PSoC5/Cm3Start.c **** * Return:
  91:.\Generated_Source\PSoC5/Cm3Start.c **** *  None
  92:.\Generated_Source\PSoC5/Cm3Start.c **** *
  93:.\Generated_Source\PSoC5/Cm3Start.c **** * Theory:
  94:.\Generated_Source\PSoC5/Cm3Start.c **** *  Any value other than zero is acceptable.
  95:.\Generated_Source\PSoC5/Cm3Start.c **** *
  96:.\Generated_Source\PSoC5/Cm3Start.c **** *******************************************************************************/
  97:.\Generated_Source\PSoC5/Cm3Start.c **** CY_ISR(IntDefaultHandler)
  98:.\Generated_Source\PSoC5/Cm3Start.c **** {
  40              		.loc 1 98 0
  41              		.cfi_startproc
  42              		@ args = 0, pretend = 0, frame = 0
  43              		@ frame_needed = 1, uses_anonymous_args = 0
  44              		@ link register save eliminated.
  45 0000 80B4     		push	{r7}
  46              		.cfi_def_cfa_offset 4
  47              		.cfi_offset 7, -4
  48 0002 00AF     		add	r7, sp, #0
  49              		.cfi_def_cfa_register 7
  50              	.L2:
  99:.\Generated_Source\PSoC5/Cm3Start.c **** 
 100:.\Generated_Source\PSoC5/Cm3Start.c ****     while(1)
 101:.\Generated_Source\PSoC5/Cm3Start.c ****     {
 102:.\Generated_Source\PSoC5/Cm3Start.c ****         /***********************************************************************
 103:.\Generated_Source\PSoC5/Cm3Start.c ****         * We must not get here. If we do, a serious problem occurs, so go
 104:.\Generated_Source\PSoC5/Cm3Start.c ****         * into an infinite loop.
 105:.\Generated_Source\PSoC5/Cm3Start.c ****         ***********************************************************************/
 106:.\Generated_Source\PSoC5/Cm3Start.c ****     }
  51              		.loc 1 106 0 discriminator 1
  52 0004 FEE7     		b	.L2
  53              		.cfi_endproc
  54              	.LFE0:
  55              		.size	IntDefaultHandler, .-IntDefaultHandler
  56              		.section	.text._exit,"ax",%progbits
  57              		.align	2
ARM GAS  C:\Users\SISTEM~1\AppData\Local\Temp\ccHIOCpG.s 			page 4


  58              		.weak	_exit
  59              		.thumb
  60              		.thumb_func
  61              		.type	_exit, %function
  62              	_exit:
  63              	.LFB1:
 107:.\Generated_Source\PSoC5/Cm3Start.c **** }
 108:.\Generated_Source\PSoC5/Cm3Start.c **** 
 109:.\Generated_Source\PSoC5/Cm3Start.c **** 
 110:.\Generated_Source\PSoC5/Cm3Start.c **** #if defined(__ARMCC_VERSION)
 111:.\Generated_Source\PSoC5/Cm3Start.c **** 
 112:.\Generated_Source\PSoC5/Cm3Start.c **** /* Local function for device reset. */
 113:.\Generated_Source\PSoC5/Cm3Start.c **** extern void Reset(void);
 114:.\Generated_Source\PSoC5/Cm3Start.c **** 
 115:.\Generated_Source\PSoC5/Cm3Start.c **** /* Application entry point. */
 116:.\Generated_Source\PSoC5/Cm3Start.c **** extern void $Super$$main(void);
 117:.\Generated_Source\PSoC5/Cm3Start.c **** 
 118:.\Generated_Source\PSoC5/Cm3Start.c **** /* Linker-generated Stack Base addresses, Two Region and One Region */
 119:.\Generated_Source\PSoC5/Cm3Start.c **** extern uint32 Image$$ARM_LIB_STACK$$ZI$$Limit;
 120:.\Generated_Source\PSoC5/Cm3Start.c **** 
 121:.\Generated_Source\PSoC5/Cm3Start.c **** /* RealView C Library initialization. */
 122:.\Generated_Source\PSoC5/Cm3Start.c **** extern int __main(void);
 123:.\Generated_Source\PSoC5/Cm3Start.c **** 
 124:.\Generated_Source\PSoC5/Cm3Start.c **** 
 125:.\Generated_Source\PSoC5/Cm3Start.c **** /*******************************************************************************
 126:.\Generated_Source\PSoC5/Cm3Start.c **** * Function Name: Reset
 127:.\Generated_Source\PSoC5/Cm3Start.c **** ********************************************************************************
 128:.\Generated_Source\PSoC5/Cm3Start.c **** *
 129:.\Generated_Source\PSoC5/Cm3Start.c **** * Summary:
 130:.\Generated_Source\PSoC5/Cm3Start.c **** *  This function handles the reset interrupt for the RVDS/MDK toolchains.
 131:.\Generated_Source\PSoC5/Cm3Start.c **** *  This is the first bit of code that is executed at startup.
 132:.\Generated_Source\PSoC5/Cm3Start.c **** *
 133:.\Generated_Source\PSoC5/Cm3Start.c **** * Parameters:
 134:.\Generated_Source\PSoC5/Cm3Start.c **** *  None
 135:.\Generated_Source\PSoC5/Cm3Start.c **** *
 136:.\Generated_Source\PSoC5/Cm3Start.c **** * Return:
 137:.\Generated_Source\PSoC5/Cm3Start.c **** *  None
 138:.\Generated_Source\PSoC5/Cm3Start.c **** *
 139:.\Generated_Source\PSoC5/Cm3Start.c **** *******************************************************************************/
 140:.\Generated_Source\PSoC5/Cm3Start.c **** void Reset(void)
 141:.\Generated_Source\PSoC5/Cm3Start.c **** {
 142:.\Generated_Source\PSoC5/Cm3Start.c ****     #if(CYDEV_PROJ_TYPE != CYDEV_PROJ_TYPE_LOADABLE && CYDEV_PROJ_TYPE != CYDEV_PROJ_TYPE_LOADABLEA
 143:.\Generated_Source\PSoC5/Cm3Start.c **** 
 144:.\Generated_Source\PSoC5/Cm3Start.c ****         /* For PSoC 5LP, debugging is enabled by default */
 145:.\Generated_Source\PSoC5/Cm3Start.c ****         #if(CYDEV_DEBUGGING_ENABLE == 0)
 146:.\Generated_Source\PSoC5/Cm3Start.c ****             *(reg32 *)(CYDEV_DEBUG_ENABLE_REGISTER) |= CYDEV_DEBUG_ENABLE_MASK;
 147:.\Generated_Source\PSoC5/Cm3Start.c ****         #endif /* (CYDEV_DEBUGGING_ENABLE) */
 148:.\Generated_Source\PSoC5/Cm3Start.c **** 
 149:.\Generated_Source\PSoC5/Cm3Start.c ****         /* Reset Status Register has Read-to-clear SW access mode.
 150:.\Generated_Source\PSoC5/Cm3Start.c ****         * Preserve current RESET_SR0 state to make it available for next reading.
 151:.\Generated_Source\PSoC5/Cm3Start.c ****         */
 152:.\Generated_Source\PSoC5/Cm3Start.c ****         *(reg32 *)(CYREG_PHUB_CFGMEM23_CFG1) = *(reg32 *)(CYREG_RESET_SR0);
 153:.\Generated_Source\PSoC5/Cm3Start.c **** 
 154:.\Generated_Source\PSoC5/Cm3Start.c ****     #endif  /* (CYDEV_PROJ_TYPE != CYDEV_PROJ_TYPE_LOADABLE && CYDEV_PROJ_TYPE != CYDEV_PROJ_TYPE_L
 155:.\Generated_Source\PSoC5/Cm3Start.c **** 
 156:.\Generated_Source\PSoC5/Cm3Start.c ****     #if ((CYDEV_BOOTLOADER_ENABLE) && (CYDEV_PROJ_TYPE != CYDEV_PROJ_TYPE_LOADABLEANDBOOTLOADER))
 157:.\Generated_Source\PSoC5/Cm3Start.c ****         CyBtldr_CheckLaunch();
ARM GAS  C:\Users\SISTEM~1\AppData\Local\Temp\ccHIOCpG.s 			page 5


 158:.\Generated_Source\PSoC5/Cm3Start.c ****     #endif /* ((CYDEV_BOOTLOADER_ENABLE) && (CYDEV_PROJ_TYPE != CYDEV_PROJ_TYPE_LOADABLEANDBOOTLOAD
 159:.\Generated_Source\PSoC5/Cm3Start.c **** 
 160:.\Generated_Source\PSoC5/Cm3Start.c ****     __main();
 161:.\Generated_Source\PSoC5/Cm3Start.c **** }
 162:.\Generated_Source\PSoC5/Cm3Start.c **** 
 163:.\Generated_Source\PSoC5/Cm3Start.c **** 
 164:.\Generated_Source\PSoC5/Cm3Start.c **** /*******************************************************************************
 165:.\Generated_Source\PSoC5/Cm3Start.c **** * Function Name: $Sub$$main
 166:.\Generated_Source\PSoC5/Cm3Start.c **** ********************************************************************************
 167:.\Generated_Source\PSoC5/Cm3Start.c **** *
 168:.\Generated_Source\PSoC5/Cm3Start.c **** * Summary:
 169:.\Generated_Source\PSoC5/Cm3Start.c **** *  This function is called immediately before the users main
 170:.\Generated_Source\PSoC5/Cm3Start.c **** *
 171:.\Generated_Source\PSoC5/Cm3Start.c **** * Parameters:
 172:.\Generated_Source\PSoC5/Cm3Start.c **** *  None
 173:.\Generated_Source\PSoC5/Cm3Start.c **** *
 174:.\Generated_Source\PSoC5/Cm3Start.c **** * Return:
 175:.\Generated_Source\PSoC5/Cm3Start.c **** *  None
 176:.\Generated_Source\PSoC5/Cm3Start.c **** *
 177:.\Generated_Source\PSoC5/Cm3Start.c **** *******************************************************************************/
 178:.\Generated_Source\PSoC5/Cm3Start.c **** void $Sub$$main(void)
 179:.\Generated_Source\PSoC5/Cm3Start.c **** {
 180:.\Generated_Source\PSoC5/Cm3Start.c ****     initialize_psoc();
 181:.\Generated_Source\PSoC5/Cm3Start.c **** 
 182:.\Generated_Source\PSoC5/Cm3Start.c ****     /* Call original main */
 183:.\Generated_Source\PSoC5/Cm3Start.c ****     $Super$$main();
 184:.\Generated_Source\PSoC5/Cm3Start.c **** 
 185:.\Generated_Source\PSoC5/Cm3Start.c ****     while (1)
 186:.\Generated_Source\PSoC5/Cm3Start.c ****     {
 187:.\Generated_Source\PSoC5/Cm3Start.c ****         /* If main returns, it is undefined what we should do. */
 188:.\Generated_Source\PSoC5/Cm3Start.c ****     }
 189:.\Generated_Source\PSoC5/Cm3Start.c **** }
 190:.\Generated_Source\PSoC5/Cm3Start.c **** 
 191:.\Generated_Source\PSoC5/Cm3Start.c **** #elif defined(__GNUC__)
 192:.\Generated_Source\PSoC5/Cm3Start.c **** 
 193:.\Generated_Source\PSoC5/Cm3Start.c **** void Start_c(void);
 194:.\Generated_Source\PSoC5/Cm3Start.c **** 
 195:.\Generated_Source\PSoC5/Cm3Start.c **** /* Stack Base address */
 196:.\Generated_Source\PSoC5/Cm3Start.c **** extern void __cy_stack(void);
 197:.\Generated_Source\PSoC5/Cm3Start.c **** 
 198:.\Generated_Source\PSoC5/Cm3Start.c **** /* Application entry point. */
 199:.\Generated_Source\PSoC5/Cm3Start.c **** extern int main(void);
 200:.\Generated_Source\PSoC5/Cm3Start.c **** 
 201:.\Generated_Source\PSoC5/Cm3Start.c **** /* Static objects constructors initializer */
 202:.\Generated_Source\PSoC5/Cm3Start.c **** extern void __libc_init_array(void);
 203:.\Generated_Source\PSoC5/Cm3Start.c **** 
 204:.\Generated_Source\PSoC5/Cm3Start.c **** typedef unsigned char __cy_byte_align8 __attribute ((aligned (8)));
 205:.\Generated_Source\PSoC5/Cm3Start.c **** 
 206:.\Generated_Source\PSoC5/Cm3Start.c **** struct __cy_region
 207:.\Generated_Source\PSoC5/Cm3Start.c **** {
 208:.\Generated_Source\PSoC5/Cm3Start.c ****     __cy_byte_align8 *init; /* Initial contents of this region.  */
 209:.\Generated_Source\PSoC5/Cm3Start.c ****     __cy_byte_align8 *data; /* Start address of region.  */
 210:.\Generated_Source\PSoC5/Cm3Start.c ****     size_t init_size;       /* Size of initial data.  */
 211:.\Generated_Source\PSoC5/Cm3Start.c ****     size_t zero_size;       /* Additional size to be zeroed.  */
 212:.\Generated_Source\PSoC5/Cm3Start.c **** };
 213:.\Generated_Source\PSoC5/Cm3Start.c **** 
 214:.\Generated_Source\PSoC5/Cm3Start.c **** extern const struct __cy_region __cy_regions[];
ARM GAS  C:\Users\SISTEM~1\AppData\Local\Temp\ccHIOCpG.s 			page 6


 215:.\Generated_Source\PSoC5/Cm3Start.c **** extern const char __cy_region_num __attribute__((weak));
 216:.\Generated_Source\PSoC5/Cm3Start.c **** #define __cy_region_num ((size_t)&__cy_region_num)
 217:.\Generated_Source\PSoC5/Cm3Start.c **** 
 218:.\Generated_Source\PSoC5/Cm3Start.c **** 
 219:.\Generated_Source\PSoC5/Cm3Start.c **** /*******************************************************************************
 220:.\Generated_Source\PSoC5/Cm3Start.c **** * System Calls of the Red Hat newlib C Library
 221:.\Generated_Source\PSoC5/Cm3Start.c **** *******************************************************************************/
 222:.\Generated_Source\PSoC5/Cm3Start.c **** 
 223:.\Generated_Source\PSoC5/Cm3Start.c **** 
 224:.\Generated_Source\PSoC5/Cm3Start.c **** /*******************************************************************************
 225:.\Generated_Source\PSoC5/Cm3Start.c **** * Function Name: _exit
 226:.\Generated_Source\PSoC5/Cm3Start.c **** ********************************************************************************
 227:.\Generated_Source\PSoC5/Cm3Start.c **** *
 228:.\Generated_Source\PSoC5/Cm3Start.c **** * Summary:
 229:.\Generated_Source\PSoC5/Cm3Start.c **** *  Exit a program without cleaning up files. If your system doesn't provide
 230:.\Generated_Source\PSoC5/Cm3Start.c **** *  this, it is best to avoid linking with subroutines that require it (exit,
 231:.\Generated_Source\PSoC5/Cm3Start.c **** *  system).
 232:.\Generated_Source\PSoC5/Cm3Start.c **** *
 233:.\Generated_Source\PSoC5/Cm3Start.c **** * Parameters:
 234:.\Generated_Source\PSoC5/Cm3Start.c **** *  status: Status caused program exit.
 235:.\Generated_Source\PSoC5/Cm3Start.c **** *
 236:.\Generated_Source\PSoC5/Cm3Start.c **** * Return:
 237:.\Generated_Source\PSoC5/Cm3Start.c **** *  None
 238:.\Generated_Source\PSoC5/Cm3Start.c **** *
 239:.\Generated_Source\PSoC5/Cm3Start.c **** *******************************************************************************/
 240:.\Generated_Source\PSoC5/Cm3Start.c **** __attribute__((weak))
 241:.\Generated_Source\PSoC5/Cm3Start.c **** void _exit(int status)
 242:.\Generated_Source\PSoC5/Cm3Start.c **** {
  64              		.loc 1 242 0
  65              		.cfi_startproc
  66              		@ args = 0, pretend = 0, frame = 8
  67              		@ frame_needed = 1, uses_anonymous_args = 0
  68 0000 80B5     		push	{r7, lr}
  69              		.cfi_def_cfa_offset 8
  70              		.cfi_offset 7, -8
  71              		.cfi_offset 14, -4
  72 0002 82B0     		sub	sp, sp, #8
  73              		.cfi_def_cfa_offset 16
  74 0004 00AF     		add	r7, sp, #0
  75              		.cfi_def_cfa_register 7
  76 0006 7860     		str	r0, [r7, #4]
 243:.\Generated_Source\PSoC5/Cm3Start.c ****     CyHalt((uint8) status);
  77              		.loc 1 243 0
  78 0008 7B68     		ldr	r3, [r7, #4]
  79 000a DBB2     		uxtb	r3, r3
  80 000c 1846     		mov	r0, r3
  81 000e FFF7FEFF 		bl	CyHalt
  82              	.L4:
 244:.\Generated_Source\PSoC5/Cm3Start.c ****     while(1)
 245:.\Generated_Source\PSoC5/Cm3Start.c ****     {
 246:.\Generated_Source\PSoC5/Cm3Start.c **** 
 247:.\Generated_Source\PSoC5/Cm3Start.c ****     }
  83              		.loc 1 247 0 discriminator 1
  84 0012 FEE7     		b	.L4
  85              		.cfi_endproc
  86              	.LFE1:
  87              		.size	_exit, .-_exit
ARM GAS  C:\Users\SISTEM~1\AppData\Local\Temp\ccHIOCpG.s 			page 7


  88              		.section	.text._sbrk,"ax",%progbits
  89              		.align	2
  90              		.weak	_sbrk
  91              		.thumb
  92              		.thumb_func
  93              		.type	_sbrk, %function
  94              	_sbrk:
  95              	.LFB2:
 248:.\Generated_Source\PSoC5/Cm3Start.c **** }
 249:.\Generated_Source\PSoC5/Cm3Start.c **** 
 250:.\Generated_Source\PSoC5/Cm3Start.c **** 
 251:.\Generated_Source\PSoC5/Cm3Start.c **** /*******************************************************************************
 252:.\Generated_Source\PSoC5/Cm3Start.c **** * Function Name: _sbrk
 253:.\Generated_Source\PSoC5/Cm3Start.c **** ********************************************************************************
 254:.\Generated_Source\PSoC5/Cm3Start.c **** *
 255:.\Generated_Source\PSoC5/Cm3Start.c **** * Summary:
 256:.\Generated_Source\PSoC5/Cm3Start.c **** *  Increase program data space. As malloc and related functions depend on this,
 257:.\Generated_Source\PSoC5/Cm3Start.c **** *  it is useful to have a working implementation. The following suffices for a
 258:.\Generated_Source\PSoC5/Cm3Start.c **** *  standalone system; it exploits the symbol end automatically defined by the
 259:.\Generated_Source\PSoC5/Cm3Start.c **** *  GNU linker.
 260:.\Generated_Source\PSoC5/Cm3Start.c **** *
 261:.\Generated_Source\PSoC5/Cm3Start.c **** * Parameters:
 262:.\Generated_Source\PSoC5/Cm3Start.c **** *  nbytes: The number of bytes requested (if the parameter value is positive)
 263:.\Generated_Source\PSoC5/Cm3Start.c **** *  from the heap or returned back to the heap (if the parameter value is
 264:.\Generated_Source\PSoC5/Cm3Start.c **** *  negative).
 265:.\Generated_Source\PSoC5/Cm3Start.c **** *
 266:.\Generated_Source\PSoC5/Cm3Start.c **** * Return:
 267:.\Generated_Source\PSoC5/Cm3Start.c **** *  None
 268:.\Generated_Source\PSoC5/Cm3Start.c **** *
 269:.\Generated_Source\PSoC5/Cm3Start.c **** *******************************************************************************/
 270:.\Generated_Source\PSoC5/Cm3Start.c **** __attribute__((weak))
 271:.\Generated_Source\PSoC5/Cm3Start.c **** void * _sbrk (int nbytes)
 272:.\Generated_Source\PSoC5/Cm3Start.c **** {
  96              		.loc 1 272 0
  97              		.cfi_startproc
  98              		@ args = 0, pretend = 0, frame = 16
  99              		@ frame_needed = 1, uses_anonymous_args = 0
 100 0000 80B5     		push	{r7, lr}
 101              		.cfi_def_cfa_offset 8
 102              		.cfi_offset 7, -8
 103              		.cfi_offset 14, -4
 104 0002 84B0     		sub	sp, sp, #16
 105              		.cfi_def_cfa_offset 24
 106 0004 00AF     		add	r7, sp, #0
 107              		.cfi_def_cfa_register 7
 108 0006 7860     		str	r0, [r7, #4]
 273:.\Generated_Source\PSoC5/Cm3Start.c ****     extern int  end;            /* Symbol defined by linker map. Start of free memory (as symbol). 
 274:.\Generated_Source\PSoC5/Cm3Start.c ****     void *      returnValue;
 275:.\Generated_Source\PSoC5/Cm3Start.c **** 
 276:.\Generated_Source\PSoC5/Cm3Start.c ****     /* The statically held previous end of the heap, with its initialization. */
 277:.\Generated_Source\PSoC5/Cm3Start.c ****     static void *heapPointer = (void *) &end;                 /* Previous end */
 278:.\Generated_Source\PSoC5/Cm3Start.c **** 
 279:.\Generated_Source\PSoC5/Cm3Start.c ****     if (((heapPointer + nbytes) - (void *) &end) <= CYDEV_HEAP_SIZE)
 109              		.loc 1 279 0
 110 0008 104B     		ldr	r3, .L9
 111 000a 1A68     		ldr	r2, [r3]
 112 000c 7B68     		ldr	r3, [r7, #4]
ARM GAS  C:\Users\SISTEM~1\AppData\Local\Temp\ccHIOCpG.s 			page 8


 113 000e 1344     		add	r3, r3, r2
 114 0010 1A46     		mov	r2, r3
 115 0012 0F4B     		ldr	r3, .L9+4
 116 0014 D31A     		subs	r3, r2, r3
 117 0016 B3F5805F 		cmp	r3, #4096
 118 001a 09DC     		bgt	.L6
 280:.\Generated_Source\PSoC5/Cm3Start.c ****     {
 281:.\Generated_Source\PSoC5/Cm3Start.c ****         returnValue  = heapPointer;
 119              		.loc 1 281 0
 120 001c 0B4B     		ldr	r3, .L9
 121 001e 1B68     		ldr	r3, [r3]
 122 0020 FB60     		str	r3, [r7, #12]
 282:.\Generated_Source\PSoC5/Cm3Start.c ****         heapPointer += nbytes;
 123              		.loc 1 282 0
 124 0022 0A4B     		ldr	r3, .L9
 125 0024 1A68     		ldr	r2, [r3]
 126 0026 7B68     		ldr	r3, [r7, #4]
 127 0028 1A44     		add	r2, r2, r3
 128 002a 084B     		ldr	r3, .L9
 129 002c 1A60     		str	r2, [r3]
 130 002e 07E0     		b	.L7
 131              	.L6:
 283:.\Generated_Source\PSoC5/Cm3Start.c ****     }
 284:.\Generated_Source\PSoC5/Cm3Start.c ****     else
 285:.\Generated_Source\PSoC5/Cm3Start.c ****     {
 286:.\Generated_Source\PSoC5/Cm3Start.c ****         errno = ENOMEM;
 132              		.loc 1 286 0
 133 0030 FFF7FEFF 		bl	__errno
 134 0034 0346     		mov	r3, r0
 135 0036 0C22     		movs	r2, #12
 136 0038 1A60     		str	r2, [r3]
 287:.\Generated_Source\PSoC5/Cm3Start.c ****         returnValue = (void *) -1;
 137              		.loc 1 287 0
 138 003a 4FF0FF33 		mov	r3, #-1
 139 003e FB60     		str	r3, [r7, #12]
 140              	.L7:
 288:.\Generated_Source\PSoC5/Cm3Start.c ****     }
 289:.\Generated_Source\PSoC5/Cm3Start.c **** 
 290:.\Generated_Source\PSoC5/Cm3Start.c ****     return (returnValue);
 141              		.loc 1 290 0
 142 0040 FB68     		ldr	r3, [r7, #12]
 291:.\Generated_Source\PSoC5/Cm3Start.c **** }
 143              		.loc 1 291 0
 144 0042 1846     		mov	r0, r3
 145 0044 1037     		adds	r7, r7, #16
 146 0046 BD46     		mov	sp, r7
 147              		@ sp needed
 148 0048 80BD     		pop	{r7, pc}
 149              	.L10:
 150 004a 00BF     		.align	2
 151              	.L9:
 152 004c 00000000 		.word	heapPointer.4945
 153 0050 00000000 		.word	end
 154              		.cfi_endproc
 155              	.LFE2:
 156              		.size	_sbrk, .-_sbrk
 157              		.section	.text.Reset,"ax",%progbits
ARM GAS  C:\Users\SISTEM~1\AppData\Local\Temp\ccHIOCpG.s 			page 9


 158              		.align	2
 159              		.global	Reset
 160              		.thumb
 161              		.thumb_func
 162              		.type	Reset, %function
 163              	Reset:
 164              	.LFB3:
 292:.\Generated_Source\PSoC5/Cm3Start.c **** 
 293:.\Generated_Source\PSoC5/Cm3Start.c **** 
 294:.\Generated_Source\PSoC5/Cm3Start.c **** /*******************************************************************************
 295:.\Generated_Source\PSoC5/Cm3Start.c **** * Function Name: Reset
 296:.\Generated_Source\PSoC5/Cm3Start.c **** ********************************************************************************
 297:.\Generated_Source\PSoC5/Cm3Start.c **** *
 298:.\Generated_Source\PSoC5/Cm3Start.c **** * Summary:
 299:.\Generated_Source\PSoC5/Cm3Start.c **** *  This function handles the reset interrupt for the GCC toolchain. This is the
 300:.\Generated_Source\PSoC5/Cm3Start.c **** *  first bit of code that is executed at startup.
 301:.\Generated_Source\PSoC5/Cm3Start.c **** *
 302:.\Generated_Source\PSoC5/Cm3Start.c **** * Parameters:
 303:.\Generated_Source\PSoC5/Cm3Start.c **** *  None
 304:.\Generated_Source\PSoC5/Cm3Start.c **** *
 305:.\Generated_Source\PSoC5/Cm3Start.c **** * Return:
 306:.\Generated_Source\PSoC5/Cm3Start.c **** *  None
 307:.\Generated_Source\PSoC5/Cm3Start.c **** *
 308:.\Generated_Source\PSoC5/Cm3Start.c **** *******************************************************************************/
 309:.\Generated_Source\PSoC5/Cm3Start.c **** void Reset(void)
 310:.\Generated_Source\PSoC5/Cm3Start.c **** {
 165              		.loc 1 310 0
 166              		.cfi_startproc
 167              		@ args = 0, pretend = 0, frame = 0
 168              		@ frame_needed = 1, uses_anonymous_args = 0
 169 0000 80B5     		push	{r7, lr}
 170              		.cfi_def_cfa_offset 8
 171              		.cfi_offset 7, -8
 172              		.cfi_offset 14, -4
 173 0002 00AF     		add	r7, sp, #0
 174              		.cfi_def_cfa_register 7
 311:.\Generated_Source\PSoC5/Cm3Start.c ****     #if(CYDEV_PROJ_TYPE != CYDEV_PROJ_TYPE_LOADABLE && CYDEV_PROJ_TYPE != CYDEV_PROJ_TYPE_LOADABLEA
 312:.\Generated_Source\PSoC5/Cm3Start.c **** 
 313:.\Generated_Source\PSoC5/Cm3Start.c ****         /* For PSoC 5LP, debugging is enabled by default */
 314:.\Generated_Source\PSoC5/Cm3Start.c ****         #if(CYDEV_DEBUGGING_ENABLE == 0)
 315:.\Generated_Source\PSoC5/Cm3Start.c ****             *(reg32 *)(CYDEV_DEBUG_ENABLE_REGISTER) |= CYDEV_DEBUG_ENABLE_MASK;
 175              		.loc 1 315 0
 176 0004 064B     		ldr	r3, .L12
 177 0006 064A     		ldr	r2, .L12
 178 0008 1268     		ldr	r2, [r2]
 179 000a 42F02002 		orr	r2, r2, #32
 180 000e 1A60     		str	r2, [r3]
 316:.\Generated_Source\PSoC5/Cm3Start.c ****         #endif /* (CYDEV_DEBUGGING_ENABLE) */
 317:.\Generated_Source\PSoC5/Cm3Start.c **** 
 318:.\Generated_Source\PSoC5/Cm3Start.c ****         /* Reset Status Register has Read-to-clear SW access mode.
 319:.\Generated_Source\PSoC5/Cm3Start.c ****         * Preserve current RESET_SR0 state to make it available for next reading.
 320:.\Generated_Source\PSoC5/Cm3Start.c ****         */
 321:.\Generated_Source\PSoC5/Cm3Start.c ****         *(reg32 *)(CYREG_PHUB_CFGMEM23_CFG1) = *(reg32 *)(CYREG_RESET_SR0);
 181              		.loc 1 321 0
 182 0010 044B     		ldr	r3, .L12+4
 183 0012 054A     		ldr	r2, .L12+8
 184 0014 1268     		ldr	r2, [r2]
ARM GAS  C:\Users\SISTEM~1\AppData\Local\Temp\ccHIOCpG.s 			page 10


 185 0016 1A60     		str	r2, [r3]
 322:.\Generated_Source\PSoC5/Cm3Start.c **** 
 323:.\Generated_Source\PSoC5/Cm3Start.c ****     #endif  /* (CYDEV_PROJ_TYPE != CYDEV_PROJ_TYPE_LOADABLE && CYDEV_PROJ_TYPE != CYDEV_PROJ_TYPE_L
 324:.\Generated_Source\PSoC5/Cm3Start.c **** 
 325:.\Generated_Source\PSoC5/Cm3Start.c ****     #if ((CYDEV_BOOTLOADER_ENABLE) && (CYDEV_PROJ_TYPE != CYDEV_PROJ_TYPE_LOADABLEANDBOOTLOADER))
 326:.\Generated_Source\PSoC5/Cm3Start.c ****         CyBtldr_CheckLaunch();
 186              		.loc 1 326 0
 187 0018 FFF7FEFF 		bl	CyBtldr_CheckLaunch
 327:.\Generated_Source\PSoC5/Cm3Start.c ****     #endif /* ((CYDEV_BOOTLOADER_ENABLE) && (CYDEV_PROJ_TYPE != CYDEV_PROJ_TYPE_LOADABLEANDBOOTLOAD
 328:.\Generated_Source\PSoC5/Cm3Start.c **** 
 329:.\Generated_Source\PSoC5/Cm3Start.c ****     Start_c();
 188              		.loc 1 329 0
 189 001c FFF7FEFF 		bl	Start_c
 190              	.L13:
 191              		.align	2
 192              	.L12:
 193 0020 E8460040 		.word	1073759976
 194 0024 BC760040 		.word	1073772220
 195 0028 FA460040 		.word	1073759994
 196              		.cfi_endproc
 197              	.LFE3:
 198              		.size	Reset, .-Reset
 199              		.section	.text.Start_c,"ax",%progbits
 200              		.align	2
 201              		.global	Start_c
 202              		.thumb
 203              		.thumb_func
 204              		.type	Start_c, %function
 205              	Start_c:
 206              	.LFB4:
 330:.\Generated_Source\PSoC5/Cm3Start.c **** }
 331:.\Generated_Source\PSoC5/Cm3Start.c **** 
 332:.\Generated_Source\PSoC5/Cm3Start.c **** 
 333:.\Generated_Source\PSoC5/Cm3Start.c **** /*******************************************************************************
 334:.\Generated_Source\PSoC5/Cm3Start.c **** * Function Name: Start_c
 335:.\Generated_Source\PSoC5/Cm3Start.c **** ********************************************************************************
 336:.\Generated_Source\PSoC5/Cm3Start.c **** *
 337:.\Generated_Source\PSoC5/Cm3Start.c **** * Summary:
 338:.\Generated_Source\PSoC5/Cm3Start.c **** *  This function handles initializing the .data and .bss sections in
 339:.\Generated_Source\PSoC5/Cm3Start.c **** *  preparation for running the standard C code.  Once initialization is complete
 340:.\Generated_Source\PSoC5/Cm3Start.c **** *  it will call main(). This function will never return.
 341:.\Generated_Source\PSoC5/Cm3Start.c **** *
 342:.\Generated_Source\PSoC5/Cm3Start.c **** * Parameters:
 343:.\Generated_Source\PSoC5/Cm3Start.c **** *  None
 344:.\Generated_Source\PSoC5/Cm3Start.c **** *
 345:.\Generated_Source\PSoC5/Cm3Start.c **** * Return:
 346:.\Generated_Source\PSoC5/Cm3Start.c **** *  None
 347:.\Generated_Source\PSoC5/Cm3Start.c **** *
 348:.\Generated_Source\PSoC5/Cm3Start.c **** *******************************************************************************/
 349:.\Generated_Source\PSoC5/Cm3Start.c **** void Start_c(void)  __attribute__ ((noreturn));
 350:.\Generated_Source\PSoC5/Cm3Start.c **** void Start_c(void)
 351:.\Generated_Source\PSoC5/Cm3Start.c **** {
 207              		.loc 1 351 0
 208              		.cfi_startproc
 209              		@ args = 0, pretend = 0, frame = 24
 210              		@ frame_needed = 1, uses_anonymous_args = 0
 211 0000 80B5     		push	{r7, lr}
ARM GAS  C:\Users\SISTEM~1\AppData\Local\Temp\ccHIOCpG.s 			page 11


 212              		.cfi_def_cfa_offset 8
 213              		.cfi_offset 7, -8
 214              		.cfi_offset 14, -4
 215 0002 86B0     		sub	sp, sp, #24
 216              		.cfi_def_cfa_offset 32
 217 0004 00AF     		add	r7, sp, #0
 218              		.cfi_def_cfa_register 7
 352:.\Generated_Source\PSoC5/Cm3Start.c ****     unsigned regions = __cy_region_num;
 219              		.loc 1 352 0
 220 0006 224B     		ldr	r3, .L22
 221 0008 7B61     		str	r3, [r7, #20]
 353:.\Generated_Source\PSoC5/Cm3Start.c ****     const struct __cy_region *rptr = __cy_regions;
 222              		.loc 1 353 0
 223 000a 224B     		ldr	r3, .L22+4
 224 000c 3B61     		str	r3, [r7, #16]
 354:.\Generated_Source\PSoC5/Cm3Start.c **** 
 355:.\Generated_Source\PSoC5/Cm3Start.c ****     /* Initialize memory */
 356:.\Generated_Source\PSoC5/Cm3Start.c ****     for (regions = __cy_region_num; regions != 0u; regions--)
 225              		.loc 1 356 0
 226 000e 204B     		ldr	r3, .L22
 227 0010 7B61     		str	r3, [r7, #20]
 228 0012 35E0     		b	.L15
 229              	.L20:
 230              	.LBB2:
 357:.\Generated_Source\PSoC5/Cm3Start.c ****     {
 358:.\Generated_Source\PSoC5/Cm3Start.c ****         uint32 *src = (uint32 *)rptr->init;
 231              		.loc 1 358 0
 232 0014 3B69     		ldr	r3, [r7, #16]
 233 0016 1B68     		ldr	r3, [r3]
 234 0018 FB60     		str	r3, [r7, #12]
 359:.\Generated_Source\PSoC5/Cm3Start.c ****         uint32 *dst = (uint32 *)rptr->data;
 235              		.loc 1 359 0
 236 001a 3B69     		ldr	r3, [r7, #16]
 237 001c 5B68     		ldr	r3, [r3, #4]
 238 001e BB60     		str	r3, [r7, #8]
 360:.\Generated_Source\PSoC5/Cm3Start.c ****         unsigned limit = rptr->init_size;
 239              		.loc 1 360 0
 240 0020 3B69     		ldr	r3, [r7, #16]
 241 0022 9B68     		ldr	r3, [r3, #8]
 242 0024 3B60     		str	r3, [r7]
 361:.\Generated_Source\PSoC5/Cm3Start.c ****         unsigned count;
 362:.\Generated_Source\PSoC5/Cm3Start.c **** 
 363:.\Generated_Source\PSoC5/Cm3Start.c ****         for (count = 0u; count != limit; count += sizeof (uint32))
 243              		.loc 1 363 0
 244 0026 0023     		movs	r3, #0
 245 0028 7B60     		str	r3, [r7, #4]
 246 002a 0CE0     		b	.L16
 247              	.L17:
 364:.\Generated_Source\PSoC5/Cm3Start.c ****         {
 365:.\Generated_Source\PSoC5/Cm3Start.c ****             *dst = *src;
 248              		.loc 1 365 0 discriminator 2
 249 002c FB68     		ldr	r3, [r7, #12]
 250 002e 1A68     		ldr	r2, [r3]
 251 0030 BB68     		ldr	r3, [r7, #8]
 252 0032 1A60     		str	r2, [r3]
 366:.\Generated_Source\PSoC5/Cm3Start.c ****             dst++;
 253              		.loc 1 366 0 discriminator 2
ARM GAS  C:\Users\SISTEM~1\AppData\Local\Temp\ccHIOCpG.s 			page 12


 254 0034 BB68     		ldr	r3, [r7, #8]
 255 0036 0433     		adds	r3, r3, #4
 256 0038 BB60     		str	r3, [r7, #8]
 367:.\Generated_Source\PSoC5/Cm3Start.c ****             src++;
 257              		.loc 1 367 0 discriminator 2
 258 003a FB68     		ldr	r3, [r7, #12]
 259 003c 0433     		adds	r3, r3, #4
 260 003e FB60     		str	r3, [r7, #12]
 363:.\Generated_Source\PSoC5/Cm3Start.c ****         for (count = 0u; count != limit; count += sizeof (uint32))
 261              		.loc 1 363 0 discriminator 2
 262 0040 7B68     		ldr	r3, [r7, #4]
 263 0042 0433     		adds	r3, r3, #4
 264 0044 7B60     		str	r3, [r7, #4]
 265              	.L16:
 363:.\Generated_Source\PSoC5/Cm3Start.c ****         for (count = 0u; count != limit; count += sizeof (uint32))
 266              		.loc 1 363 0 is_stmt 0 discriminator 1
 267 0046 7A68     		ldr	r2, [r7, #4]
 268 0048 3B68     		ldr	r3, [r7]
 269 004a 9A42     		cmp	r2, r3
 270 004c EED1     		bne	.L17
 368:.\Generated_Source\PSoC5/Cm3Start.c ****         }
 369:.\Generated_Source\PSoC5/Cm3Start.c ****         limit = rptr->zero_size;
 271              		.loc 1 369 0 is_stmt 1
 272 004e 3B69     		ldr	r3, [r7, #16]
 273 0050 DB68     		ldr	r3, [r3, #12]
 274 0052 3B60     		str	r3, [r7]
 370:.\Generated_Source\PSoC5/Cm3Start.c ****         for (count = 0u; count != limit; count += sizeof (uint32))
 275              		.loc 1 370 0
 276 0054 0023     		movs	r3, #0
 277 0056 7B60     		str	r3, [r7, #4]
 278 0058 08E0     		b	.L18
 279              	.L19:
 371:.\Generated_Source\PSoC5/Cm3Start.c ****         {
 372:.\Generated_Source\PSoC5/Cm3Start.c ****             *dst = 0u;
 280              		.loc 1 372 0 discriminator 2
 281 005a BB68     		ldr	r3, [r7, #8]
 282 005c 0022     		movs	r2, #0
 283 005e 1A60     		str	r2, [r3]
 373:.\Generated_Source\PSoC5/Cm3Start.c ****             dst++;
 284              		.loc 1 373 0 discriminator 2
 285 0060 BB68     		ldr	r3, [r7, #8]
 286 0062 0433     		adds	r3, r3, #4
 287 0064 BB60     		str	r3, [r7, #8]
 370:.\Generated_Source\PSoC5/Cm3Start.c ****         for (count = 0u; count != limit; count += sizeof (uint32))
 288              		.loc 1 370 0 discriminator 2
 289 0066 7B68     		ldr	r3, [r7, #4]
 290 0068 0433     		adds	r3, r3, #4
 291 006a 7B60     		str	r3, [r7, #4]
 292              	.L18:
 370:.\Generated_Source\PSoC5/Cm3Start.c ****         for (count = 0u; count != limit; count += sizeof (uint32))
 293              		.loc 1 370 0 is_stmt 0 discriminator 1
 294 006c 7A68     		ldr	r2, [r7, #4]
 295 006e 3B68     		ldr	r3, [r7]
 296 0070 9A42     		cmp	r2, r3
 297 0072 F2D1     		bne	.L19
 374:.\Generated_Source\PSoC5/Cm3Start.c ****         }
 375:.\Generated_Source\PSoC5/Cm3Start.c **** 
ARM GAS  C:\Users\SISTEM~1\AppData\Local\Temp\ccHIOCpG.s 			page 13


 376:.\Generated_Source\PSoC5/Cm3Start.c ****         rptr++;
 298              		.loc 1 376 0 is_stmt 1
 299 0074 3B69     		ldr	r3, [r7, #16]
 300 0076 1033     		adds	r3, r3, #16
 301 0078 3B61     		str	r3, [r7, #16]
 302              	.LBE2:
 356:.\Generated_Source\PSoC5/Cm3Start.c ****     for (regions = __cy_region_num; regions != 0u; regions--)
 303              		.loc 1 356 0
 304 007a 7B69     		ldr	r3, [r7, #20]
 305 007c 013B     		subs	r3, r3, #1
 306 007e 7B61     		str	r3, [r7, #20]
 307              	.L15:
 356:.\Generated_Source\PSoC5/Cm3Start.c ****     for (regions = __cy_region_num; regions != 0u; regions--)
 308              		.loc 1 356 0 is_stmt 0 discriminator 1
 309 0080 7B69     		ldr	r3, [r7, #20]
 310 0082 002B     		cmp	r3, #0
 311 0084 C6D1     		bne	.L20
 377:.\Generated_Source\PSoC5/Cm3Start.c ****     }
 378:.\Generated_Source\PSoC5/Cm3Start.c **** 
 379:.\Generated_Source\PSoC5/Cm3Start.c ****     /* Invoke static objects constructors */
 380:.\Generated_Source\PSoC5/Cm3Start.c ****     __libc_init_array();
 312              		.loc 1 380 0 is_stmt 1
 313 0086 FFF7FEFF 		bl	__libc_init_array
 381:.\Generated_Source\PSoC5/Cm3Start.c ****     (void) main();
 314              		.loc 1 381 0
 315 008a FFF7FEFF 		bl	main
 316              	.L21:
 382:.\Generated_Source\PSoC5/Cm3Start.c **** 
 383:.\Generated_Source\PSoC5/Cm3Start.c ****     while (1)
 384:.\Generated_Source\PSoC5/Cm3Start.c ****     {
 385:.\Generated_Source\PSoC5/Cm3Start.c ****         /* If main returns, make sure we don't return. */
 386:.\Generated_Source\PSoC5/Cm3Start.c ****     }
 317              		.loc 1 386 0 discriminator 1
 318 008e FEE7     		b	.L21
 319              	.L23:
 320              		.align	2
 321              	.L22:
 322 0090 00000000 		.word	__cy_region_num
 323 0094 00000000 		.word	__cy_regions
 324              		.cfi_endproc
 325              	.LFE4:
 326              		.size	Start_c, .-Start_c
 327              		.global	RomVectors
 328              		.section	.romvectors,"a",%progbits
 329              		.align	2
 330              		.type	RomVectors, %object
 331              		.size	RomVectors, 16
 332              	RomVectors:
 333 0000 00000000 		.word	__cy_stack
 334 0004 00000000 		.word	Reset
 335 0008 00000000 		.word	IntDefaultHandler
 336 000c 00000000 		.word	IntDefaultHandler
 337              		.section	.text.initialize_psoc,"ax",%progbits
 338              		.align	2
 339              		.global	initialize_psoc
 340              		.thumb
 341              		.thumb_func
ARM GAS  C:\Users\SISTEM~1\AppData\Local\Temp\ccHIOCpG.s 			page 14


 342              		.type	initialize_psoc, %function
 343              	initialize_psoc:
 344              	.LFB5:
 387:.\Generated_Source\PSoC5/Cm3Start.c **** }
 388:.\Generated_Source\PSoC5/Cm3Start.c **** 
 389:.\Generated_Source\PSoC5/Cm3Start.c **** 
 390:.\Generated_Source\PSoC5/Cm3Start.c **** #elif defined (__ICCARM__)
 391:.\Generated_Source\PSoC5/Cm3Start.c **** 
 392:.\Generated_Source\PSoC5/Cm3Start.c **** /*******************************************************************************
 393:.\Generated_Source\PSoC5/Cm3Start.c **** * Function Name: __low_level_init
 394:.\Generated_Source\PSoC5/Cm3Start.c **** ********************************************************************************
 395:.\Generated_Source\PSoC5/Cm3Start.c **** *
 396:.\Generated_Source\PSoC5/Cm3Start.c **** * Summary:
 397:.\Generated_Source\PSoC5/Cm3Start.c **** *  This function performs early initializations for the IAR Embedded
 398:.\Generated_Source\PSoC5/Cm3Start.c **** *  Workbench IDE. It is executed in the context of a reset interrupt handler
 399:.\Generated_Source\PSoC5/Cm3Start.c **** *  before the data sections are initialized.
 400:.\Generated_Source\PSoC5/Cm3Start.c **** *
 401:.\Generated_Source\PSoC5/Cm3Start.c **** * Parameters:
 402:.\Generated_Source\PSoC5/Cm3Start.c **** *  None
 403:.\Generated_Source\PSoC5/Cm3Start.c **** *
 404:.\Generated_Source\PSoC5/Cm3Start.c **** * Return:
 405:.\Generated_Source\PSoC5/Cm3Start.c **** *  The value that determines whether or not data sections should be initialized
 406:.\Generated_Source\PSoC5/Cm3Start.c **** *  by the system startup code:
 407:.\Generated_Source\PSoC5/Cm3Start.c **** *    0 - skip data sections initialization;
 408:.\Generated_Source\PSoC5/Cm3Start.c **** *    1 - initialize data sections;
 409:.\Generated_Source\PSoC5/Cm3Start.c **** *
 410:.\Generated_Source\PSoC5/Cm3Start.c **** *******************************************************************************/
 411:.\Generated_Source\PSoC5/Cm3Start.c **** int __low_level_init(void)
 412:.\Generated_Source\PSoC5/Cm3Start.c **** {
 413:.\Generated_Source\PSoC5/Cm3Start.c ****     #if (CYDEV_PROJ_TYPE != CYDEV_PROJ_TYPE_LOADABLE && CYDEV_PROJ_TYPE != CYDEV_PROJ_TYPE_LOADABLE
 414:.\Generated_Source\PSoC5/Cm3Start.c **** 
 415:.\Generated_Source\PSoC5/Cm3Start.c ****         /* For PSoC 5LP, debugging is enabled by default */
 416:.\Generated_Source\PSoC5/Cm3Start.c ****         #if(CYDEV_DEBUGGING_ENABLE == 0)
 417:.\Generated_Source\PSoC5/Cm3Start.c ****             *(reg32 *)(CYDEV_DEBUG_ENABLE_REGISTER) |= CYDEV_DEBUG_ENABLE_MASK;
 418:.\Generated_Source\PSoC5/Cm3Start.c ****         #endif /* (CYDEV_DEBUGGING_ENABLE) */
 419:.\Generated_Source\PSoC5/Cm3Start.c **** 
 420:.\Generated_Source\PSoC5/Cm3Start.c ****         /* Reset Status Register has Read-to-clear SW access mode.
 421:.\Generated_Source\PSoC5/Cm3Start.c ****         * Preserve current RESET_SR0 state to make it available for next reading.
 422:.\Generated_Source\PSoC5/Cm3Start.c ****         */
 423:.\Generated_Source\PSoC5/Cm3Start.c ****         *(reg32 *)(CYREG_PHUB_CFGMEM23_CFG1) = *(reg32 *)(CYREG_RESET_SR0);
 424:.\Generated_Source\PSoC5/Cm3Start.c **** 
 425:.\Generated_Source\PSoC5/Cm3Start.c ****     #endif  /* (CYDEV_PROJ_TYPE != CYDEV_PROJ_TYPE_LOADABLE && CYDEV_PROJ_TYPE != CYDEV_PROJ_TYPE_L
 426:.\Generated_Source\PSoC5/Cm3Start.c **** 
 427:.\Generated_Source\PSoC5/Cm3Start.c ****     #if ((CYDEV_BOOTLOADER_ENABLE) && (CYDEV_PROJ_TYPE != CYDEV_PROJ_TYPE_LOADABLEANDBOOTLOADER))
 428:.\Generated_Source\PSoC5/Cm3Start.c ****         CyBtldr_CheckLaunch();
 429:.\Generated_Source\PSoC5/Cm3Start.c ****     #endif /* ((CYDEV_BOOTLOADER_ENABLE) && (CYDEV_PROJ_TYPE != CYDEV_PROJ_TYPE_LOADABLEANDBOOTLOAD
 430:.\Generated_Source\PSoC5/Cm3Start.c **** 
 431:.\Generated_Source\PSoC5/Cm3Start.c ****     /* Initialize data sections */
 432:.\Generated_Source\PSoC5/Cm3Start.c ****     __iar_data_init3();
 433:.\Generated_Source\PSoC5/Cm3Start.c **** 
 434:.\Generated_Source\PSoC5/Cm3Start.c ****     initialize_psoc();
 435:.\Generated_Source\PSoC5/Cm3Start.c **** 
 436:.\Generated_Source\PSoC5/Cm3Start.c ****     return 0;
 437:.\Generated_Source\PSoC5/Cm3Start.c **** }
 438:.\Generated_Source\PSoC5/Cm3Start.c **** 
 439:.\Generated_Source\PSoC5/Cm3Start.c **** #endif /* __GNUC__ */
 440:.\Generated_Source\PSoC5/Cm3Start.c **** 
ARM GAS  C:\Users\SISTEM~1\AppData\Local\Temp\ccHIOCpG.s 			page 15


 441:.\Generated_Source\PSoC5/Cm3Start.c **** 
 442:.\Generated_Source\PSoC5/Cm3Start.c **** /*******************************************************************************
 443:.\Generated_Source\PSoC5/Cm3Start.c **** *
 444:.\Generated_Source\PSoC5/Cm3Start.c **** * Default Rom Interrupt Vector table.
 445:.\Generated_Source\PSoC5/Cm3Start.c **** *
 446:.\Generated_Source\PSoC5/Cm3Start.c **** *******************************************************************************/
 447:.\Generated_Source\PSoC5/Cm3Start.c **** #if defined(__ARMCC_VERSION)
 448:.\Generated_Source\PSoC5/Cm3Start.c ****     /* Suppress diagnostic message 1296-D: extended constant initialiser used */
 449:.\Generated_Source\PSoC5/Cm3Start.c ****     #pragma diag_suppress 1296
 450:.\Generated_Source\PSoC5/Cm3Start.c **** #endif  /* defined(__ARMCC_VERSION) */
 451:.\Generated_Source\PSoC5/Cm3Start.c **** 
 452:.\Generated_Source\PSoC5/Cm3Start.c **** #if defined (__ICCARM__)
 453:.\Generated_Source\PSoC5/Cm3Start.c ****     #pragma location=".romvectors"
 454:.\Generated_Source\PSoC5/Cm3Start.c ****     const intvec_elem __vector_table[CY_NUM_ROM_VECTORS] =
 455:.\Generated_Source\PSoC5/Cm3Start.c **** #else
 456:.\Generated_Source\PSoC5/Cm3Start.c ****     CY_SECTION(".romvectors")
 457:.\Generated_Source\PSoC5/Cm3Start.c ****     const cyisraddress RomVectors[CY_NUM_ROM_VECTORS] =
 458:.\Generated_Source\PSoC5/Cm3Start.c **** #endif  /* defined (__ICCARM__) */
 459:.\Generated_Source\PSoC5/Cm3Start.c **** {
 460:.\Generated_Source\PSoC5/Cm3Start.c ****     INITIAL_STACK_POINTER,   /* Initial stack pointer  0 */
 461:.\Generated_Source\PSoC5/Cm3Start.c ****     #if defined (__ICCARM__) /* Reset handler          1 */
 462:.\Generated_Source\PSoC5/Cm3Start.c ****         __iar_program_start,
 463:.\Generated_Source\PSoC5/Cm3Start.c ****     #else
 464:.\Generated_Source\PSoC5/Cm3Start.c ****         (cyisraddress)&Reset,
 465:.\Generated_Source\PSoC5/Cm3Start.c ****     #endif  /* defined (__ICCARM__) */
 466:.\Generated_Source\PSoC5/Cm3Start.c ****     &IntDefaultHandler,      /* NMI handler            2 */
 467:.\Generated_Source\PSoC5/Cm3Start.c ****     &IntDefaultHandler,      /* Hard fault handler     3 */
 468:.\Generated_Source\PSoC5/Cm3Start.c **** };
 469:.\Generated_Source\PSoC5/Cm3Start.c **** 
 470:.\Generated_Source\PSoC5/Cm3Start.c **** #if defined(__ARMCC_VERSION)
 471:.\Generated_Source\PSoC5/Cm3Start.c ****     #pragma diag_default 1296
 472:.\Generated_Source\PSoC5/Cm3Start.c **** #endif  /* defined(__ARMCC_VERSION) */
 473:.\Generated_Source\PSoC5/Cm3Start.c **** 
 474:.\Generated_Source\PSoC5/Cm3Start.c **** 
 475:.\Generated_Source\PSoC5/Cm3Start.c **** /*******************************************************************************
 476:.\Generated_Source\PSoC5/Cm3Start.c **** * Function Name: initialize_psoc
 477:.\Generated_Source\PSoC5/Cm3Start.c **** ********************************************************************************
 478:.\Generated_Source\PSoC5/Cm3Start.c **** *
 479:.\Generated_Source\PSoC5/Cm3Start.c **** * Summary:
 480:.\Generated_Source\PSoC5/Cm3Start.c **** *  This function used to initialize the PSoC chip before calling main.
 481:.\Generated_Source\PSoC5/Cm3Start.c **** *
 482:.\Generated_Source\PSoC5/Cm3Start.c **** * Parameters:
 483:.\Generated_Source\PSoC5/Cm3Start.c **** *  None
 484:.\Generated_Source\PSoC5/Cm3Start.c **** *
 485:.\Generated_Source\PSoC5/Cm3Start.c **** * Return:
 486:.\Generated_Source\PSoC5/Cm3Start.c **** *  None
 487:.\Generated_Source\PSoC5/Cm3Start.c **** *
 488:.\Generated_Source\PSoC5/Cm3Start.c **** *******************************************************************************/
 489:.\Generated_Source\PSoC5/Cm3Start.c **** #if (defined(__GNUC__) && !defined(__ARMCC_VERSION))
 490:.\Generated_Source\PSoC5/Cm3Start.c **** __attribute__ ((constructor(101)))
 491:.\Generated_Source\PSoC5/Cm3Start.c **** #endif
 492:.\Generated_Source\PSoC5/Cm3Start.c **** void initialize_psoc(void)
 493:.\Generated_Source\PSoC5/Cm3Start.c **** {
 345              		.loc 1 493 0
 346              		.cfi_startproc
 347              		@ args = 0, pretend = 0, frame = 8
 348              		@ frame_needed = 1, uses_anonymous_args = 0
ARM GAS  C:\Users\SISTEM~1\AppData\Local\Temp\ccHIOCpG.s 			page 16


 349 0000 80B5     		push	{r7, lr}
 350              		.cfi_def_cfa_offset 8
 351              		.cfi_offset 7, -8
 352              		.cfi_offset 14, -4
 353 0002 82B0     		sub	sp, sp, #8
 354              		.cfi_def_cfa_offset 16
 355 0004 00AF     		add	r7, sp, #0
 356              		.cfi_def_cfa_register 7
 494:.\Generated_Source\PSoC5/Cm3Start.c ****     uint32 i;
 495:.\Generated_Source\PSoC5/Cm3Start.c **** 
 496:.\Generated_Source\PSoC5/Cm3Start.c ****     /* Set Priority group 5. */
 497:.\Generated_Source\PSoC5/Cm3Start.c **** 
 498:.\Generated_Source\PSoC5/Cm3Start.c ****     /* Writes to NVIC_APINT register require the VECTKEY in the upper half */
 499:.\Generated_Source\PSoC5/Cm3Start.c ****     *CY_NVIC_APINT_PTR = CY_NVIC_APINT_VECTKEY | CY_NVIC_APINT_PRIGROUP_3_5;
 357              		.loc 1 499 0
 358 0006 174B     		ldr	r3, .L29
 359 0008 174A     		ldr	r2, .L29+4
 360 000a 1A60     		str	r2, [r3]
 500:.\Generated_Source\PSoC5/Cm3Start.c ****     *CY_NVIC_CFG_CTRL_PTR |= CY_NVIC_CFG_STACKALIGN;
 361              		.loc 1 500 0
 362 000c 174B     		ldr	r3, .L29+8
 363 000e 174A     		ldr	r2, .L29+8
 364 0010 1268     		ldr	r2, [r2]
 365 0012 42F40072 		orr	r2, r2, #512
 366 0016 1A60     		str	r2, [r3]
 501:.\Generated_Source\PSoC5/Cm3Start.c **** 
 502:.\Generated_Source\PSoC5/Cm3Start.c ****     /* Set Ram interrupt vectors to default functions. */
 503:.\Generated_Source\PSoC5/Cm3Start.c ****     for (i = 0u; i < CY_NUM_VECTORS; i++)
 367              		.loc 1 503 0
 368 0018 0023     		movs	r3, #0
 369 001a 7B60     		str	r3, [r7, #4]
 370 001c 0FE0     		b	.L25
 371              	.L28:
 504:.\Generated_Source\PSoC5/Cm3Start.c ****     {
 505:.\Generated_Source\PSoC5/Cm3Start.c ****         #if defined (__ICCARM__)
 506:.\Generated_Source\PSoC5/Cm3Start.c ****             CyRamVectors[i] = (i < CY_NUM_ROM_VECTORS) ? __vector_table[i].__fun : &IntDefaultHandl
 507:.\Generated_Source\PSoC5/Cm3Start.c ****         #else
 508:.\Generated_Source\PSoC5/Cm3Start.c ****             CyRamVectors[i] = (i < CY_NUM_ROM_VECTORS) ? RomVectors[i] : &IntDefaultHandler;
 372              		.loc 1 508 0
 373 001e 7B68     		ldr	r3, [r7, #4]
 374 0020 032B     		cmp	r3, #3
 375 0022 04D8     		bhi	.L26
 376              		.loc 1 508 0 is_stmt 0 discriminator 1
 377 0024 124B     		ldr	r3, .L29+12
 378 0026 7A68     		ldr	r2, [r7, #4]
 379 0028 53F82230 		ldr	r3, [r3, r2, lsl #2]
 380 002c 00E0     		b	.L27
 381              	.L26:
 382              		.loc 1 508 0 discriminator 2
 383 002e 114B     		ldr	r3, .L29+16
 384              	.L27:
 385              		.loc 1 508 0 discriminator 3
 386 0030 114A     		ldr	r2, .L29+20
 387 0032 7968     		ldr	r1, [r7, #4]
 388 0034 42F82130 		str	r3, [r2, r1, lsl #2]
 503:.\Generated_Source\PSoC5/Cm3Start.c ****     for (i = 0u; i < CY_NUM_VECTORS; i++)
 389              		.loc 1 503 0 is_stmt 1 discriminator 3
ARM GAS  C:\Users\SISTEM~1\AppData\Local\Temp\ccHIOCpG.s 			page 17


 390 0038 7B68     		ldr	r3, [r7, #4]
 391 003a 0133     		adds	r3, r3, #1
 392 003c 7B60     		str	r3, [r7, #4]
 393              	.L25:
 503:.\Generated_Source\PSoC5/Cm3Start.c ****     for (i = 0u; i < CY_NUM_VECTORS; i++)
 394              		.loc 1 503 0 is_stmt 0 discriminator 1
 395 003e 7B68     		ldr	r3, [r7, #4]
 396 0040 2F2B     		cmp	r3, #47
 397 0042 ECD9     		bls	.L28
 509:.\Generated_Source\PSoC5/Cm3Start.c ****         #endif  /* defined (__ICCARM__) */
 510:.\Generated_Source\PSoC5/Cm3Start.c ****     }
 511:.\Generated_Source\PSoC5/Cm3Start.c **** 
 512:.\Generated_Source\PSoC5/Cm3Start.c ****     /* Was stored in CFGMEM to avoid being cleared while SRAM gets cleared */
 513:.\Generated_Source\PSoC5/Cm3Start.c ****     CyResetStatus = CY_GET_REG8(CYREG_PHUB_CFGMEM23_CFG1);
 398              		.loc 1 513 0 is_stmt 1
 399 0044 0D4B     		ldr	r3, .L29+24
 400 0046 1B78     		ldrb	r3, [r3]
 401 0048 DAB2     		uxtb	r2, r3
 402 004a 0D4B     		ldr	r3, .L29+28
 403 004c 1A70     		strb	r2, [r3]
 514:.\Generated_Source\PSoC5/Cm3Start.c **** 
 515:.\Generated_Source\PSoC5/Cm3Start.c ****     /* Point NVIC at RAM vector table. */
 516:.\Generated_Source\PSoC5/Cm3Start.c ****     *CYINT_VECT_TABLE = CyRamVectors;
 404              		.loc 1 516 0
 405 004e 0D4B     		ldr	r3, .L29+32
 406 0050 094A     		ldr	r2, .L29+20
 407 0052 1A60     		str	r2, [r3]
 517:.\Generated_Source\PSoC5/Cm3Start.c **** 
 518:.\Generated_Source\PSoC5/Cm3Start.c ****     /* Initialize the configuration registers. */
 519:.\Generated_Source\PSoC5/Cm3Start.c ****     cyfitter_cfg();
 408              		.loc 1 519 0
 409 0054 FFF7FEFF 		bl	cyfitter_cfg
 520:.\Generated_Source\PSoC5/Cm3Start.c **** 
 521:.\Generated_Source\PSoC5/Cm3Start.c ****     #if(0u != DMA_CHANNELS_USED__MASK0)
 522:.\Generated_Source\PSoC5/Cm3Start.c **** 
 523:.\Generated_Source\PSoC5/Cm3Start.c ****         /* Setup DMA - only necessary if design contains DMA component. */
 524:.\Generated_Source\PSoC5/Cm3Start.c ****         CyDmacConfigure();
 525:.\Generated_Source\PSoC5/Cm3Start.c **** 
 526:.\Generated_Source\PSoC5/Cm3Start.c ****     #endif  /* (0u != DMA_CHANNELS_USED__MASK0) */
 527:.\Generated_Source\PSoC5/Cm3Start.c **** 
 528:.\Generated_Source\PSoC5/Cm3Start.c ****     #if !defined (__ICCARM__)
 529:.\Generated_Source\PSoC5/Cm3Start.c ****         /* Actually, no need to clean this variable, just to make compiler happy. */
 530:.\Generated_Source\PSoC5/Cm3Start.c ****         cySysNoInitDataValid = 0u;
 410              		.loc 1 530 0
 411 0058 0B4B     		ldr	r3, .L29+36
 412 005a 0022     		movs	r2, #0
 413 005c 1A60     		str	r2, [r3]
 531:.\Generated_Source\PSoC5/Cm3Start.c ****     #endif  /* !defined (__ICCARM__) */
 532:.\Generated_Source\PSoC5/Cm3Start.c **** }
 414              		.loc 1 532 0
 415 005e 0837     		adds	r7, r7, #8
 416 0060 BD46     		mov	sp, r7
 417              		@ sp needed
 418 0062 80BD     		pop	{r7, pc}
 419              	.L30:
 420              		.align	2
 421              	.L29:
ARM GAS  C:\Users\SISTEM~1\AppData\Local\Temp\ccHIOCpG.s 			page 18


 422 0064 0CED00E0 		.word	-536810228
 423 0068 0004FA05 		.word	100271104
 424 006c 14ED00E0 		.word	-536810220
 425 0070 00000000 		.word	RomVectors
 426 0074 00000000 		.word	IntDefaultHandler
 427 0078 00000000 		.word	CyRamVectors
 428 007c BC760040 		.word	1073772220
 429 0080 00000000 		.word	CyResetStatus
 430 0084 08ED00E0 		.word	-536810232
 431 0088 00000000 		.word	cySysNoInitDataValid
 432              		.cfi_endproc
 433              	.LFE5:
 434              		.size	initialize_psoc, .-initialize_psoc
 435              		.section	.init_array,"aw",%init_array
 436              		.align	2
 437 0000 00000000 		.word	initialize_psoc(target1)
 438              		.data
 439              		.align	2
 440              		.type	heapPointer.4945, %object
 441              		.size	heapPointer.4945, 4
 442              	heapPointer.4945:
 443 0000 00000000 		.word	end
 444              		.weak	__cy_region_num
 445              		.text
 446              	.Letext0:
 447              		.file 2 ".\\Generated_Source\\PSoC5\\cytypes.h"
 448              		.file 3 "c:\\program files (x86)\\cypress\\psoc creator\\3.2\\psoc creator\\import\\gnu\\arm\\4.8.
 449              		.file 4 ".\\Generated_Source\\PSoC5\\CyLib.h"
 450              		.section	.debug_info,"",%progbits
 451              	.Ldebug_info0:
 452 0000 13030000 		.4byte	0x313
 453 0004 0400     		.2byte	0x4
 454 0006 00000000 		.4byte	.Ldebug_abbrev0
 455 000a 04       		.byte	0x4
 456 000b 01       		.uleb128 0x1
 457 000c C1000000 		.4byte	.LASF43
 458 0010 01       		.byte	0x1
 459 0011 00000000 		.4byte	.LASF44
 460 0015 70010000 		.4byte	.LASF45
 461 0019 00000000 		.4byte	.Ldebug_ranges0+0
 462 001d 00000000 		.4byte	0
 463 0021 00000000 		.4byte	.Ldebug_line0
 464 0025 02       		.uleb128 0x2
 465 0026 01       		.byte	0x1
 466 0027 06       		.byte	0x6
 467 0028 AB020000 		.4byte	.LASF0
 468 002c 02       		.uleb128 0x2
 469 002d 01       		.byte	0x1
 470 002e 08       		.byte	0x8
 471 002f 9C000000 		.4byte	.LASF1
 472 0033 02       		.uleb128 0x2
 473 0034 02       		.byte	0x2
 474 0035 05       		.byte	0x5
 475 0036 8A020000 		.4byte	.LASF2
 476 003a 02       		.uleb128 0x2
 477 003b 02       		.byte	0x2
 478 003c 07       		.byte	0x7
ARM GAS  C:\Users\SISTEM~1\AppData\Local\Temp\ccHIOCpG.s 			page 19


 479 003d 58000000 		.4byte	.LASF3
 480 0041 02       		.uleb128 0x2
 481 0042 04       		.byte	0x4
 482 0043 05       		.byte	0x5
 483 0044 94020000 		.4byte	.LASF4
 484 0048 02       		.uleb128 0x2
 485 0049 04       		.byte	0x4
 486 004a 07       		.byte	0x7
 487 004b 3D010000 		.4byte	.LASF5
 488 004f 02       		.uleb128 0x2
 489 0050 08       		.byte	0x8
 490 0051 05       		.byte	0x5
 491 0052 77020000 		.4byte	.LASF6
 492 0056 02       		.uleb128 0x2
 493 0057 08       		.byte	0x8
 494 0058 07       		.byte	0x7
 495 0059 24020000 		.4byte	.LASF7
 496 005d 03       		.uleb128 0x3
 497 005e 04       		.byte	0x4
 498 005f 05       		.byte	0x5
 499 0060 696E7400 		.ascii	"int\000"
 500 0064 02       		.uleb128 0x2
 501 0065 04       		.byte	0x4
 502 0066 07       		.byte	0x7
 503 0067 17020000 		.4byte	.LASF8
 504 006b 04       		.uleb128 0x4
 505 006c 64010000 		.4byte	.LASF9
 506 0070 02       		.byte	0x2
 507 0071 B3       		.byte	0xb3
 508 0072 2C000000 		.4byte	0x2c
 509 0076 04       		.uleb128 0x4
 510 0077 10020000 		.4byte	.LASF10
 511 007b 02       		.byte	0x2
 512 007c B5       		.byte	0xb5
 513 007d 48000000 		.4byte	0x48
 514 0081 02       		.uleb128 0x2
 515 0082 04       		.byte	0x4
 516 0083 04       		.byte	0x4
 517 0084 91000000 		.4byte	.LASF11
 518 0088 02       		.uleb128 0x2
 519 0089 08       		.byte	0x8
 520 008a 04       		.byte	0x4
 521 008b B7020000 		.4byte	.LASF12
 522 008f 02       		.uleb128 0x2
 523 0090 01       		.byte	0x1
 524 0091 08       		.byte	0x8
 525 0092 85020000 		.4byte	.LASF13
 526 0096 05       		.uleb128 0x5
 527 0097 69020000 		.4byte	.LASF14
 528 009b 02       		.byte	0x2
 529 009c 5D01     		.2byte	0x15d
 530 009e A2000000 		.4byte	0xa2
 531 00a2 06       		.uleb128 0x6
 532 00a3 6B000000 		.4byte	0x6b
 533 00a7 05       		.uleb128 0x5
 534 00a8 24000000 		.4byte	.LASF15
 535 00ac 02       		.byte	0x2
ARM GAS  C:\Users\SISTEM~1\AppData\Local\Temp\ccHIOCpG.s 			page 20


 536 00ad 5F01     		.2byte	0x15f
 537 00af B3000000 		.4byte	0xb3
 538 00b3 06       		.uleb128 0x6
 539 00b4 76000000 		.4byte	0x76
 540 00b8 05       		.uleb128 0x5
 541 00b9 41020000 		.4byte	.LASF16
 542 00bd 02       		.byte	0x2
 543 00be 6F01     		.2byte	0x16f
 544 00c0 C4000000 		.4byte	0xc4
 545 00c4 07       		.uleb128 0x7
 546 00c5 04       		.byte	0x4
 547 00c6 CA000000 		.4byte	0xca
 548 00ca 08       		.uleb128 0x8
 549 00cb 04       		.uleb128 0x4
 550 00cc 2A000000 		.4byte	.LASF17
 551 00d0 03       		.byte	0x3
 552 00d1 D4       		.byte	0xd4
 553 00d2 64000000 		.4byte	0x64
 554 00d6 02       		.uleb128 0x2
 555 00d7 04       		.byte	0x4
 556 00d8 07       		.byte	0x7
 557 00d9 6E020000 		.4byte	.LASF18
 558 00dd 09       		.uleb128 0x9
 559 00de 04       		.byte	0x4
 560 00df 0A       		.uleb128 0xa
 561 00e0 8F000000 		.4byte	0x8f
 562 00e4 04       		.uleb128 0x4
 563 00e5 58020000 		.4byte	.LASF19
 564 00e9 01       		.byte	0x1
 565 00ea CC       		.byte	0xcc
 566 00eb 2C000000 		.4byte	0x2c
 567 00ef 0B       		.uleb128 0xb
 568 00f0 DA020000 		.4byte	.LASF46
 569 00f4 10       		.byte	0x10
 570 00f5 01       		.byte	0x1
 571 00f6 CE       		.byte	0xce
 572 00f7 2C010000 		.4byte	0x12c
 573 00fb 0C       		.uleb128 0xc
 574 00fc 7B000000 		.4byte	.LASF20
 575 0100 01       		.byte	0x1
 576 0101 D0       		.byte	0xd0
 577 0102 2C010000 		.4byte	0x12c
 578 0106 00       		.byte	0
 579 0107 0C       		.uleb128 0xc
 580 0108 97000000 		.4byte	.LASF21
 581 010c 01       		.byte	0x1
 582 010d D1       		.byte	0xd1
 583 010e 2C010000 		.4byte	0x12c
 584 0112 04       		.byte	0x4
 585 0113 0C       		.uleb128 0xc
 586 0114 4E020000 		.4byte	.LASF22
 587 0118 01       		.byte	0x1
 588 0119 D2       		.byte	0xd2
 589 011a CB000000 		.4byte	0xcb
 590 011e 08       		.byte	0x8
 591 011f 0C       		.uleb128 0xc
 592 0120 87000000 		.4byte	.LASF23
ARM GAS  C:\Users\SISTEM~1\AppData\Local\Temp\ccHIOCpG.s 			page 21


 593 0124 01       		.byte	0x1
 594 0125 D3       		.byte	0xd3
 595 0126 CB000000 		.4byte	0xcb
 596 012a 0C       		.byte	0xc
 597 012b 00       		.byte	0
 598 012c 07       		.uleb128 0x7
 599 012d 04       		.byte	0x4
 600 012e E4000000 		.4byte	0xe4
 601 0132 0D       		.uleb128 0xd
 602 0133 E3010000 		.4byte	.LASF28
 603 0137 01       		.byte	0x1
 604 0138 61       		.byte	0x61
 605 0139 00000000 		.4byte	.LFB0
 606 013d 06000000 		.4byte	.LFE0-.LFB0
 607 0141 01       		.uleb128 0x1
 608 0142 9C       		.byte	0x9c
 609 0143 0E       		.uleb128 0xe
 610 0144 DD010000 		.4byte	.LASF30
 611 0148 01       		.byte	0x1
 612 0149 F1       		.byte	0xf1
 613 014a 00000000 		.4byte	.LFB1
 614 014e 14000000 		.4byte	.LFE1-.LFB1
 615 0152 01       		.uleb128 0x1
 616 0153 9C       		.byte	0x9c
 617 0154 67010000 		.4byte	0x167
 618 0158 0F       		.uleb128 0xf
 619 0159 80000000 		.4byte	.LASF24
 620 015d 01       		.byte	0x1
 621 015e F1       		.byte	0xf1
 622 015f 5D000000 		.4byte	0x5d
 623 0163 02       		.uleb128 0x2
 624 0164 91       		.byte	0x91
 625 0165 74       		.sleb128 -12
 626 0166 00       		.byte	0
 627 0167 10       		.uleb128 0x10
 628 0168 F5010000 		.4byte	.LASF47
 629 016c 01       		.byte	0x1
 630 016d 0F01     		.2byte	0x10f
 631 016f DD000000 		.4byte	0xdd
 632 0173 00000000 		.4byte	.LFB2
 633 0177 54000000 		.4byte	.LFE2-.LFB2
 634 017b 01       		.uleb128 0x1
 635 017c 9C       		.byte	0x9c
 636 017d BE010000 		.4byte	0x1be
 637 0181 11       		.uleb128 0x11
 638 0182 D3020000 		.4byte	.LASF25
 639 0186 01       		.byte	0x1
 640 0187 0F01     		.2byte	0x10f
 641 0189 5D000000 		.4byte	0x5d
 642 018d 02       		.uleb128 0x2
 643 018e 91       		.byte	0x91
 644 018f 6C       		.sleb128 -20
 645 0190 12       		.uleb128 0x12
 646 0191 656E6400 		.ascii	"end\000"
 647 0195 01       		.byte	0x1
 648 0196 1101     		.2byte	0x111
 649 0198 5D000000 		.4byte	0x5d
ARM GAS  C:\Users\SISTEM~1\AppData\Local\Temp\ccHIOCpG.s 			page 22


 650 019c 13       		.uleb128 0x13
 651 019d AA000000 		.4byte	.LASF26
 652 01a1 01       		.byte	0x1
 653 01a2 1201     		.2byte	0x112
 654 01a4 DD000000 		.4byte	0xdd
 655 01a8 02       		.uleb128 0x2
 656 01a9 91       		.byte	0x91
 657 01aa 74       		.sleb128 -12
 658 01ab 13       		.uleb128 0x13
 659 01ac 4C000000 		.4byte	.LASF27
 660 01b0 01       		.byte	0x1
 661 01b1 1501     		.2byte	0x115
 662 01b3 DD000000 		.4byte	0xdd
 663 01b7 05       		.uleb128 0x5
 664 01b8 03       		.byte	0x3
 665 01b9 00000000 		.4byte	heapPointer.4945
 666 01bd 00       		.byte	0
 667 01be 14       		.uleb128 0x14
 668 01bf 6A010000 		.4byte	.LASF29
 669 01c3 01       		.byte	0x1
 670 01c4 3501     		.2byte	0x135
 671 01c6 00000000 		.4byte	.LFB3
 672 01ca 2C000000 		.4byte	.LFE3-.LFB3
 673 01ce 01       		.uleb128 0x1
 674 01cf 9C       		.byte	0x9c
 675 01d0 15       		.uleb128 0x15
 676 01d1 3E000000 		.4byte	.LASF31
 677 01d5 01       		.byte	0x1
 678 01d6 5E01     		.2byte	0x15e
 679 01d8 00000000 		.4byte	.LFB4
 680 01dc 98000000 		.4byte	.LFE4-.LFB4
 681 01e0 01       		.uleb128 0x1
 682 01e1 9C       		.byte	0x9c
 683 01e2 4B020000 		.4byte	0x24b
 684 01e6 13       		.uleb128 0x13
 685 01e7 CB020000 		.4byte	.LASF32
 686 01eb 01       		.byte	0x1
 687 01ec 6001     		.2byte	0x160
 688 01ee 64000000 		.4byte	0x64
 689 01f2 02       		.uleb128 0x2
 690 01f3 91       		.byte	0x91
 691 01f4 74       		.sleb128 -12
 692 01f5 13       		.uleb128 0x13
 693 01f6 FB010000 		.4byte	.LASF33
 694 01fa 01       		.byte	0x1
 695 01fb 6101     		.2byte	0x161
 696 01fd 4B020000 		.4byte	0x24b
 697 0201 02       		.uleb128 0x2
 698 0202 91       		.byte	0x91
 699 0203 70       		.sleb128 -16
 700 0204 16       		.uleb128 0x16
 701 0205 14000000 		.4byte	.LBB2
 702 0209 66000000 		.4byte	.LBE2-.LBB2
 703 020d 17       		.uleb128 0x17
 704 020e 73726300 		.ascii	"src\000"
 705 0212 01       		.byte	0x1
 706 0213 6601     		.2byte	0x166
ARM GAS  C:\Users\SISTEM~1\AppData\Local\Temp\ccHIOCpG.s 			page 23


 707 0215 56020000 		.4byte	0x256
 708 0219 02       		.uleb128 0x2
 709 021a 91       		.byte	0x91
 710 021b 6C       		.sleb128 -20
 711 021c 17       		.uleb128 0x17
 712 021d 64737400 		.ascii	"dst\000"
 713 0221 01       		.byte	0x1
 714 0222 6701     		.2byte	0x167
 715 0224 56020000 		.4byte	0x256
 716 0228 02       		.uleb128 0x2
 717 0229 91       		.byte	0x91
 718 022a 68       		.sleb128 -24
 719 022b 13       		.uleb128 0x13
 720 022c 3B020000 		.4byte	.LASF34
 721 0230 01       		.byte	0x1
 722 0231 6801     		.2byte	0x168
 723 0233 64000000 		.4byte	0x64
 724 0237 02       		.uleb128 0x2
 725 0238 91       		.byte	0x91
 726 0239 60       		.sleb128 -32
 727 023a 13       		.uleb128 0x13
 728 023b 46000000 		.4byte	.LASF35
 729 023f 01       		.byte	0x1
 730 0240 6901     		.2byte	0x169
 731 0242 64000000 		.4byte	0x64
 732 0246 02       		.uleb128 0x2
 733 0247 91       		.byte	0x91
 734 0248 64       		.sleb128 -28
 735 0249 00       		.byte	0
 736 024a 00       		.byte	0
 737 024b 07       		.uleb128 0x7
 738 024c 04       		.byte	0x4
 739 024d 51020000 		.4byte	0x251
 740 0251 0A       		.uleb128 0xa
 741 0252 EF000000 		.4byte	0xef
 742 0256 07       		.uleb128 0x7
 743 0257 04       		.byte	0x4
 744 0258 76000000 		.4byte	0x76
 745 025c 15       		.uleb128 0x15
 746 025d 00020000 		.4byte	.LASF36
 747 0261 01       		.byte	0x1
 748 0262 EC01     		.2byte	0x1ec
 749 0264 00000000 		.4byte	.LFB5
 750 0268 8C000000 		.4byte	.LFE5-.LFB5
 751 026c 01       		.uleb128 0x1
 752 026d 9C       		.byte	0x9c
 753 026e 80020000 		.4byte	0x280
 754 0272 17       		.uleb128 0x17
 755 0273 6900     		.ascii	"i\000"
 756 0275 01       		.byte	0x1
 757 0276 EE01     		.2byte	0x1ee
 758 0278 76000000 		.4byte	0x76
 759 027c 02       		.uleb128 0x2
 760 027d 91       		.byte	0x91
 761 027e 74       		.sleb128 -12
 762 027f 00       		.byte	0
 763 0280 18       		.uleb128 0x18
ARM GAS  C:\Users\SISTEM~1\AppData\Local\Temp\ccHIOCpG.s 			page 24


 764 0281 4F010000 		.4byte	.LASF37
 765 0285 01       		.byte	0x1
 766 0286 3E       		.byte	0x3e
 767 0287 76000000 		.4byte	0x76
 768 028b 05       		.uleb128 0x5
 769 028c 03       		.byte	0x3
 770 028d 00000000 		.4byte	cySysNoInitDataValid
 771 0291 19       		.uleb128 0x19
 772 0292 9D020000 		.4byte	.LASF38
 773 0296 04       		.byte	0x4
 774 0297 2D       		.byte	0x2d
 775 0298 6B000000 		.4byte	0x6b
 776 029c 12       		.uleb128 0x12
 777 029d 656E6400 		.ascii	"end\000"
 778 02a1 01       		.byte	0x1
 779 02a2 1101     		.2byte	0x111
 780 02a4 5D000000 		.4byte	0x5d
 781 02a8 1A       		.uleb128 0x1a
 782 02a9 B8000000 		.4byte	0xb8
 783 02ad B8020000 		.4byte	0x2b8
 784 02b1 1B       		.uleb128 0x1b
 785 02b2 D6000000 		.4byte	0xd6
 786 02b6 2F       		.byte	0x2f
 787 02b7 00       		.byte	0
 788 02b8 1C       		.uleb128 0x1c
 789 02b9 31000000 		.4byte	.LASF39
 790 02bd 01       		.byte	0x1
 791 02be 4C       		.byte	0x4c
 792 02bf A8020000 		.4byte	0x2a8
 793 02c3 05       		.uleb128 0x5
 794 02c4 03       		.byte	0x3
 795 02c5 00000000 		.4byte	CyRamVectors
 796 02c9 1A       		.uleb128 0x1a
 797 02ca EF000000 		.4byte	0xef
 798 02ce D4020000 		.4byte	0x2d4
 799 02d2 1D       		.uleb128 0x1d
 800 02d3 00       		.byte	0
 801 02d4 19       		.uleb128 0x19
 802 02d5 BE020000 		.4byte	.LASF40
 803 02d9 01       		.byte	0x1
 804 02da D6       		.byte	0xd6
 805 02db DF020000 		.4byte	0x2df
 806 02df 0A       		.uleb128 0xa
 807 02e0 C9020000 		.4byte	0x2c9
 808 02e4 19       		.uleb128 0x19
 809 02e5 6B000000 		.4byte	.LASF41
 810 02e9 01       		.byte	0x1
 811 02ea D7       		.byte	0xd7
 812 02eb DF000000 		.4byte	0xdf
 813 02ef 1A       		.uleb128 0x1a
 814 02f0 B8000000 		.4byte	0xb8
 815 02f4 FF020000 		.4byte	0x2ff
 816 02f8 1B       		.uleb128 0x1b
 817 02f9 D6000000 		.4byte	0xd6
 818 02fd 03       		.byte	0x3
 819 02fe 00       		.byte	0
 820 02ff 1E       		.uleb128 0x1e
ARM GAS  C:\Users\SISTEM~1\AppData\Local\Temp\ccHIOCpG.s 			page 25


 821 0300 B6000000 		.4byte	.LASF42
 822 0304 01       		.byte	0x1
 823 0305 C901     		.2byte	0x1c9
 824 0307 11030000 		.4byte	0x311
 825 030b 05       		.uleb128 0x5
 826 030c 03       		.byte	0x3
 827 030d 00000000 		.4byte	RomVectors
 828 0311 0A       		.uleb128 0xa
 829 0312 EF020000 		.4byte	0x2ef
 830 0316 00       		.byte	0
 831              		.section	.debug_abbrev,"",%progbits
 832              	.Ldebug_abbrev0:
 833 0000 01       		.uleb128 0x1
 834 0001 11       		.uleb128 0x11
 835 0002 01       		.byte	0x1
 836 0003 25       		.uleb128 0x25
 837 0004 0E       		.uleb128 0xe
 838 0005 13       		.uleb128 0x13
 839 0006 0B       		.uleb128 0xb
 840 0007 03       		.uleb128 0x3
 841 0008 0E       		.uleb128 0xe
 842 0009 1B       		.uleb128 0x1b
 843 000a 0E       		.uleb128 0xe
 844 000b 55       		.uleb128 0x55
 845 000c 17       		.uleb128 0x17
 846 000d 11       		.uleb128 0x11
 847 000e 01       		.uleb128 0x1
 848 000f 10       		.uleb128 0x10
 849 0010 17       		.uleb128 0x17
 850 0011 00       		.byte	0
 851 0012 00       		.byte	0
 852 0013 02       		.uleb128 0x2
 853 0014 24       		.uleb128 0x24
 854 0015 00       		.byte	0
 855 0016 0B       		.uleb128 0xb
 856 0017 0B       		.uleb128 0xb
 857 0018 3E       		.uleb128 0x3e
 858 0019 0B       		.uleb128 0xb
 859 001a 03       		.uleb128 0x3
 860 001b 0E       		.uleb128 0xe
 861 001c 00       		.byte	0
 862 001d 00       		.byte	0
 863 001e 03       		.uleb128 0x3
 864 001f 24       		.uleb128 0x24
 865 0020 00       		.byte	0
 866 0021 0B       		.uleb128 0xb
 867 0022 0B       		.uleb128 0xb
 868 0023 3E       		.uleb128 0x3e
 869 0024 0B       		.uleb128 0xb
 870 0025 03       		.uleb128 0x3
 871 0026 08       		.uleb128 0x8
 872 0027 00       		.byte	0
 873 0028 00       		.byte	0
 874 0029 04       		.uleb128 0x4
 875 002a 16       		.uleb128 0x16
 876 002b 00       		.byte	0
 877 002c 03       		.uleb128 0x3
ARM GAS  C:\Users\SISTEM~1\AppData\Local\Temp\ccHIOCpG.s 			page 26


 878 002d 0E       		.uleb128 0xe
 879 002e 3A       		.uleb128 0x3a
 880 002f 0B       		.uleb128 0xb
 881 0030 3B       		.uleb128 0x3b
 882 0031 0B       		.uleb128 0xb
 883 0032 49       		.uleb128 0x49
 884 0033 13       		.uleb128 0x13
 885 0034 00       		.byte	0
 886 0035 00       		.byte	0
 887 0036 05       		.uleb128 0x5
 888 0037 16       		.uleb128 0x16
 889 0038 00       		.byte	0
 890 0039 03       		.uleb128 0x3
 891 003a 0E       		.uleb128 0xe
 892 003b 3A       		.uleb128 0x3a
 893 003c 0B       		.uleb128 0xb
 894 003d 3B       		.uleb128 0x3b
 895 003e 05       		.uleb128 0x5
 896 003f 49       		.uleb128 0x49
 897 0040 13       		.uleb128 0x13
 898 0041 00       		.byte	0
 899 0042 00       		.byte	0
 900 0043 06       		.uleb128 0x6
 901 0044 35       		.uleb128 0x35
 902 0045 00       		.byte	0
 903 0046 49       		.uleb128 0x49
 904 0047 13       		.uleb128 0x13
 905 0048 00       		.byte	0
 906 0049 00       		.byte	0
 907 004a 07       		.uleb128 0x7
 908 004b 0F       		.uleb128 0xf
 909 004c 00       		.byte	0
 910 004d 0B       		.uleb128 0xb
 911 004e 0B       		.uleb128 0xb
 912 004f 49       		.uleb128 0x49
 913 0050 13       		.uleb128 0x13
 914 0051 00       		.byte	0
 915 0052 00       		.byte	0
 916 0053 08       		.uleb128 0x8
 917 0054 15       		.uleb128 0x15
 918 0055 00       		.byte	0
 919 0056 27       		.uleb128 0x27
 920 0057 19       		.uleb128 0x19
 921 0058 00       		.byte	0
 922 0059 00       		.byte	0
 923 005a 09       		.uleb128 0x9
 924 005b 0F       		.uleb128 0xf
 925 005c 00       		.byte	0
 926 005d 0B       		.uleb128 0xb
 927 005e 0B       		.uleb128 0xb
 928 005f 00       		.byte	0
 929 0060 00       		.byte	0
 930 0061 0A       		.uleb128 0xa
 931 0062 26       		.uleb128 0x26
 932 0063 00       		.byte	0
 933 0064 49       		.uleb128 0x49
 934 0065 13       		.uleb128 0x13
ARM GAS  C:\Users\SISTEM~1\AppData\Local\Temp\ccHIOCpG.s 			page 27


 935 0066 00       		.byte	0
 936 0067 00       		.byte	0
 937 0068 0B       		.uleb128 0xb
 938 0069 13       		.uleb128 0x13
 939 006a 01       		.byte	0x1
 940 006b 03       		.uleb128 0x3
 941 006c 0E       		.uleb128 0xe
 942 006d 0B       		.uleb128 0xb
 943 006e 0B       		.uleb128 0xb
 944 006f 3A       		.uleb128 0x3a
 945 0070 0B       		.uleb128 0xb
 946 0071 3B       		.uleb128 0x3b
 947 0072 0B       		.uleb128 0xb
 948 0073 01       		.uleb128 0x1
 949 0074 13       		.uleb128 0x13
 950 0075 00       		.byte	0
 951 0076 00       		.byte	0
 952 0077 0C       		.uleb128 0xc
 953 0078 0D       		.uleb128 0xd
 954 0079 00       		.byte	0
 955 007a 03       		.uleb128 0x3
 956 007b 0E       		.uleb128 0xe
 957 007c 3A       		.uleb128 0x3a
 958 007d 0B       		.uleb128 0xb
 959 007e 3B       		.uleb128 0x3b
 960 007f 0B       		.uleb128 0xb
 961 0080 49       		.uleb128 0x49
 962 0081 13       		.uleb128 0x13
 963 0082 38       		.uleb128 0x38
 964 0083 0B       		.uleb128 0xb
 965 0084 00       		.byte	0
 966 0085 00       		.byte	0
 967 0086 0D       		.uleb128 0xd
 968 0087 2E       		.uleb128 0x2e
 969 0088 00       		.byte	0
 970 0089 3F       		.uleb128 0x3f
 971 008a 19       		.uleb128 0x19
 972 008b 03       		.uleb128 0x3
 973 008c 0E       		.uleb128 0xe
 974 008d 3A       		.uleb128 0x3a
 975 008e 0B       		.uleb128 0xb
 976 008f 3B       		.uleb128 0x3b
 977 0090 0B       		.uleb128 0xb
 978 0091 27       		.uleb128 0x27
 979 0092 19       		.uleb128 0x19
 980 0093 11       		.uleb128 0x11
 981 0094 01       		.uleb128 0x1
 982 0095 12       		.uleb128 0x12
 983 0096 06       		.uleb128 0x6
 984 0097 40       		.uleb128 0x40
 985 0098 18       		.uleb128 0x18
 986 0099 9742     		.uleb128 0x2117
 987 009b 19       		.uleb128 0x19
 988 009c 00       		.byte	0
 989 009d 00       		.byte	0
 990 009e 0E       		.uleb128 0xe
 991 009f 2E       		.uleb128 0x2e
ARM GAS  C:\Users\SISTEM~1\AppData\Local\Temp\ccHIOCpG.s 			page 28


 992 00a0 01       		.byte	0x1
 993 00a1 3F       		.uleb128 0x3f
 994 00a2 19       		.uleb128 0x19
 995 00a3 03       		.uleb128 0x3
 996 00a4 0E       		.uleb128 0xe
 997 00a5 3A       		.uleb128 0x3a
 998 00a6 0B       		.uleb128 0xb
 999 00a7 3B       		.uleb128 0x3b
 1000 00a8 0B       		.uleb128 0xb
 1001 00a9 27       		.uleb128 0x27
 1002 00aa 19       		.uleb128 0x19
 1003 00ab 11       		.uleb128 0x11
 1004 00ac 01       		.uleb128 0x1
 1005 00ad 12       		.uleb128 0x12
 1006 00ae 06       		.uleb128 0x6
 1007 00af 40       		.uleb128 0x40
 1008 00b0 18       		.uleb128 0x18
 1009 00b1 9642     		.uleb128 0x2116
 1010 00b3 19       		.uleb128 0x19
 1011 00b4 01       		.uleb128 0x1
 1012 00b5 13       		.uleb128 0x13
 1013 00b6 00       		.byte	0
 1014 00b7 00       		.byte	0
 1015 00b8 0F       		.uleb128 0xf
 1016 00b9 05       		.uleb128 0x5
 1017 00ba 00       		.byte	0
 1018 00bb 03       		.uleb128 0x3
 1019 00bc 0E       		.uleb128 0xe
 1020 00bd 3A       		.uleb128 0x3a
 1021 00be 0B       		.uleb128 0xb
 1022 00bf 3B       		.uleb128 0x3b
 1023 00c0 0B       		.uleb128 0xb
 1024 00c1 49       		.uleb128 0x49
 1025 00c2 13       		.uleb128 0x13
 1026 00c3 02       		.uleb128 0x2
 1027 00c4 18       		.uleb128 0x18
 1028 00c5 00       		.byte	0
 1029 00c6 00       		.byte	0
 1030 00c7 10       		.uleb128 0x10
 1031 00c8 2E       		.uleb128 0x2e
 1032 00c9 01       		.byte	0x1
 1033 00ca 3F       		.uleb128 0x3f
 1034 00cb 19       		.uleb128 0x19
 1035 00cc 03       		.uleb128 0x3
 1036 00cd 0E       		.uleb128 0xe
 1037 00ce 3A       		.uleb128 0x3a
 1038 00cf 0B       		.uleb128 0xb
 1039 00d0 3B       		.uleb128 0x3b
 1040 00d1 05       		.uleb128 0x5
 1041 00d2 27       		.uleb128 0x27
 1042 00d3 19       		.uleb128 0x19
 1043 00d4 49       		.uleb128 0x49
 1044 00d5 13       		.uleb128 0x13
 1045 00d6 11       		.uleb128 0x11
 1046 00d7 01       		.uleb128 0x1
 1047 00d8 12       		.uleb128 0x12
 1048 00d9 06       		.uleb128 0x6
ARM GAS  C:\Users\SISTEM~1\AppData\Local\Temp\ccHIOCpG.s 			page 29


 1049 00da 40       		.uleb128 0x40
 1050 00db 18       		.uleb128 0x18
 1051 00dc 9642     		.uleb128 0x2116
 1052 00de 19       		.uleb128 0x19
 1053 00df 01       		.uleb128 0x1
 1054 00e0 13       		.uleb128 0x13
 1055 00e1 00       		.byte	0
 1056 00e2 00       		.byte	0
 1057 00e3 11       		.uleb128 0x11
 1058 00e4 05       		.uleb128 0x5
 1059 00e5 00       		.byte	0
 1060 00e6 03       		.uleb128 0x3
 1061 00e7 0E       		.uleb128 0xe
 1062 00e8 3A       		.uleb128 0x3a
 1063 00e9 0B       		.uleb128 0xb
 1064 00ea 3B       		.uleb128 0x3b
 1065 00eb 05       		.uleb128 0x5
 1066 00ec 49       		.uleb128 0x49
 1067 00ed 13       		.uleb128 0x13
 1068 00ee 02       		.uleb128 0x2
 1069 00ef 18       		.uleb128 0x18
 1070 00f0 00       		.byte	0
 1071 00f1 00       		.byte	0
 1072 00f2 12       		.uleb128 0x12
 1073 00f3 34       		.uleb128 0x34
 1074 00f4 00       		.byte	0
 1075 00f5 03       		.uleb128 0x3
 1076 00f6 08       		.uleb128 0x8
 1077 00f7 3A       		.uleb128 0x3a
 1078 00f8 0B       		.uleb128 0xb
 1079 00f9 3B       		.uleb128 0x3b
 1080 00fa 05       		.uleb128 0x5
 1081 00fb 49       		.uleb128 0x49
 1082 00fc 13       		.uleb128 0x13
 1083 00fd 3F       		.uleb128 0x3f
 1084 00fe 19       		.uleb128 0x19
 1085 00ff 3C       		.uleb128 0x3c
 1086 0100 19       		.uleb128 0x19
 1087 0101 00       		.byte	0
 1088 0102 00       		.byte	0
 1089 0103 13       		.uleb128 0x13
 1090 0104 34       		.uleb128 0x34
 1091 0105 00       		.byte	0
 1092 0106 03       		.uleb128 0x3
 1093 0107 0E       		.uleb128 0xe
 1094 0108 3A       		.uleb128 0x3a
 1095 0109 0B       		.uleb128 0xb
 1096 010a 3B       		.uleb128 0x3b
 1097 010b 05       		.uleb128 0x5
 1098 010c 49       		.uleb128 0x49
 1099 010d 13       		.uleb128 0x13
 1100 010e 02       		.uleb128 0x2
 1101 010f 18       		.uleb128 0x18
 1102 0110 00       		.byte	0
 1103 0111 00       		.byte	0
 1104 0112 14       		.uleb128 0x14
 1105 0113 2E       		.uleb128 0x2e
ARM GAS  C:\Users\SISTEM~1\AppData\Local\Temp\ccHIOCpG.s 			page 30


 1106 0114 00       		.byte	0
 1107 0115 3F       		.uleb128 0x3f
 1108 0116 19       		.uleb128 0x19
 1109 0117 03       		.uleb128 0x3
 1110 0118 0E       		.uleb128 0xe
 1111 0119 3A       		.uleb128 0x3a
 1112 011a 0B       		.uleb128 0xb
 1113 011b 3B       		.uleb128 0x3b
 1114 011c 05       		.uleb128 0x5
 1115 011d 27       		.uleb128 0x27
 1116 011e 19       		.uleb128 0x19
 1117 011f 11       		.uleb128 0x11
 1118 0120 01       		.uleb128 0x1
 1119 0121 12       		.uleb128 0x12
 1120 0122 06       		.uleb128 0x6
 1121 0123 40       		.uleb128 0x40
 1122 0124 18       		.uleb128 0x18
 1123 0125 9642     		.uleb128 0x2116
 1124 0127 19       		.uleb128 0x19
 1125 0128 00       		.byte	0
 1126 0129 00       		.byte	0
 1127 012a 15       		.uleb128 0x15
 1128 012b 2E       		.uleb128 0x2e
 1129 012c 01       		.byte	0x1
 1130 012d 3F       		.uleb128 0x3f
 1131 012e 19       		.uleb128 0x19
 1132 012f 03       		.uleb128 0x3
 1133 0130 0E       		.uleb128 0xe
 1134 0131 3A       		.uleb128 0x3a
 1135 0132 0B       		.uleb128 0xb
 1136 0133 3B       		.uleb128 0x3b
 1137 0134 05       		.uleb128 0x5
 1138 0135 27       		.uleb128 0x27
 1139 0136 19       		.uleb128 0x19
 1140 0137 11       		.uleb128 0x11
 1141 0138 01       		.uleb128 0x1
 1142 0139 12       		.uleb128 0x12
 1143 013a 06       		.uleb128 0x6
 1144 013b 40       		.uleb128 0x40
 1145 013c 18       		.uleb128 0x18
 1146 013d 9642     		.uleb128 0x2116
 1147 013f 19       		.uleb128 0x19
 1148 0140 01       		.uleb128 0x1
 1149 0141 13       		.uleb128 0x13
 1150 0142 00       		.byte	0
 1151 0143 00       		.byte	0
 1152 0144 16       		.uleb128 0x16
 1153 0145 0B       		.uleb128 0xb
 1154 0146 01       		.byte	0x1
 1155 0147 11       		.uleb128 0x11
 1156 0148 01       		.uleb128 0x1
 1157 0149 12       		.uleb128 0x12
 1158 014a 06       		.uleb128 0x6
 1159 014b 00       		.byte	0
 1160 014c 00       		.byte	0
 1161 014d 17       		.uleb128 0x17
 1162 014e 34       		.uleb128 0x34
ARM GAS  C:\Users\SISTEM~1\AppData\Local\Temp\ccHIOCpG.s 			page 31


 1163 014f 00       		.byte	0
 1164 0150 03       		.uleb128 0x3
 1165 0151 08       		.uleb128 0x8
 1166 0152 3A       		.uleb128 0x3a
 1167 0153 0B       		.uleb128 0xb
 1168 0154 3B       		.uleb128 0x3b
 1169 0155 05       		.uleb128 0x5
 1170 0156 49       		.uleb128 0x49
 1171 0157 13       		.uleb128 0x13
 1172 0158 02       		.uleb128 0x2
 1173 0159 18       		.uleb128 0x18
 1174 015a 00       		.byte	0
 1175 015b 00       		.byte	0
 1176 015c 18       		.uleb128 0x18
 1177 015d 34       		.uleb128 0x34
 1178 015e 00       		.byte	0
 1179 015f 03       		.uleb128 0x3
 1180 0160 0E       		.uleb128 0xe
 1181 0161 3A       		.uleb128 0x3a
 1182 0162 0B       		.uleb128 0xb
 1183 0163 3B       		.uleb128 0x3b
 1184 0164 0B       		.uleb128 0xb
 1185 0165 49       		.uleb128 0x49
 1186 0166 13       		.uleb128 0x13
 1187 0167 02       		.uleb128 0x2
 1188 0168 18       		.uleb128 0x18
 1189 0169 00       		.byte	0
 1190 016a 00       		.byte	0
 1191 016b 19       		.uleb128 0x19
 1192 016c 34       		.uleb128 0x34
 1193 016d 00       		.byte	0
 1194 016e 03       		.uleb128 0x3
 1195 016f 0E       		.uleb128 0xe
 1196 0170 3A       		.uleb128 0x3a
 1197 0171 0B       		.uleb128 0xb
 1198 0172 3B       		.uleb128 0x3b
 1199 0173 0B       		.uleb128 0xb
 1200 0174 49       		.uleb128 0x49
 1201 0175 13       		.uleb128 0x13
 1202 0176 3F       		.uleb128 0x3f
 1203 0177 19       		.uleb128 0x19
 1204 0178 3C       		.uleb128 0x3c
 1205 0179 19       		.uleb128 0x19
 1206 017a 00       		.byte	0
 1207 017b 00       		.byte	0
 1208 017c 1A       		.uleb128 0x1a
 1209 017d 01       		.uleb128 0x1
 1210 017e 01       		.byte	0x1
 1211 017f 49       		.uleb128 0x49
 1212 0180 13       		.uleb128 0x13
 1213 0181 01       		.uleb128 0x1
 1214 0182 13       		.uleb128 0x13
 1215 0183 00       		.byte	0
 1216 0184 00       		.byte	0
 1217 0185 1B       		.uleb128 0x1b
 1218 0186 21       		.uleb128 0x21
 1219 0187 00       		.byte	0
ARM GAS  C:\Users\SISTEM~1\AppData\Local\Temp\ccHIOCpG.s 			page 32


 1220 0188 49       		.uleb128 0x49
 1221 0189 13       		.uleb128 0x13
 1222 018a 2F       		.uleb128 0x2f
 1223 018b 0B       		.uleb128 0xb
 1224 018c 00       		.byte	0
 1225 018d 00       		.byte	0
 1226 018e 1C       		.uleb128 0x1c
 1227 018f 34       		.uleb128 0x34
 1228 0190 00       		.byte	0
 1229 0191 03       		.uleb128 0x3
 1230 0192 0E       		.uleb128 0xe
 1231 0193 3A       		.uleb128 0x3a
 1232 0194 0B       		.uleb128 0xb
 1233 0195 3B       		.uleb128 0x3b
 1234 0196 0B       		.uleb128 0xb
 1235 0197 49       		.uleb128 0x49
 1236 0198 13       		.uleb128 0x13
 1237 0199 3F       		.uleb128 0x3f
 1238 019a 19       		.uleb128 0x19
 1239 019b 02       		.uleb128 0x2
 1240 019c 18       		.uleb128 0x18
 1241 019d 00       		.byte	0
 1242 019e 00       		.byte	0
 1243 019f 1D       		.uleb128 0x1d
 1244 01a0 21       		.uleb128 0x21
 1245 01a1 00       		.byte	0
 1246 01a2 00       		.byte	0
 1247 01a3 00       		.byte	0
 1248 01a4 1E       		.uleb128 0x1e
 1249 01a5 34       		.uleb128 0x34
 1250 01a6 00       		.byte	0
 1251 01a7 03       		.uleb128 0x3
 1252 01a8 0E       		.uleb128 0xe
 1253 01a9 3A       		.uleb128 0x3a
 1254 01aa 0B       		.uleb128 0xb
 1255 01ab 3B       		.uleb128 0x3b
 1256 01ac 05       		.uleb128 0x5
 1257 01ad 49       		.uleb128 0x49
 1258 01ae 13       		.uleb128 0x13
 1259 01af 3F       		.uleb128 0x3f
 1260 01b0 19       		.uleb128 0x19
 1261 01b1 02       		.uleb128 0x2
 1262 01b2 18       		.uleb128 0x18
 1263 01b3 00       		.byte	0
 1264 01b4 00       		.byte	0
 1265 01b5 00       		.byte	0
 1266              		.section	.debug_aranges,"",%progbits
 1267 0000 44000000 		.4byte	0x44
 1268 0004 0200     		.2byte	0x2
 1269 0006 00000000 		.4byte	.Ldebug_info0
 1270 000a 04       		.byte	0x4
 1271 000b 00       		.byte	0
 1272 000c 0000     		.2byte	0
 1273 000e 0000     		.2byte	0
 1274 0010 00000000 		.4byte	.LFB0
 1275 0014 06000000 		.4byte	.LFE0-.LFB0
 1276 0018 00000000 		.4byte	.LFB1
ARM GAS  C:\Users\SISTEM~1\AppData\Local\Temp\ccHIOCpG.s 			page 33


 1277 001c 14000000 		.4byte	.LFE1-.LFB1
 1278 0020 00000000 		.4byte	.LFB2
 1279 0024 54000000 		.4byte	.LFE2-.LFB2
 1280 0028 00000000 		.4byte	.LFB3
 1281 002c 2C000000 		.4byte	.LFE3-.LFB3
 1282 0030 00000000 		.4byte	.LFB4
 1283 0034 98000000 		.4byte	.LFE4-.LFB4
 1284 0038 00000000 		.4byte	.LFB5
 1285 003c 8C000000 		.4byte	.LFE5-.LFB5
 1286 0040 00000000 		.4byte	0
 1287 0044 00000000 		.4byte	0
 1288              		.section	.debug_ranges,"",%progbits
 1289              	.Ldebug_ranges0:
 1290 0000 00000000 		.4byte	.LFB0
 1291 0004 06000000 		.4byte	.LFE0
 1292 0008 00000000 		.4byte	.LFB1
 1293 000c 14000000 		.4byte	.LFE1
 1294 0010 00000000 		.4byte	.LFB2
 1295 0014 54000000 		.4byte	.LFE2
 1296 0018 00000000 		.4byte	.LFB3
 1297 001c 2C000000 		.4byte	.LFE3
 1298 0020 00000000 		.4byte	.LFB4
 1299 0024 98000000 		.4byte	.LFE4
 1300 0028 00000000 		.4byte	.LFB5
 1301 002c 8C000000 		.4byte	.LFE5
 1302 0030 00000000 		.4byte	0
 1303 0034 00000000 		.4byte	0
 1304              		.section	.debug_line,"",%progbits
 1305              	.Ldebug_line0:
 1306 0000 C8010000 		.section	.debug_str,"MS",%progbits,1
 1306      0200D400 
 1306      00000201 
 1306      FB0E0D00 
 1306      01010101 
 1307              	.LASF44:
 1308 0000 2E5C4765 		.ascii	".\\Generated_Source\\PSoC5\\Cm3Start.c\000"
 1308      6E657261 
 1308      7465645F 
 1308      536F7572 
 1308      63655C50 
 1309              	.LASF15:
 1310 0024 72656733 		.ascii	"reg32\000"
 1310      3200
 1311              	.LASF17:
 1312 002a 73697A65 		.ascii	"size_t\000"
 1312      5F7400
 1313              	.LASF39:
 1314 0031 43795261 		.ascii	"CyRamVectors\000"
 1314      6D566563 
 1314      746F7273 
 1314      00
 1315              	.LASF31:
 1316 003e 53746172 		.ascii	"Start_c\000"
 1316      745F6300 
 1317              	.LASF35:
 1318 0046 636F756E 		.ascii	"count\000"
 1318      7400
ARM GAS  C:\Users\SISTEM~1\AppData\Local\Temp\ccHIOCpG.s 			page 34


 1319              	.LASF27:
 1320 004c 68656170 		.ascii	"heapPointer\000"
 1320      506F696E 
 1320      74657200 
 1321              	.LASF3:
 1322 0058 73686F72 		.ascii	"short unsigned int\000"
 1322      7420756E 
 1322      7369676E 
 1322      65642069 
 1322      6E7400
 1323              	.LASF41:
 1324 006b 5F5F6379 		.ascii	"__cy_region_num\000"
 1324      5F726567 
 1324      696F6E5F 
 1324      6E756D00 
 1325              	.LASF20:
 1326 007b 696E6974 		.ascii	"init\000"
 1326      00
 1327              	.LASF24:
 1328 0080 73746174 		.ascii	"status\000"
 1328      757300
 1329              	.LASF23:
 1330 0087 7A65726F 		.ascii	"zero_size\000"
 1330      5F73697A 
 1330      6500
 1331              	.LASF11:
 1332 0091 666C6F61 		.ascii	"float\000"
 1332      7400
 1333              	.LASF21:
 1334 0097 64617461 		.ascii	"data\000"
 1334      00
 1335              	.LASF1:
 1336 009c 756E7369 		.ascii	"unsigned char\000"
 1336      676E6564 
 1336      20636861 
 1336      7200
 1337              	.LASF26:
 1338 00aa 72657475 		.ascii	"returnValue\000"
 1338      726E5661 
 1338      6C756500 
 1339              	.LASF42:
 1340 00b6 526F6D56 		.ascii	"RomVectors\000"
 1340      6563746F 
 1340      727300
 1341              	.LASF43:
 1342 00c1 474E5520 		.ascii	"GNU C 4.8.4 20140526 (release) [ARM/embedded-4_8-br"
 1342      4320342E 
 1342      382E3420 
 1342      32303134 
 1342      30353236 
 1343 00f4 616E6368 		.ascii	"anch revision 211358] -mcpu=cortex-m3 -mthumb -g -O"
 1343      20726576 
 1343      6973696F 
 1343      6E203231 
 1343      31333538 
 1344 0127 30202D66 		.ascii	"0 -ffunction-sections\000"
 1344      66756E63 
ARM GAS  C:\Users\SISTEM~1\AppData\Local\Temp\ccHIOCpG.s 			page 35


 1344      74696F6E 
 1344      2D736563 
 1344      74696F6E 
 1345              	.LASF5:
 1346 013d 6C6F6E67 		.ascii	"long unsigned int\000"
 1346      20756E73 
 1346      69676E65 
 1346      6420696E 
 1346      7400
 1347              	.LASF37:
 1348 014f 63795379 		.ascii	"cySysNoInitDataValid\000"
 1348      734E6F49 
 1348      6E697444 
 1348      61746156 
 1348      616C6964 
 1349              	.LASF9:
 1350 0164 75696E74 		.ascii	"uint8\000"
 1350      3800
 1351              	.LASF29:
 1352 016a 52657365 		.ascii	"Reset\000"
 1352      7400
 1353              	.LASF45:
 1354 0170 433A5C55 		.ascii	"C:\\Users\\SISTEMAS INSEPET\\Documents\\Projects\\M"
 1354      73657273 
 1354      5C534953 
 1354      54454D41 
 1354      5320494E 
 1355 019e 55585C50 		.ascii	"UX\\Programa\\Bootloader550M\\Bootloader550M\\Bootl"
 1355      726F6772 
 1355      616D615C 
 1355      426F6F74 
 1355      6C6F6164 
 1356 01cd 6F616465 		.ascii	"oader550M.cydsn\000"
 1356      72353530 
 1356      4D2E6379 
 1356      64736E00 
 1357              	.LASF30:
 1358 01dd 5F657869 		.ascii	"_exit\000"
 1358      7400
 1359              	.LASF28:
 1360 01e3 496E7444 		.ascii	"IntDefaultHandler\000"
 1360      65666175 
 1360      6C744861 
 1360      6E646C65 
 1360      7200
 1361              	.LASF47:
 1362 01f5 5F736272 		.ascii	"_sbrk\000"
 1362      6B00
 1363              	.LASF33:
 1364 01fb 72707472 		.ascii	"rptr\000"
 1364      00
 1365              	.LASF36:
 1366 0200 696E6974 		.ascii	"initialize_psoc\000"
 1366      69616C69 
 1366      7A655F70 
 1366      736F6300 
 1367              	.LASF10:
ARM GAS  C:\Users\SISTEM~1\AppData\Local\Temp\ccHIOCpG.s 			page 36


 1368 0210 75696E74 		.ascii	"uint32\000"
 1368      333200
 1369              	.LASF8:
 1370 0217 756E7369 		.ascii	"unsigned int\000"
 1370      676E6564 
 1370      20696E74 
 1370      00
 1371              	.LASF7:
 1372 0224 6C6F6E67 		.ascii	"long long unsigned int\000"
 1372      206C6F6E 
 1372      6720756E 
 1372      7369676E 
 1372      65642069 
 1373              	.LASF34:
 1374 023b 6C696D69 		.ascii	"limit\000"
 1374      7400
 1375              	.LASF16:
 1376 0241 63796973 		.ascii	"cyisraddress\000"
 1376      72616464 
 1376      72657373 
 1376      00
 1377              	.LASF22:
 1378 024e 696E6974 		.ascii	"init_size\000"
 1378      5F73697A 
 1378      6500
 1379              	.LASF19:
 1380 0258 5F5F6379 		.ascii	"__cy_byte_align8\000"
 1380      5F627974 
 1380      655F616C 
 1380      69676E38 
 1380      00
 1381              	.LASF14:
 1382 0269 72656738 		.ascii	"reg8\000"
 1382      00
 1383              	.LASF18:
 1384 026e 73697A65 		.ascii	"sizetype\000"
 1384      74797065 
 1384      00
 1385              	.LASF6:
 1386 0277 6C6F6E67 		.ascii	"long long int\000"
 1386      206C6F6E 
 1386      6720696E 
 1386      7400
 1387              	.LASF13:
 1388 0285 63686172 		.ascii	"char\000"
 1388      00
 1389              	.LASF2:
 1390 028a 73686F72 		.ascii	"short int\000"
 1390      7420696E 
 1390      7400
 1391              	.LASF4:
 1392 0294 6C6F6E67 		.ascii	"long int\000"
 1392      20696E74 
 1392      00
 1393              	.LASF38:
 1394 029d 43795265 		.ascii	"CyResetStatus\000"
 1394      73657453 
ARM GAS  C:\Users\SISTEM~1\AppData\Local\Temp\ccHIOCpG.s 			page 37


 1394      74617475 
 1394      7300
 1395              	.LASF0:
 1396 02ab 7369676E 		.ascii	"signed char\000"
 1396      65642063 
 1396      68617200 
 1397              	.LASF12:
 1398 02b7 646F7562 		.ascii	"double\000"
 1398      6C6500
 1399              	.LASF40:
 1400 02be 5F5F6379 		.ascii	"__cy_regions\000"
 1400      5F726567 
 1400      696F6E73 
 1400      00
 1401              	.LASF32:
 1402 02cb 72656769 		.ascii	"regions\000"
 1402      6F6E7300 
 1403              	.LASF25:
 1404 02d3 6E627974 		.ascii	"nbytes\000"
 1404      657300
 1405              	.LASF46:
 1406 02da 5F5F6379 		.ascii	"__cy_region\000"
 1406      5F726567 
 1406      696F6E00 
 1407              		.ident	"GCC: (GNU Tools for ARM Embedded Processors) 4.8.4 20140526 (release) [ARM/embedded-4_8-br
