ARM GAS  C:\Users\RECEPC~1\AppData\Local\Temp\ccS4CeFf.s 			page 1


   1              		.syntax unified
   2              		.cpu cortex-m3
   3              		.fpu softvfp
   4              		.eabi_attribute 20, 1
   5              		.eabi_attribute 21, 1
   6              		.eabi_attribute 23, 3
   7              		.eabi_attribute 24, 1
   8              		.eabi_attribute 25, 1
   9              		.eabi_attribute 26, 1
  10              		.eabi_attribute 30, 1
  11              		.eabi_attribute 34, 1
  12              		.eabi_attribute 18, 4
  13              		.thumb
  14              		.file	"I2C_1.c"
  15              		.text
  16              	.Ltext0:
  17              		.cfi_sections	.debug_frame
  18              		.section	.text.I2C_1_Init,"ax",%progbits
  19              		.align	2
  20              		.global	I2C_1_Init
  21              		.thumb
  22              		.thumb_func
  23              		.type	I2C_1_Init, %function
  24              	I2C_1_Init:
  25              	.LFB0:
  26              		.file 1 ".\\Generated_Source\\PSoC5\\I2C_1.c"
   1:.\Generated_Source\PSoC5/I2C_1.c **** /*******************************************************************************
   2:.\Generated_Source\PSoC5/I2C_1.c **** * File Name: I2C_1.c
   3:.\Generated_Source\PSoC5/I2C_1.c **** * Version 3.30
   4:.\Generated_Source\PSoC5/I2C_1.c **** *
   5:.\Generated_Source\PSoC5/I2C_1.c **** * Description:
   6:.\Generated_Source\PSoC5/I2C_1.c **** *  This file provides the source code of APIs for the I2C component.
   7:.\Generated_Source\PSoC5/I2C_1.c **** *  Actual protocol and operation code resides in the interrupt service routine
   8:.\Generated_Source\PSoC5/I2C_1.c **** *  file.
   9:.\Generated_Source\PSoC5/I2C_1.c **** *
  10:.\Generated_Source\PSoC5/I2C_1.c **** * Note:
  11:.\Generated_Source\PSoC5/I2C_1.c **** *
  12:.\Generated_Source\PSoC5/I2C_1.c **** *******************************************************************************
  13:.\Generated_Source\PSoC5/I2C_1.c **** * Copyright 2008-2012, Cypress Semiconductor Corporation. All rights reserved.
  14:.\Generated_Source\PSoC5/I2C_1.c **** * You may use this file only in accordance with the license, terms, conditions,
  15:.\Generated_Source\PSoC5/I2C_1.c **** * disclaimers, and limitations in the end user license agreement accompanying
  16:.\Generated_Source\PSoC5/I2C_1.c **** * the software package with which this file was provided.
  17:.\Generated_Source\PSoC5/I2C_1.c **** *******************************************************************************/
  18:.\Generated_Source\PSoC5/I2C_1.c **** 
  19:.\Generated_Source\PSoC5/I2C_1.c **** #include "I2C_1_PVT.h"
  20:.\Generated_Source\PSoC5/I2C_1.c **** 
  21:.\Generated_Source\PSoC5/I2C_1.c **** 
  22:.\Generated_Source\PSoC5/I2C_1.c **** /**********************************
  23:.\Generated_Source\PSoC5/I2C_1.c **** *      System variables
  24:.\Generated_Source\PSoC5/I2C_1.c **** **********************************/
  25:.\Generated_Source\PSoC5/I2C_1.c **** 
  26:.\Generated_Source\PSoC5/I2C_1.c **** uint8 I2C_1_initVar = 0u;    /* Defines if component was initialized */
  27:.\Generated_Source\PSoC5/I2C_1.c **** 
  28:.\Generated_Source\PSoC5/I2C_1.c **** volatile uint8 I2C_1_state;  /* Current state of I2C FSM */
  29:.\Generated_Source\PSoC5/I2C_1.c **** 
  30:.\Generated_Source\PSoC5/I2C_1.c **** 
  31:.\Generated_Source\PSoC5/I2C_1.c **** /*******************************************************************************
ARM GAS  C:\Users\RECEPC~1\AppData\Local\Temp\ccS4CeFf.s 			page 2


  32:.\Generated_Source\PSoC5/I2C_1.c **** * Function Name: I2C_1_Init
  33:.\Generated_Source\PSoC5/I2C_1.c **** ********************************************************************************
  34:.\Generated_Source\PSoC5/I2C_1.c **** *
  35:.\Generated_Source\PSoC5/I2C_1.c **** * Summary:
  36:.\Generated_Source\PSoC5/I2C_1.c **** *  Initializes I2C registers with initial values provided from customizer.
  37:.\Generated_Source\PSoC5/I2C_1.c **** *
  38:.\Generated_Source\PSoC5/I2C_1.c **** * Parameters:
  39:.\Generated_Source\PSoC5/I2C_1.c **** *  None
  40:.\Generated_Source\PSoC5/I2C_1.c **** *
  41:.\Generated_Source\PSoC5/I2C_1.c **** * Return:
  42:.\Generated_Source\PSoC5/I2C_1.c **** *  None
  43:.\Generated_Source\PSoC5/I2C_1.c **** *
  44:.\Generated_Source\PSoC5/I2C_1.c **** * Global variables:
  45:.\Generated_Source\PSoC5/I2C_1.c **** *  None
  46:.\Generated_Source\PSoC5/I2C_1.c **** *
  47:.\Generated_Source\PSoC5/I2C_1.c **** * Reentrant:
  48:.\Generated_Source\PSoC5/I2C_1.c **** *  No
  49:.\Generated_Source\PSoC5/I2C_1.c **** *
  50:.\Generated_Source\PSoC5/I2C_1.c **** *******************************************************************************/
  51:.\Generated_Source\PSoC5/I2C_1.c **** void I2C_1_Init(void) 
  52:.\Generated_Source\PSoC5/I2C_1.c **** {
  27              		.loc 1 52 0
  28              		.cfi_startproc
  29              		@ args = 0, pretend = 0, frame = 0
  30              		@ frame_needed = 0, uses_anonymous_args = 0
  31 0000 10B5     		push	{r4, lr}
  32              		.cfi_def_cfa_offset 8
  33              		.cfi_offset 4, -8
  34              		.cfi_offset 14, -4
  53:.\Generated_Source\PSoC5/I2C_1.c ****     #if(I2C_1_FF_IMPLEMENTED)
  54:.\Generated_Source\PSoC5/I2C_1.c ****         I2C_1_CFG_REG  = I2C_1_DEFAULT_CFG;
  35              		.loc 1 54 0
  36 0002 0222     		movs	r2, #2
  37 0004 104B     		ldr	r3, .L3
  38 0006 1A70     		strb	r2, [r3]
  55:.\Generated_Source\PSoC5/I2C_1.c ****         I2C_1_XCFG_REG = I2C_1_DEFAULT_XCFG;
  39              		.loc 1 55 0
  40 0008 8122     		movs	r2, #129
  41 000a 0E3B     		subs	r3, r3, #14
  42 000c 1A70     		strb	r2, [r3]
  56:.\Generated_Source\PSoC5/I2C_1.c **** 
  57:.\Generated_Source\PSoC5/I2C_1.c ****         #if(CY_PSOC5A)
  58:.\Generated_Source\PSoC5/I2C_1.c ****             I2C_1_CLKDIV_REG  = LO8(I2C_1_DEFAULT_DIVIDE_FACTOR);
  59:.\Generated_Source\PSoC5/I2C_1.c ****         #else
  60:.\Generated_Source\PSoC5/I2C_1.c ****             I2C_1_CLKDIV1_REG = LO8(I2C_1_DEFAULT_DIVIDE_FACTOR);
  43              		.loc 1 60 0
  44 000e 0F24     		movs	r4, #15
  45 0010 1333     		adds	r3, r3, #19
  46 0012 1C70     		strb	r4, [r3]
  61:.\Generated_Source\PSoC5/I2C_1.c ****             I2C_1_CLKDIV2_REG = HI8(I2C_1_DEFAULT_DIVIDE_FACTOR);
  47              		.loc 1 61 0
  48 0014 0022     		movs	r2, #0
  49 0016 0133     		adds	r3, r3, #1
  50 0018 1A70     		strb	r2, [r3]
  62:.\Generated_Source\PSoC5/I2C_1.c ****         #endif /* (CY_PSOC5A) */
  63:.\Generated_Source\PSoC5/I2C_1.c **** 
  64:.\Generated_Source\PSoC5/I2C_1.c ****     #else
ARM GAS  C:\Users\RECEPC~1\AppData\Local\Temp\ccS4CeFf.s 			page 3


  65:.\Generated_Source\PSoC5/I2C_1.c ****         uint8 enableInterrupts;
  66:.\Generated_Source\PSoC5/I2C_1.c **** 
  67:.\Generated_Source\PSoC5/I2C_1.c ****         I2C_1_CFG_REG      = I2C_1_DEFAULT_CFG;      /* control  */
  68:.\Generated_Source\PSoC5/I2C_1.c ****         I2C_1_INT_MASK_REG = I2C_1_DEFAULT_INT_MASK; /* int_mask */
  69:.\Generated_Source\PSoC5/I2C_1.c **** 
  70:.\Generated_Source\PSoC5/I2C_1.c ****         /* Enable interrupts from block */
  71:.\Generated_Source\PSoC5/I2C_1.c ****         enableInterrupts = CyEnterCriticalSection();
  72:.\Generated_Source\PSoC5/I2C_1.c ****         I2C_1_INT_ENABLE_REG |= I2C_1_INTR_ENABLE; /* aux_ctl */
  73:.\Generated_Source\PSoC5/I2C_1.c ****         CyExitCriticalSection(enableInterrupts);
  74:.\Generated_Source\PSoC5/I2C_1.c **** 
  75:.\Generated_Source\PSoC5/I2C_1.c ****         #if(I2C_1_MODE_MASTER_ENABLED)
  76:.\Generated_Source\PSoC5/I2C_1.c ****             I2C_1_MCLK_PRD_REG = I2C_1_DEFAULT_MCLK_PRD;
  77:.\Generated_Source\PSoC5/I2C_1.c ****             I2C_1_MCLK_CMP_REG = I2C_1_DEFAULT_MCLK_CMP;
  78:.\Generated_Source\PSoC5/I2C_1.c ****          #endif /* (I2C_1_MODE_MASTER_ENABLED) */
  79:.\Generated_Source\PSoC5/I2C_1.c **** 
  80:.\Generated_Source\PSoC5/I2C_1.c ****         #if(I2C_1_MODE_SLAVE_ENABLED)
  81:.\Generated_Source\PSoC5/I2C_1.c ****             I2C_1_PERIOD_REG = I2C_1_DEFAULT_PERIOD;
  82:.\Generated_Source\PSoC5/I2C_1.c ****         #endif  /* (I2C_1_MODE_SLAVE_ENABLED) */
  83:.\Generated_Source\PSoC5/I2C_1.c **** 
  84:.\Generated_Source\PSoC5/I2C_1.c ****     #endif /* (I2C_1_FF_IMPLEMENTED) */
  85:.\Generated_Source\PSoC5/I2C_1.c **** 
  86:.\Generated_Source\PSoC5/I2C_1.c ****     #if(I2C_1_TIMEOUT_ENABLED)
  87:.\Generated_Source\PSoC5/I2C_1.c ****         I2C_1_TimeoutInit();
  88:.\Generated_Source\PSoC5/I2C_1.c ****     #endif /* (I2C_1_TIMEOUT_ENABLED) */
  89:.\Generated_Source\PSoC5/I2C_1.c **** 
  90:.\Generated_Source\PSoC5/I2C_1.c ****     /* Disable Interrupt and set vector and priority */
  91:.\Generated_Source\PSoC5/I2C_1.c ****     CyIntDisable    (I2C_1_ISR_NUMBER);
  51              		.loc 1 91 0
  52 001a 4FF40042 		mov	r2, #32768
  53 001e 0B4B     		ldr	r3, .L3+4
  54 0020 1A60     		str	r2, [r3]
  92:.\Generated_Source\PSoC5/I2C_1.c ****     CyIntSetPriority(I2C_1_ISR_NUMBER, I2C_1_ISR_PRIORITY);
  55              		.loc 1 92 0
  56 0022 2046     		mov	r0, r4
  57 0024 0721     		movs	r1, #7
  58 0026 FFF7FEFF 		bl	CyIntSetPriority
  59              	.LVL0:
  93:.\Generated_Source\PSoC5/I2C_1.c ****     #if(I2C_1_INTERN_I2C_INTR_HANDLER)
  94:.\Generated_Source\PSoC5/I2C_1.c ****         (void) CyIntSetVector(I2C_1_ISR_NUMBER, &I2C_1_ISR);
  60              		.loc 1 94 0
  61 002a 2046     		mov	r0, r4
  62 002c 0849     		ldr	r1, .L3+8
  63 002e FFF7FEFF 		bl	CyIntSetVector
  64              	.LVL1:
  95:.\Generated_Source\PSoC5/I2C_1.c ****     #endif /* (I2C_1_INTERN_I2C_INTR_HANDLER) */
  96:.\Generated_Source\PSoC5/I2C_1.c **** 
  97:.\Generated_Source\PSoC5/I2C_1.c **** 
  98:.\Generated_Source\PSoC5/I2C_1.c ****     /* Put state machine in idle state */
  99:.\Generated_Source\PSoC5/I2C_1.c ****     I2C_1_state = I2C_1_SM_IDLE;
  65              		.loc 1 99 0
  66 0032 1022     		movs	r2, #16
  67 0034 074B     		ldr	r3, .L3+12
  68 0036 1A70     		strb	r2, [r3]
 100:.\Generated_Source\PSoC5/I2C_1.c **** 
 101:.\Generated_Source\PSoC5/I2C_1.c ****     #if(I2C_1_MODE_SLAVE_ENABLED)
 102:.\Generated_Source\PSoC5/I2C_1.c ****         /* Reset status and buffers index */
 103:.\Generated_Source\PSoC5/I2C_1.c ****         I2C_1_SlaveClearReadBuf();
ARM GAS  C:\Users\RECEPC~1\AppData\Local\Temp\ccS4CeFf.s 			page 4


 104:.\Generated_Source\PSoC5/I2C_1.c ****         I2C_1_SlaveClearWriteBuf();
 105:.\Generated_Source\PSoC5/I2C_1.c ****         I2C_1_slStatus = 0u; /* Reset slave status */
 106:.\Generated_Source\PSoC5/I2C_1.c **** 
 107:.\Generated_Source\PSoC5/I2C_1.c ****         /* Set default address */
 108:.\Generated_Source\PSoC5/I2C_1.c ****         I2C_1_SlaveSetAddress(I2C_1_DEFAULT_ADDR);
 109:.\Generated_Source\PSoC5/I2C_1.c ****     #endif /* (I2C_1_MODE_SLAVE_ENABLED) */
 110:.\Generated_Source\PSoC5/I2C_1.c **** 
 111:.\Generated_Source\PSoC5/I2C_1.c ****     #if(I2C_1_MODE_MASTER_ENABLED)
 112:.\Generated_Source\PSoC5/I2C_1.c ****         /* Reset status and buffers index */
 113:.\Generated_Source\PSoC5/I2C_1.c ****         I2C_1_MasterClearReadBuf();
  69              		.loc 1 113 0
  70 0038 FFF7FEFF 		bl	I2C_1_MasterClearReadBuf
  71              	.LVL2:
 114:.\Generated_Source\PSoC5/I2C_1.c ****         I2C_1_MasterClearWriteBuf();
  72              		.loc 1 114 0
  73 003c FFF7FEFF 		bl	I2C_1_MasterClearWriteBuf
  74              	.LVL3:
 115:.\Generated_Source\PSoC5/I2C_1.c ****         (void) I2C_1_MasterClearStatus();
  75              		.loc 1 115 0
  76 0040 FFF7FEFF 		bl	I2C_1_MasterClearStatus
  77              	.LVL4:
  78 0044 10BD     		pop	{r4, pc}
  79              	.L4:
  80 0046 00BF     		.align	2
  81              	.L3:
  82 0048 D6490040 		.word	1073760726
  83 004c 80E100E0 		.word	-536813184
  84 0050 00000000 		.word	I2C_1_ISR
  85 0054 00000000 		.word	I2C_1_state
  86              		.cfi_endproc
  87              	.LFE0:
  88              		.size	I2C_1_Init, .-I2C_1_Init
  89              		.section	.text.I2C_1_Enable,"ax",%progbits
  90              		.align	2
  91              		.global	I2C_1_Enable
  92              		.thumb
  93              		.thumb_func
  94              		.type	I2C_1_Enable, %function
  95              	I2C_1_Enable:
  96              	.LFB1:
 116:.\Generated_Source\PSoC5/I2C_1.c ****     #endif /* (I2C_1_MODE_MASTER_ENABLED) */
 117:.\Generated_Source\PSoC5/I2C_1.c **** }
 118:.\Generated_Source\PSoC5/I2C_1.c **** 
 119:.\Generated_Source\PSoC5/I2C_1.c **** 
 120:.\Generated_Source\PSoC5/I2C_1.c **** /*******************************************************************************
 121:.\Generated_Source\PSoC5/I2C_1.c **** * Function Name: I2C_1_Enable
 122:.\Generated_Source\PSoC5/I2C_1.c **** ********************************************************************************
 123:.\Generated_Source\PSoC5/I2C_1.c **** *
 124:.\Generated_Source\PSoC5/I2C_1.c **** * Summary:
 125:.\Generated_Source\PSoC5/I2C_1.c **** *  Enables I2C operations.
 126:.\Generated_Source\PSoC5/I2C_1.c **** *
 127:.\Generated_Source\PSoC5/I2C_1.c **** * Parameters:
 128:.\Generated_Source\PSoC5/I2C_1.c **** *  None
 129:.\Generated_Source\PSoC5/I2C_1.c **** *
 130:.\Generated_Source\PSoC5/I2C_1.c **** * Return:
 131:.\Generated_Source\PSoC5/I2C_1.c **** *  None
 132:.\Generated_Source\PSoC5/I2C_1.c **** *
ARM GAS  C:\Users\RECEPC~1\AppData\Local\Temp\ccS4CeFf.s 			page 5


 133:.\Generated_Source\PSoC5/I2C_1.c **** * Global variables:
 134:.\Generated_Source\PSoC5/I2C_1.c **** *  None
 135:.\Generated_Source\PSoC5/I2C_1.c **** *
 136:.\Generated_Source\PSoC5/I2C_1.c **** *******************************************************************************/
 137:.\Generated_Source\PSoC5/I2C_1.c **** void I2C_1_Enable(void) 
 138:.\Generated_Source\PSoC5/I2C_1.c **** {
  97              		.loc 1 138 0
  98              		.cfi_startproc
  99              		@ args = 0, pretend = 0, frame = 0
 100              		@ frame_needed = 0, uses_anonymous_args = 0
 101 0000 08B5     		push	{r3, lr}
 102              		.cfi_def_cfa_offset 8
 103              		.cfi_offset 3, -8
 104              		.cfi_offset 14, -4
 139:.\Generated_Source\PSoC5/I2C_1.c ****     #if(I2C_1_FF_IMPLEMENTED)
 140:.\Generated_Source\PSoC5/I2C_1.c ****         uint8 enableInterrupts;
 141:.\Generated_Source\PSoC5/I2C_1.c **** 
 142:.\Generated_Source\PSoC5/I2C_1.c ****         /* Enable power to I2C FF block */
 143:.\Generated_Source\PSoC5/I2C_1.c ****         enableInterrupts = CyEnterCriticalSection();
 105              		.loc 1 143 0
 106 0002 FFF7FEFF 		bl	CyEnterCriticalSection
 107              	.LVL5:
 144:.\Generated_Source\PSoC5/I2C_1.c ****         I2C_1_ACT_PWRMGR_REG  |= I2C_1_ACT_PWR_EN;
 108              		.loc 1 144 0
 109 0006 064A     		ldr	r2, .L7
 110 0008 1378     		ldrb	r3, [r2]	@ zero_extendqisi2
 111 000a 43F00403 		orr	r3, r3, #4
 112 000e 1370     		strb	r3, [r2]
 145:.\Generated_Source\PSoC5/I2C_1.c ****         I2C_1_STBY_PWRMGR_REG |= I2C_1_STBY_PWR_EN;
 113              		.loc 1 145 0
 114 0010 1032     		adds	r2, r2, #16
 115 0012 1378     		ldrb	r3, [r2]	@ zero_extendqisi2
 116 0014 43F00403 		orr	r3, r3, #4
 117 0018 1370     		strb	r3, [r2]
 146:.\Generated_Source\PSoC5/I2C_1.c ****         CyExitCriticalSection(enableInterrupts);
 118              		.loc 1 146 0
 119 001a FFF7FEFF 		bl	CyExitCriticalSection
 120              	.LVL6:
 121 001e 08BD     		pop	{r3, pc}
 122              	.L8:
 123              		.align	2
 124              	.L7:
 125 0020 A5430040 		.word	1073759141
 126              		.cfi_endproc
 127              	.LFE1:
 128              		.size	I2C_1_Enable, .-I2C_1_Enable
 129              		.section	.text.I2C_1_Start,"ax",%progbits
 130              		.align	2
 131              		.global	I2C_1_Start
 132              		.thumb
 133              		.thumb_func
 134              		.type	I2C_1_Start, %function
 135              	I2C_1_Start:
 136              	.LFB2:
 147:.\Generated_Source\PSoC5/I2C_1.c **** 
 148:.\Generated_Source\PSoC5/I2C_1.c ****     #else
 149:.\Generated_Source\PSoC5/I2C_1.c **** 
ARM GAS  C:\Users\RECEPC~1\AppData\Local\Temp\ccS4CeFf.s 			page 6


 150:.\Generated_Source\PSoC5/I2C_1.c ****         #if(I2C_1_MODE_SLAVE_ENABLED)
 151:.\Generated_Source\PSoC5/I2C_1.c ****             uint8 enableInterrupts;
 152:.\Generated_Source\PSoC5/I2C_1.c ****         #endif /* (I2C_1_MODE_SLAVE_ENABLED) */
 153:.\Generated_Source\PSoC5/I2C_1.c **** 
 154:.\Generated_Source\PSoC5/I2C_1.c ****         #if(I2C_1_MODE_SLAVE_ENABLED)
 155:.\Generated_Source\PSoC5/I2C_1.c ****             /* Enable slave bit counter */
 156:.\Generated_Source\PSoC5/I2C_1.c ****             enableInterrupts = CyEnterCriticalSection();
 157:.\Generated_Source\PSoC5/I2C_1.c ****             I2C_1_COUNTER_AUX_CTL_REG |= I2C_1_CNT7_ENABLE;   /* aux_ctl */
 158:.\Generated_Source\PSoC5/I2C_1.c ****             CyExitCriticalSection(enableInterrupts);
 159:.\Generated_Source\PSoC5/I2C_1.c ****         #endif /* (I2C_1_MODE_SLAVE_ENABLED) */
 160:.\Generated_Source\PSoC5/I2C_1.c **** 
 161:.\Generated_Source\PSoC5/I2C_1.c ****         I2C_1_CFG_REG |= I2C_1_ENABLE_MS;
 162:.\Generated_Source\PSoC5/I2C_1.c **** 
 163:.\Generated_Source\PSoC5/I2C_1.c ****     #endif /* (I2C_1_FF_IMPLEMENTED) */
 164:.\Generated_Source\PSoC5/I2C_1.c **** 
 165:.\Generated_Source\PSoC5/I2C_1.c ****     #if(I2C_1_TIMEOUT_ENABLED)
 166:.\Generated_Source\PSoC5/I2C_1.c ****         I2C_1_TimeoutEnable();
 167:.\Generated_Source\PSoC5/I2C_1.c ****     #endif /* (I2C_1_TIMEOUT_ENABLED) */
 168:.\Generated_Source\PSoC5/I2C_1.c **** }
 169:.\Generated_Source\PSoC5/I2C_1.c **** 
 170:.\Generated_Source\PSoC5/I2C_1.c **** 
 171:.\Generated_Source\PSoC5/I2C_1.c **** /*******************************************************************************
 172:.\Generated_Source\PSoC5/I2C_1.c **** * Function Name: I2C_1_Start
 173:.\Generated_Source\PSoC5/I2C_1.c **** ********************************************************************************
 174:.\Generated_Source\PSoC5/I2C_1.c **** *
 175:.\Generated_Source\PSoC5/I2C_1.c **** * Summary:
 176:.\Generated_Source\PSoC5/I2C_1.c **** *  Starts the I2C hardware. Enables Active mode power template bits or clock
 177:.\Generated_Source\PSoC5/I2C_1.c **** *  gating as appropriate. It is required to be executed before I2C bus
 178:.\Generated_Source\PSoC5/I2C_1.c **** *  operation.
 179:.\Generated_Source\PSoC5/I2C_1.c **** *
 180:.\Generated_Source\PSoC5/I2C_1.c **** * Parameters:
 181:.\Generated_Source\PSoC5/I2C_1.c **** *  None
 182:.\Generated_Source\PSoC5/I2C_1.c **** *
 183:.\Generated_Source\PSoC5/I2C_1.c **** * Return:
 184:.\Generated_Source\PSoC5/I2C_1.c **** *  None
 185:.\Generated_Source\PSoC5/I2C_1.c **** *
 186:.\Generated_Source\PSoC5/I2C_1.c **** * Side Effects:
 187:.\Generated_Source\PSoC5/I2C_1.c **** *  This component automatically enables it's interrupt.  If I2C is enabled
 188:.\Generated_Source\PSoC5/I2C_1.c **** *  without the interrupt enabled, it could lock up the I2C bus.
 189:.\Generated_Source\PSoC5/I2C_1.c **** *
 190:.\Generated_Source\PSoC5/I2C_1.c **** * Global variables:
 191:.\Generated_Source\PSoC5/I2C_1.c **** *  I2C_1_initVar - used to check initial configuration, modified
 192:.\Generated_Source\PSoC5/I2C_1.c **** *  on first function call.
 193:.\Generated_Source\PSoC5/I2C_1.c **** *
 194:.\Generated_Source\PSoC5/I2C_1.c **** * Reentrant:
 195:.\Generated_Source\PSoC5/I2C_1.c **** *  No
 196:.\Generated_Source\PSoC5/I2C_1.c **** *
 197:.\Generated_Source\PSoC5/I2C_1.c **** *******************************************************************************/
 198:.\Generated_Source\PSoC5/I2C_1.c **** void I2C_1_Start(void) 
 199:.\Generated_Source\PSoC5/I2C_1.c **** {
 137              		.loc 1 199 0
 138              		.cfi_startproc
 139              		@ args = 0, pretend = 0, frame = 0
 140              		@ frame_needed = 0, uses_anonymous_args = 0
 141 0000 08B5     		push	{r3, lr}
 142              		.cfi_def_cfa_offset 8
 143              		.cfi_offset 3, -8
ARM GAS  C:\Users\RECEPC~1\AppData\Local\Temp\ccS4CeFf.s 			page 7


 144              		.cfi_offset 14, -4
 200:.\Generated_Source\PSoC5/I2C_1.c ****     /* Initialize I2C registers, reset I2C buffer index and clears status */
 201:.\Generated_Source\PSoC5/I2C_1.c ****     if(0u == I2C_1_initVar)
 145              		.loc 1 201 0
 146 0002 074B     		ldr	r3, .L12
 147 0004 1B78     		ldrb	r3, [r3]	@ zero_extendqisi2
 148 0006 23B9     		cbnz	r3, .L10
 202:.\Generated_Source\PSoC5/I2C_1.c ****     {
 203:.\Generated_Source\PSoC5/I2C_1.c ****         I2C_1_Init();
 149              		.loc 1 203 0
 150 0008 FFF7FEFF 		bl	I2C_1_Init
 151              	.LVL7:
 204:.\Generated_Source\PSoC5/I2C_1.c ****         I2C_1_initVar = 1u; /* Component initialized */
 152              		.loc 1 204 0
 153 000c 0122     		movs	r2, #1
 154 000e 044B     		ldr	r3, .L12
 155 0010 1A70     		strb	r2, [r3]
 156              	.L10:
 205:.\Generated_Source\PSoC5/I2C_1.c ****     }
 206:.\Generated_Source\PSoC5/I2C_1.c **** 
 207:.\Generated_Source\PSoC5/I2C_1.c ****     I2C_1_Enable();
 157              		.loc 1 207 0
 158 0012 FFF7FEFF 		bl	I2C_1_Enable
 159              	.LVL8:
 208:.\Generated_Source\PSoC5/I2C_1.c ****     I2C_1_EnableInt();
 160              		.loc 1 208 0
 161 0016 4FF40042 		mov	r2, #32768
 162 001a 024B     		ldr	r3, .L12+4
 163 001c 1A60     		str	r2, [r3]
 164 001e 08BD     		pop	{r3, pc}
 165              	.L13:
 166              		.align	2
 167              	.L12:
 168 0020 00000000 		.word	.LANCHOR0
 169 0024 00E100E0 		.word	-536813312
 170              		.cfi_endproc
 171              	.LFE2:
 172              		.size	I2C_1_Start, .-I2C_1_Start
 173              		.section	.text.I2C_1_Stop,"ax",%progbits
 174              		.align	2
 175              		.global	I2C_1_Stop
 176              		.thumb
 177              		.thumb_func
 178              		.type	I2C_1_Stop, %function
 179              	I2C_1_Stop:
 180              	.LFB3:
 209:.\Generated_Source\PSoC5/I2C_1.c **** }
 210:.\Generated_Source\PSoC5/I2C_1.c **** 
 211:.\Generated_Source\PSoC5/I2C_1.c **** 
 212:.\Generated_Source\PSoC5/I2C_1.c **** /*******************************************************************************
 213:.\Generated_Source\PSoC5/I2C_1.c **** * Function Name: I2C_1_Stop
 214:.\Generated_Source\PSoC5/I2C_1.c **** ********************************************************************************
 215:.\Generated_Source\PSoC5/I2C_1.c **** *
 216:.\Generated_Source\PSoC5/I2C_1.c **** * Summary:
 217:.\Generated_Source\PSoC5/I2C_1.c **** *  Disables I2C hardware and disables I2C interrupt. Disables Active mode power
 218:.\Generated_Source\PSoC5/I2C_1.c **** *  template bits or clock gating as appropriate.
 219:.\Generated_Source\PSoC5/I2C_1.c **** *
ARM GAS  C:\Users\RECEPC~1\AppData\Local\Temp\ccS4CeFf.s 			page 8


 220:.\Generated_Source\PSoC5/I2C_1.c **** * Parameters:
 221:.\Generated_Source\PSoC5/I2C_1.c **** *  None
 222:.\Generated_Source\PSoC5/I2C_1.c **** *
 223:.\Generated_Source\PSoC5/I2C_1.c **** * Return:
 224:.\Generated_Source\PSoC5/I2C_1.c **** *  None
 225:.\Generated_Source\PSoC5/I2C_1.c **** *
 226:.\Generated_Source\PSoC5/I2C_1.c **** *******************************************************************************/
 227:.\Generated_Source\PSoC5/I2C_1.c **** void I2C_1_Stop(void) 
 228:.\Generated_Source\PSoC5/I2C_1.c **** {
 181              		.loc 1 228 0
 182              		.cfi_startproc
 183              		@ args = 0, pretend = 0, frame = 0
 184              		@ frame_needed = 0, uses_anonymous_args = 0
 185 0000 2DE9F041 		push	{r4, r5, r6, r7, r8, lr}
 186              		.cfi_def_cfa_offset 24
 187              		.cfi_offset 4, -24
 188              		.cfi_offset 5, -20
 189              		.cfi_offset 6, -16
 190              		.cfi_offset 7, -12
 191              		.cfi_offset 8, -8
 192              		.cfi_offset 14, -4
 229:.\Generated_Source\PSoC5/I2C_1.c ****     #if((I2C_1_FF_IMPLEMENTED)  || \
 230:.\Generated_Source\PSoC5/I2C_1.c ****         (I2C_1_UDB_IMPLEMENTED && I2C_1_MODE_SLAVE_ENABLED))
 231:.\Generated_Source\PSoC5/I2C_1.c ****         uint8 enableInterrupts;
 232:.\Generated_Source\PSoC5/I2C_1.c ****     #endif /* ((I2C_1_FF_IMPLEMENTED)  || \
 233:.\Generated_Source\PSoC5/I2C_1.c ****                (I2C_1_UDB_IMPLEMENTED && I2C_1_MODE_SLAVE_ENABLED)) */
 234:.\Generated_Source\PSoC5/I2C_1.c **** 
 235:.\Generated_Source\PSoC5/I2C_1.c ****     I2C_1_DisableInt();
 193              		.loc 1 235 0
 194 0004 4FF40046 		mov	r6, #32768
 195 0008 1B4B     		ldr	r3, .L16
 196 000a 1E60     		str	r6, [r3]
 236:.\Generated_Source\PSoC5/I2C_1.c **** 
 237:.\Generated_Source\PSoC5/I2C_1.c ****     I2C_1_DISABLE_INT_ON_STOP;   /* Interrupt on Stop can be enabled by write */
 197              		.loc 1 237 0
 198 000c 1B4C     		ldr	r4, .L16+4
 199 000e 2378     		ldrb	r3, [r4]	@ zero_extendqisi2
 200 0010 03F0EF03 		and	r3, r3, #239
 201 0014 2370     		strb	r3, [r4]
 238:.\Generated_Source\PSoC5/I2C_1.c ****     (void) I2C_1_CSR_REG;        /* Clear CSR reg */
 202              		.loc 1 238 0
 203 0016 1A4B     		ldr	r3, .L16+8
 204 0018 1B78     		ldrb	r3, [r3]	@ zero_extendqisi2
 239:.\Generated_Source\PSoC5/I2C_1.c ****     
 240:.\Generated_Source\PSoC5/I2C_1.c ****     #if(I2C_1_TIMEOUT_ENABLED)
 241:.\Generated_Source\PSoC5/I2C_1.c ****         I2C_1_TimeoutStop();
 242:.\Generated_Source\PSoC5/I2C_1.c ****     #endif  /* End (I2C_1_TIMEOUT_ENABLED) */
 243:.\Generated_Source\PSoC5/I2C_1.c **** 
 244:.\Generated_Source\PSoC5/I2C_1.c ****     #if(I2C_1_FF_IMPLEMENTED)
 245:.\Generated_Source\PSoC5/I2C_1.c ****         #if(CY_PSOC3 || CY_PSOC5LP)
 246:.\Generated_Source\PSoC5/I2C_1.c ****             /* Store registers which are held in reset when Master and Slave bits are cleared */
 247:.\Generated_Source\PSoC5/I2C_1.c ****             #if(I2C_1_MODE_SLAVE_ENABLED)
 248:.\Generated_Source\PSoC5/I2C_1.c ****                 I2C_1_backup.addr = I2C_1_ADDR_REG;
 249:.\Generated_Source\PSoC5/I2C_1.c ****             #endif /* (I2C_1_MODE_SLAVE_ENABLED) */
 250:.\Generated_Source\PSoC5/I2C_1.c **** 
 251:.\Generated_Source\PSoC5/I2C_1.c ****             I2C_1_backup.clkDiv1  = I2C_1_CLKDIV1_REG;
 205              		.loc 1 251 0
ARM GAS  C:\Users\RECEPC~1\AppData\Local\Temp\ccS4CeFf.s 			page 9


 206 001a DFF87C80 		ldr	r8, .L16+32
 207 001e 98F80030 		ldrb	r3, [r8]	@ zero_extendqisi2
 208 0022 184D     		ldr	r5, .L16+12
 209 0024 EB70     		strb	r3, [r5, #3]
 252:.\Generated_Source\PSoC5/I2C_1.c ****             I2C_1_backup.clkDiv2  = I2C_1_CLKDIV2_REG;
 210              		.loc 1 252 0
 211 0026 184F     		ldr	r7, .L16+16
 212 0028 3B78     		ldrb	r3, [r7]	@ zero_extendqisi2
 213 002a 2B71     		strb	r3, [r5, #4]
 253:.\Generated_Source\PSoC5/I2C_1.c **** 
 254:.\Generated_Source\PSoC5/I2C_1.c **** 
 255:.\Generated_Source\PSoC5/I2C_1.c ****             /* Reset FF block */
 256:.\Generated_Source\PSoC5/I2C_1.c ****             I2C_1_CFG_REG &= ((uint8) ~I2C_1_ENABLE_MS);
 214              		.loc 1 256 0
 215 002c 2378     		ldrb	r3, [r4]	@ zero_extendqisi2
 216 002e 03F0FD03 		and	r3, r3, #253
 217 0032 2370     		strb	r3, [r4]
 257:.\Generated_Source\PSoC5/I2C_1.c ****             CyDelayUs(I2C_1_FF_RESET_DELAY);
 218              		.loc 1 257 0
 219 0034 0220     		movs	r0, #2
 220 0036 FFF7FEFF 		bl	CyDelayUs
 221              	.LVL9:
 258:.\Generated_Source\PSoC5/I2C_1.c ****             I2C_1_CFG_REG |= ((uint8)  I2C_1_ENABLE_MS);
 222              		.loc 1 258 0
 223 003a 2378     		ldrb	r3, [r4]	@ zero_extendqisi2
 224 003c 43F00203 		orr	r3, r3, #2
 225 0040 2370     		strb	r3, [r4]
 259:.\Generated_Source\PSoC5/I2C_1.c **** 
 260:.\Generated_Source\PSoC5/I2C_1.c **** 
 261:.\Generated_Source\PSoC5/I2C_1.c ****             /* Restore registers */
 262:.\Generated_Source\PSoC5/I2C_1.c ****             #if(I2C_1_MODE_SLAVE_ENABLED)
 263:.\Generated_Source\PSoC5/I2C_1.c ****                 I2C_1_ADDR_REG = I2C_1_backup.addr;
 264:.\Generated_Source\PSoC5/I2C_1.c ****             #endif /* (I2C_1_MODE_SLAVE_ENABLED) */
 265:.\Generated_Source\PSoC5/I2C_1.c **** 
 266:.\Generated_Source\PSoC5/I2C_1.c ****             I2C_1_CLKDIV1_REG = I2C_1_backup.clkDiv1;
 226              		.loc 1 266 0
 227 0042 EB78     		ldrb	r3, [r5, #3]	@ zero_extendqisi2
 228 0044 88F80030 		strb	r3, [r8]
 267:.\Generated_Source\PSoC5/I2C_1.c ****             I2C_1_CLKDIV2_REG = I2C_1_backup.clkDiv2;
 229              		.loc 1 267 0
 230 0048 2B79     		ldrb	r3, [r5, #4]	@ zero_extendqisi2
 231 004a 3B70     		strb	r3, [r7]
 268:.\Generated_Source\PSoC5/I2C_1.c **** 
 269:.\Generated_Source\PSoC5/I2C_1.c ****         #endif /* (CY_PSOC3 || CY_PSOC5LP) */
 270:.\Generated_Source\PSoC5/I2C_1.c **** 
 271:.\Generated_Source\PSoC5/I2C_1.c ****         /* Disable power to I2C block */
 272:.\Generated_Source\PSoC5/I2C_1.c ****         enableInterrupts = CyEnterCriticalSection();
 232              		.loc 1 272 0
 233 004c FFF7FEFF 		bl	CyEnterCriticalSection
 234              	.LVL10:
 273:.\Generated_Source\PSoC5/I2C_1.c ****         I2C_1_ACT_PWRMGR_REG  &= ((uint8) ~I2C_1_ACT_PWR_EN);
 235              		.loc 1 273 0
 236 0050 0E4A     		ldr	r2, .L16+20
 237 0052 1378     		ldrb	r3, [r2]	@ zero_extendqisi2
 238 0054 03F0FB03 		and	r3, r3, #251
 239 0058 1370     		strb	r3, [r2]
 274:.\Generated_Source\PSoC5/I2C_1.c ****         I2C_1_STBY_PWRMGR_REG &= ((uint8) ~I2C_1_STBY_PWR_EN);
ARM GAS  C:\Users\RECEPC~1\AppData\Local\Temp\ccS4CeFf.s 			page 10


 240              		.loc 1 274 0
 241 005a 1032     		adds	r2, r2, #16
 242 005c 1378     		ldrb	r3, [r2]	@ zero_extendqisi2
 243 005e 03F0FB03 		and	r3, r3, #251
 244 0062 1370     		strb	r3, [r2]
 275:.\Generated_Source\PSoC5/I2C_1.c ****         CyExitCriticalSection(enableInterrupts);
 245              		.loc 1 275 0
 246 0064 FFF7FEFF 		bl	CyExitCriticalSection
 247              	.LVL11:
 276:.\Generated_Source\PSoC5/I2C_1.c **** 
 277:.\Generated_Source\PSoC5/I2C_1.c ****     #else
 278:.\Generated_Source\PSoC5/I2C_1.c **** 
 279:.\Generated_Source\PSoC5/I2C_1.c ****         #if(I2C_1_MODE_SLAVE_ENABLED)
 280:.\Generated_Source\PSoC5/I2C_1.c ****             /* Disable slave bit counter */
 281:.\Generated_Source\PSoC5/I2C_1.c ****             enableInterrupts = CyEnterCriticalSection();
 282:.\Generated_Source\PSoC5/I2C_1.c ****             I2C_1_COUNTER_AUX_CTL_REG &= ((uint8) ~I2C_1_CNT7_ENABLE);
 283:.\Generated_Source\PSoC5/I2C_1.c ****             CyExitCriticalSection(enableInterrupts);
 284:.\Generated_Source\PSoC5/I2C_1.c ****         #endif /* (I2C_1_MODE_SLAVE_ENABLED) */
 285:.\Generated_Source\PSoC5/I2C_1.c **** 
 286:.\Generated_Source\PSoC5/I2C_1.c ****         I2C_1_CFG_REG &= ((uint8) ~I2C_1_ENABLE_MS);
 287:.\Generated_Source\PSoC5/I2C_1.c **** 
 288:.\Generated_Source\PSoC5/I2C_1.c ****     #endif /* (I2C_1_FF_IMPLEMENTED) */
 289:.\Generated_Source\PSoC5/I2C_1.c **** 
 290:.\Generated_Source\PSoC5/I2C_1.c ****     I2C_1_ClearPendingInt();  /* Clear interrupt triggers on reset */
 248              		.loc 1 290 0
 249 0068 094B     		ldr	r3, .L16+24
 250 006a 1E60     		str	r6, [r3]
 291:.\Generated_Source\PSoC5/I2C_1.c **** 
 292:.\Generated_Source\PSoC5/I2C_1.c ****     I2C_1_state = I2C_1_SM_IDLE;  /* Reset software FSM */
 251              		.loc 1 292 0
 252 006c 1022     		movs	r2, #16
 253 006e 094B     		ldr	r3, .L16+28
 254 0070 1A70     		strb	r2, [r3]
 255 0072 BDE8F081 		pop	{r4, r5, r6, r7, r8, pc}
 256              	.L17:
 257 0076 00BF     		.align	2
 258              	.L16:
 259 0078 80E100E0 		.word	-536813184
 260 007c D6490040 		.word	1073760726
 261 0080 D7490040 		.word	1073760727
 262 0084 00000000 		.word	I2C_1_backup
 263 0088 DC490040 		.word	1073760732
 264 008c A5430040 		.word	1073759141
 265 0090 80E200E0 		.word	-536812928
 266 0094 00000000 		.word	I2C_1_state
 267 0098 DB490040 		.word	1073760731
 268              		.cfi_endproc
 269              	.LFE3:
 270              		.size	I2C_1_Stop, .-I2C_1_Stop
 271              		.comm	I2C_1_state,1,1
 272              		.global	I2C_1_initVar
 273              		.bss
 274              		.set	.LANCHOR0,. + 0
 275              		.type	I2C_1_initVar, %object
 276              		.size	I2C_1_initVar, 1
 277              	I2C_1_initVar:
 278 0000 00       		.space	1
ARM GAS  C:\Users\RECEPC~1\AppData\Local\Temp\ccS4CeFf.s 			page 11


 279              		.text
 280              	.Letext0:
 281              		.file 2 ".\\Generated_Source\\PSoC5\\cytypes.h"
 282              		.file 3 ".\\Generated_Source\\PSoC5\\I2C_1.h"
 283              		.file 4 ".\\Generated_Source\\PSoC5\\I2C_1_PVT.h"
 284              		.file 5 ".\\Generated_Source\\PSoC5\\CyLib.h"
 285              		.section	.debug_info,"",%progbits
 286              	.Ldebug_info0:
 287 0000 D3020000 		.4byte	0x2d3
 288 0004 0400     		.2byte	0x4
 289 0006 00000000 		.4byte	.Ldebug_abbrev0
 290 000a 04       		.byte	0x4
 291 000b 01       		.uleb128 0x1
 292 000c A8010000 		.4byte	.LASF38
 293 0010 01       		.byte	0x1
 294 0011 44020000 		.4byte	.LASF39
 295 0015 8B000000 		.4byte	.LASF40
 296 0019 00000000 		.4byte	.Ldebug_ranges0+0
 297 001d 00000000 		.4byte	0
 298 0021 00000000 		.4byte	.Ldebug_line0
 299 0025 02       		.uleb128 0x2
 300 0026 01       		.byte	0x1
 301 0027 06       		.byte	0x6
 302 0028 F0020000 		.4byte	.LASF0
 303 002c 02       		.uleb128 0x2
 304 002d 01       		.byte	0x1
 305 002e 08       		.byte	0x8
 306 002f 7D000000 		.4byte	.LASF1
 307 0033 02       		.uleb128 0x2
 308 0034 02       		.byte	0x2
 309 0035 05       		.byte	0x5
 310 0036 92020000 		.4byte	.LASF2
 311 003a 02       		.uleb128 0x2
 312 003b 02       		.byte	0x2
 313 003c 07       		.byte	0x7
 314 003d 36000000 		.4byte	.LASF3
 315 0041 02       		.uleb128 0x2
 316 0042 04       		.byte	0x4
 317 0043 05       		.byte	0x5
 318 0044 CE020000 		.4byte	.LASF4
 319 0048 02       		.uleb128 0x2
 320 0049 04       		.byte	0x4
 321 004a 07       		.byte	0x7
 322 004b CF000000 		.4byte	.LASF5
 323 004f 02       		.uleb128 0x2
 324 0050 08       		.byte	0x8
 325 0051 05       		.byte	0x5
 326 0052 36020000 		.4byte	.LASF6
 327 0056 02       		.uleb128 0x2
 328 0057 08       		.byte	0x8
 329 0058 07       		.byte	0x7
 330 0059 66000000 		.4byte	.LASF7
 331 005d 03       		.uleb128 0x3
 332 005e 04       		.byte	0x4
 333 005f 05       		.byte	0x5
 334 0060 696E7400 		.ascii	"int\000"
 335 0064 02       		.uleb128 0x2
ARM GAS  C:\Users\RECEPC~1\AppData\Local\Temp\ccS4CeFf.s 			page 12


 336 0065 04       		.byte	0x4
 337 0066 07       		.byte	0x7
 338 0067 49010000 		.4byte	.LASF8
 339 006b 04       		.uleb128 0x4
 340 006c E1000000 		.4byte	.LASF9
 341 0070 02       		.byte	0x2
 342 0071 3801     		.2byte	0x138
 343 0073 2C000000 		.4byte	0x2c
 344 0077 04       		.uleb128 0x4
 345 0078 18010000 		.4byte	.LASF10
 346 007c 02       		.byte	0x2
 347 007d 3901     		.2byte	0x139
 348 007f 3A000000 		.4byte	0x3a
 349 0083 04       		.uleb128 0x4
 350 0084 1F010000 		.4byte	.LASF11
 351 0088 02       		.byte	0x2
 352 0089 3A01     		.2byte	0x13a
 353 008b 48000000 		.4byte	0x48
 354 008f 02       		.uleb128 0x2
 355 0090 04       		.byte	0x4
 356 0091 04       		.byte	0x4
 357 0092 60000000 		.4byte	.LASF12
 358 0096 02       		.uleb128 0x2
 359 0097 08       		.byte	0x8
 360 0098 04       		.byte	0x4
 361 0099 06010000 		.4byte	.LASF13
 362 009d 02       		.uleb128 0x2
 363 009e 01       		.byte	0x1
 364 009f 08       		.byte	0x8
 365 00a0 6F020000 		.4byte	.LASF14
 366 00a4 04       		.uleb128 0x4
 367 00a5 9A010000 		.4byte	.LASF15
 368 00a9 02       		.byte	0x2
 369 00aa E201     		.2byte	0x1e2
 370 00ac B0000000 		.4byte	0xb0
 371 00b0 05       		.uleb128 0x5
 372 00b1 6B000000 		.4byte	0x6b
 373 00b5 04       		.uleb128 0x4
 374 00b6 00000000 		.4byte	.LASF16
 375 00ba 02       		.byte	0x2
 376 00bb E401     		.2byte	0x1e4
 377 00bd C1000000 		.4byte	0xc1
 378 00c1 05       		.uleb128 0x5
 379 00c2 83000000 		.4byte	0x83
 380 00c6 04       		.uleb128 0x4
 381 00c7 8D010000 		.4byte	.LASF17
 382 00cb 02       		.byte	0x2
 383 00cc F401     		.2byte	0x1f4
 384 00ce D2000000 		.4byte	0xd2
 385 00d2 06       		.uleb128 0x6
 386 00d3 04       		.byte	0x4
 387 00d4 D8000000 		.4byte	0xd8
 388 00d8 07       		.uleb128 0x7
 389 00d9 02       		.uleb128 0x2
 390 00da 04       		.byte	0x4
 391 00db 07       		.byte	0x7
 392 00dc 9F010000 		.4byte	.LASF18
ARM GAS  C:\Users\RECEPC~1\AppData\Local\Temp\ccS4CeFf.s 			page 13


 393 00e0 08       		.uleb128 0x8
 394 00e1 05       		.byte	0x5
 395 00e2 03       		.byte	0x3
 396 00e3 78       		.byte	0x78
 397 00e4 25010000 		.4byte	0x125
 398 00e8 09       		.uleb128 0x9
 399 00e9 54000000 		.4byte	.LASF19
 400 00ed 03       		.byte	0x3
 401 00ee 7A       		.byte	0x7a
 402 00ef 6B000000 		.4byte	0x6b
 403 00f3 00       		.byte	0
 404 00f4 09       		.uleb128 0x9
 405 00f5 81020000 		.4byte	.LASF20
 406 00f9 03       		.byte	0x3
 407 00fa 7D       		.byte	0x7d
 408 00fb 6B000000 		.4byte	0x6b
 409 00ff 01       		.byte	0x1
 410 0100 0A       		.uleb128 0xa
 411 0101 63666700 		.ascii	"cfg\000"
 412 0105 03       		.byte	0x3
 413 0106 7E       		.byte	0x7e
 414 0107 6B000000 		.4byte	0x6b
 415 010b 02       		.byte	0x2
 416 010c 09       		.uleb128 0x9
 417 010d 7D010000 		.4byte	.LASF21
 418 0111 03       		.byte	0x3
 419 0112 87       		.byte	0x87
 420 0113 6B000000 		.4byte	0x6b
 421 0117 03       		.byte	0x3
 422 0118 09       		.uleb128 0x9
 423 0119 85010000 		.4byte	.LASF22
 424 011d 03       		.byte	0x3
 425 011e 88       		.byte	0x88
 426 011f 6B000000 		.4byte	0x6b
 427 0123 04       		.byte	0x4
 428 0124 00       		.byte	0
 429 0125 0B       		.uleb128 0xb
 430 0126 06000000 		.4byte	.LASF23
 431 012a 03       		.byte	0x3
 432 012b A2       		.byte	0xa2
 433 012c E0000000 		.4byte	0xe0
 434 0130 0C       		.uleb128 0xc
 435 0131 49000000 		.4byte	.LASF24
 436 0135 01       		.byte	0x1
 437 0136 33       		.byte	0x33
 438 0137 00000000 		.4byte	.LFB0
 439 013b 58000000 		.4byte	.LFE0-.LFB0
 440 013f 01       		.uleb128 0x1
 441 0140 9C       		.byte	0x9c
 442 0141 8E010000 		.4byte	0x18e
 443 0145 0D       		.uleb128 0xd
 444 0146 2A000000 		.4byte	.LVL0
 445 014a 64020000 		.4byte	0x264
 446 014e 5E010000 		.4byte	0x15e
 447 0152 0E       		.uleb128 0xe
 448 0153 01       		.uleb128 0x1
 449 0154 51       		.byte	0x51
ARM GAS  C:\Users\RECEPC~1\AppData\Local\Temp\ccS4CeFf.s 			page 14


 450 0155 01       		.uleb128 0x1
 451 0156 37       		.byte	0x37
 452 0157 0E       		.uleb128 0xe
 453 0158 01       		.uleb128 0x1
 454 0159 50       		.byte	0x50
 455 015a 02       		.uleb128 0x2
 456 015b 74       		.byte	0x74
 457 015c 00       		.sleb128 0
 458 015d 00       		.byte	0
 459 015e 0D       		.uleb128 0xd
 460 015f 32000000 		.4byte	.LVL1
 461 0163 7A020000 		.4byte	0x27a
 462 0167 72010000 		.4byte	0x172
 463 016b 0E       		.uleb128 0xe
 464 016c 01       		.uleb128 0x1
 465 016d 50       		.byte	0x50
 466 016e 02       		.uleb128 0x2
 467 016f 74       		.byte	0x74
 468 0170 00       		.sleb128 0
 469 0171 00       		.byte	0
 470 0172 0F       		.uleb128 0xf
 471 0173 3C000000 		.4byte	.LVL2
 472 0177 94020000 		.4byte	0x294
 473 017b 0F       		.uleb128 0xf
 474 017c 40000000 		.4byte	.LVL3
 475 0180 9B020000 		.4byte	0x29b
 476 0184 0F       		.uleb128 0xf
 477 0185 44000000 		.4byte	.LVL4
 478 0189 A2020000 		.4byte	0x2a2
 479 018d 00       		.byte	0
 480 018e 0C       		.uleb128 0xc
 481 018f 74020000 		.4byte	.LASF25
 482 0193 01       		.byte	0x1
 483 0194 89       		.byte	0x89
 484 0195 00000000 		.4byte	.LFB1
 485 0199 24000000 		.4byte	.LFE1-.LFB1
 486 019d 01       		.uleb128 0x1
 487 019e 9C       		.byte	0x9c
 488 019f C5010000 		.4byte	0x1c5
 489 01a3 10       		.uleb128 0x10
 490 01a4 E7000000 		.4byte	.LASF28
 491 01a8 01       		.byte	0x1
 492 01a9 8C       		.byte	0x8c
 493 01aa 6B000000 		.4byte	0x6b
 494 01ae 00000000 		.4byte	.LLST0
 495 01b2 0F       		.uleb128 0xf
 496 01b3 06000000 		.4byte	.LVL5
 497 01b7 AD020000 		.4byte	0x2ad
 498 01bb 0F       		.uleb128 0xf
 499 01bc 1E000000 		.4byte	.LVL6
 500 01c0 B8020000 		.4byte	0x2b8
 501 01c4 00       		.byte	0
 502 01c5 0C       		.uleb128 0xc
 503 01c6 86020000 		.4byte	.LASF26
 504 01ca 01       		.byte	0x1
 505 01cb C6       		.byte	0xc6
 506 01cc 00000000 		.4byte	.LFB2
ARM GAS  C:\Users\RECEPC~1\AppData\Local\Temp\ccS4CeFf.s 			page 15


 507 01d0 28000000 		.4byte	.LFE2-.LFB2
 508 01d4 01       		.uleb128 0x1
 509 01d5 9C       		.byte	0x9c
 510 01d6 ED010000 		.4byte	0x1ed
 511 01da 0F       		.uleb128 0xf
 512 01db 0C000000 		.4byte	.LVL7
 513 01df 30010000 		.4byte	0x130
 514 01e3 0F       		.uleb128 0xf
 515 01e4 16000000 		.4byte	.LVL8
 516 01e8 8E010000 		.4byte	0x18e
 517 01ec 00       		.byte	0
 518 01ed 0C       		.uleb128 0xc
 519 01ee 0D010000 		.4byte	.LASF27
 520 01f2 01       		.byte	0x1
 521 01f3 E3       		.byte	0xe3
 522 01f4 00000000 		.4byte	.LFB3
 523 01f8 9C000000 		.4byte	.LFE3-.LFB3
 524 01fc 01       		.uleb128 0x1
 525 01fd 9C       		.byte	0x9c
 526 01fe 37020000 		.4byte	0x237
 527 0202 10       		.uleb128 0x10
 528 0203 E7000000 		.4byte	.LASF28
 529 0207 01       		.byte	0x1
 530 0208 E7       		.byte	0xe7
 531 0209 6B000000 		.4byte	0x6b
 532 020d 13000000 		.4byte	.LLST1
 533 0211 0D       		.uleb128 0xd
 534 0212 3A000000 		.4byte	.LVL9
 535 0216 C9020000 		.4byte	0x2c9
 536 021a 24020000 		.4byte	0x224
 537 021e 0E       		.uleb128 0xe
 538 021f 01       		.uleb128 0x1
 539 0220 50       		.byte	0x50
 540 0221 01       		.uleb128 0x1
 541 0222 32       		.byte	0x32
 542 0223 00       		.byte	0
 543 0224 0F       		.uleb128 0xf
 544 0225 50000000 		.4byte	.LVL10
 545 0229 AD020000 		.4byte	0x2ad
 546 022d 0F       		.uleb128 0xf
 547 022e 68000000 		.4byte	.LVL11
 548 0232 B8020000 		.4byte	0x2b8
 549 0236 00       		.byte	0
 550 0237 11       		.uleb128 0x11
 551 0238 F8000000 		.4byte	.LASF29
 552 023c 01       		.byte	0x1
 553 023d 1A       		.byte	0x1a
 554 023e 6B000000 		.4byte	0x6b
 555 0242 05       		.uleb128 0x5
 556 0243 03       		.byte	0x3
 557 0244 00000000 		.4byte	I2C_1_initVar
 558 0248 12       		.uleb128 0x12
 559 0249 29000000 		.4byte	.LASF30
 560 024d 04       		.byte	0x4
 561 024e 21       		.byte	0x21
 562 024f 25010000 		.4byte	0x125
 563 0253 11       		.uleb128 0x11
ARM GAS  C:\Users\RECEPC~1\AppData\Local\Temp\ccS4CeFf.s 			page 16


 564 0254 26010000 		.4byte	.LASF31
 565 0258 01       		.byte	0x1
 566 0259 1C       		.byte	0x1c
 567 025a B0000000 		.4byte	0xb0
 568 025e 05       		.uleb128 0x5
 569 025f 03       		.byte	0x3
 570 0260 00000000 		.4byte	I2C_1_state
 571 0264 13       		.uleb128 0x13
 572 0265 6C010000 		.4byte	.LASF36
 573 0269 05       		.byte	0x5
 574 026a 8C       		.byte	0x8c
 575 026b 7A020000 		.4byte	0x27a
 576 026f 14       		.uleb128 0x14
 577 0270 6B000000 		.4byte	0x6b
 578 0274 14       		.uleb128 0x14
 579 0275 6B000000 		.4byte	0x6b
 580 0279 00       		.byte	0
 581 027a 15       		.uleb128 0x15
 582 027b 1A000000 		.4byte	.LASF41
 583 027f 05       		.byte	0x5
 584 0280 89       		.byte	0x89
 585 0281 C6000000 		.4byte	0xc6
 586 0285 94020000 		.4byte	0x294
 587 0289 14       		.uleb128 0x14
 588 028a 6B000000 		.4byte	0x6b
 589 028e 14       		.uleb128 0x14
 590 028f C6000000 		.4byte	0xc6
 591 0293 00       		.byte	0
 592 0294 16       		.uleb128 0x16
 593 0295 D7020000 		.4byte	.LASF32
 594 0299 03       		.byte	0x3
 595 029a C6       		.byte	0xc6
 596 029b 16       		.uleb128 0x16
 597 029c B4020000 		.4byte	.LASF33
 598 02a0 03       		.byte	0x3
 599 02a1 C7       		.byte	0xc7
 600 02a2 17       		.uleb128 0x17
 601 02a3 9C020000 		.4byte	.LASF34
 602 02a7 03       		.byte	0x3
 603 02a8 BD       		.byte	0xbd
 604 02a9 6B000000 		.4byte	0x6b
 605 02ad 17       		.uleb128 0x17
 606 02ae 32010000 		.4byte	.LASF35
 607 02b2 05       		.byte	0x5
 608 02b3 7E       		.byte	0x7e
 609 02b4 6B000000 		.4byte	0x6b
 610 02b8 13       		.uleb128 0x13
 611 02b9 56010000 		.4byte	.LASF37
 612 02bd 05       		.byte	0x5
 613 02be 7F       		.byte	0x7f
 614 02bf C9020000 		.4byte	0x2c9
 615 02c3 14       		.uleb128 0x14
 616 02c4 6B000000 		.4byte	0x6b
 617 02c8 00       		.byte	0
 618 02c9 18       		.uleb128 0x18
 619 02ca 65020000 		.4byte	.LASF42
 620 02ce 05       		.byte	0x5
ARM GAS  C:\Users\RECEPC~1\AppData\Local\Temp\ccS4CeFf.s 			page 17


 621 02cf 78       		.byte	0x78
 622 02d0 14       		.uleb128 0x14
 623 02d1 77000000 		.4byte	0x77
 624 02d5 00       		.byte	0
 625 02d6 00       		.byte	0
 626              		.section	.debug_abbrev,"",%progbits
 627              	.Ldebug_abbrev0:
 628 0000 01       		.uleb128 0x1
 629 0001 11       		.uleb128 0x11
 630 0002 01       		.byte	0x1
 631 0003 25       		.uleb128 0x25
 632 0004 0E       		.uleb128 0xe
 633 0005 13       		.uleb128 0x13
 634 0006 0B       		.uleb128 0xb
 635 0007 03       		.uleb128 0x3
 636 0008 0E       		.uleb128 0xe
 637 0009 1B       		.uleb128 0x1b
 638 000a 0E       		.uleb128 0xe
 639 000b 55       		.uleb128 0x55
 640 000c 17       		.uleb128 0x17
 641 000d 11       		.uleb128 0x11
 642 000e 01       		.uleb128 0x1
 643 000f 10       		.uleb128 0x10
 644 0010 17       		.uleb128 0x17
 645 0011 00       		.byte	0
 646 0012 00       		.byte	0
 647 0013 02       		.uleb128 0x2
 648 0014 24       		.uleb128 0x24
 649 0015 00       		.byte	0
 650 0016 0B       		.uleb128 0xb
 651 0017 0B       		.uleb128 0xb
 652 0018 3E       		.uleb128 0x3e
 653 0019 0B       		.uleb128 0xb
 654 001a 03       		.uleb128 0x3
 655 001b 0E       		.uleb128 0xe
 656 001c 00       		.byte	0
 657 001d 00       		.byte	0
 658 001e 03       		.uleb128 0x3
 659 001f 24       		.uleb128 0x24
 660 0020 00       		.byte	0
 661 0021 0B       		.uleb128 0xb
 662 0022 0B       		.uleb128 0xb
 663 0023 3E       		.uleb128 0x3e
 664 0024 0B       		.uleb128 0xb
 665 0025 03       		.uleb128 0x3
 666 0026 08       		.uleb128 0x8
 667 0027 00       		.byte	0
 668 0028 00       		.byte	0
 669 0029 04       		.uleb128 0x4
 670 002a 16       		.uleb128 0x16
 671 002b 00       		.byte	0
 672 002c 03       		.uleb128 0x3
 673 002d 0E       		.uleb128 0xe
 674 002e 3A       		.uleb128 0x3a
 675 002f 0B       		.uleb128 0xb
 676 0030 3B       		.uleb128 0x3b
 677 0031 05       		.uleb128 0x5
ARM GAS  C:\Users\RECEPC~1\AppData\Local\Temp\ccS4CeFf.s 			page 18


 678 0032 49       		.uleb128 0x49
 679 0033 13       		.uleb128 0x13
 680 0034 00       		.byte	0
 681 0035 00       		.byte	0
 682 0036 05       		.uleb128 0x5
 683 0037 35       		.uleb128 0x35
 684 0038 00       		.byte	0
 685 0039 49       		.uleb128 0x49
 686 003a 13       		.uleb128 0x13
 687 003b 00       		.byte	0
 688 003c 00       		.byte	0
 689 003d 06       		.uleb128 0x6
 690 003e 0F       		.uleb128 0xf
 691 003f 00       		.byte	0
 692 0040 0B       		.uleb128 0xb
 693 0041 0B       		.uleb128 0xb
 694 0042 49       		.uleb128 0x49
 695 0043 13       		.uleb128 0x13
 696 0044 00       		.byte	0
 697 0045 00       		.byte	0
 698 0046 07       		.uleb128 0x7
 699 0047 15       		.uleb128 0x15
 700 0048 00       		.byte	0
 701 0049 27       		.uleb128 0x27
 702 004a 19       		.uleb128 0x19
 703 004b 00       		.byte	0
 704 004c 00       		.byte	0
 705 004d 08       		.uleb128 0x8
 706 004e 13       		.uleb128 0x13
 707 004f 01       		.byte	0x1
 708 0050 0B       		.uleb128 0xb
 709 0051 0B       		.uleb128 0xb
 710 0052 3A       		.uleb128 0x3a
 711 0053 0B       		.uleb128 0xb
 712 0054 3B       		.uleb128 0x3b
 713 0055 0B       		.uleb128 0xb
 714 0056 01       		.uleb128 0x1
 715 0057 13       		.uleb128 0x13
 716 0058 00       		.byte	0
 717 0059 00       		.byte	0
 718 005a 09       		.uleb128 0x9
 719 005b 0D       		.uleb128 0xd
 720 005c 00       		.byte	0
 721 005d 03       		.uleb128 0x3
 722 005e 0E       		.uleb128 0xe
 723 005f 3A       		.uleb128 0x3a
 724 0060 0B       		.uleb128 0xb
 725 0061 3B       		.uleb128 0x3b
 726 0062 0B       		.uleb128 0xb
 727 0063 49       		.uleb128 0x49
 728 0064 13       		.uleb128 0x13
 729 0065 38       		.uleb128 0x38
 730 0066 0B       		.uleb128 0xb
 731 0067 00       		.byte	0
 732 0068 00       		.byte	0
 733 0069 0A       		.uleb128 0xa
 734 006a 0D       		.uleb128 0xd
ARM GAS  C:\Users\RECEPC~1\AppData\Local\Temp\ccS4CeFf.s 			page 19


 735 006b 00       		.byte	0
 736 006c 03       		.uleb128 0x3
 737 006d 08       		.uleb128 0x8
 738 006e 3A       		.uleb128 0x3a
 739 006f 0B       		.uleb128 0xb
 740 0070 3B       		.uleb128 0x3b
 741 0071 0B       		.uleb128 0xb
 742 0072 49       		.uleb128 0x49
 743 0073 13       		.uleb128 0x13
 744 0074 38       		.uleb128 0x38
 745 0075 0B       		.uleb128 0xb
 746 0076 00       		.byte	0
 747 0077 00       		.byte	0
 748 0078 0B       		.uleb128 0xb
 749 0079 16       		.uleb128 0x16
 750 007a 00       		.byte	0
 751 007b 03       		.uleb128 0x3
 752 007c 0E       		.uleb128 0xe
 753 007d 3A       		.uleb128 0x3a
 754 007e 0B       		.uleb128 0xb
 755 007f 3B       		.uleb128 0x3b
 756 0080 0B       		.uleb128 0xb
 757 0081 49       		.uleb128 0x49
 758 0082 13       		.uleb128 0x13
 759 0083 00       		.byte	0
 760 0084 00       		.byte	0
 761 0085 0C       		.uleb128 0xc
 762 0086 2E       		.uleb128 0x2e
 763 0087 01       		.byte	0x1
 764 0088 3F       		.uleb128 0x3f
 765 0089 19       		.uleb128 0x19
 766 008a 03       		.uleb128 0x3
 767 008b 0E       		.uleb128 0xe
 768 008c 3A       		.uleb128 0x3a
 769 008d 0B       		.uleb128 0xb
 770 008e 3B       		.uleb128 0x3b
 771 008f 0B       		.uleb128 0xb
 772 0090 27       		.uleb128 0x27
 773 0091 19       		.uleb128 0x19
 774 0092 11       		.uleb128 0x11
 775 0093 01       		.uleb128 0x1
 776 0094 12       		.uleb128 0x12
 777 0095 06       		.uleb128 0x6
 778 0096 40       		.uleb128 0x40
 779 0097 18       		.uleb128 0x18
 780 0098 9742     		.uleb128 0x2117
 781 009a 19       		.uleb128 0x19
 782 009b 01       		.uleb128 0x1
 783 009c 13       		.uleb128 0x13
 784 009d 00       		.byte	0
 785 009e 00       		.byte	0
 786 009f 0D       		.uleb128 0xd
 787 00a0 898201   		.uleb128 0x4109
 788 00a3 01       		.byte	0x1
 789 00a4 11       		.uleb128 0x11
 790 00a5 01       		.uleb128 0x1
 791 00a6 31       		.uleb128 0x31
ARM GAS  C:\Users\RECEPC~1\AppData\Local\Temp\ccS4CeFf.s 			page 20


 792 00a7 13       		.uleb128 0x13
 793 00a8 01       		.uleb128 0x1
 794 00a9 13       		.uleb128 0x13
 795 00aa 00       		.byte	0
 796 00ab 00       		.byte	0
 797 00ac 0E       		.uleb128 0xe
 798 00ad 8A8201   		.uleb128 0x410a
 799 00b0 00       		.byte	0
 800 00b1 02       		.uleb128 0x2
 801 00b2 18       		.uleb128 0x18
 802 00b3 9142     		.uleb128 0x2111
 803 00b5 18       		.uleb128 0x18
 804 00b6 00       		.byte	0
 805 00b7 00       		.byte	0
 806 00b8 0F       		.uleb128 0xf
 807 00b9 898201   		.uleb128 0x4109
 808 00bc 00       		.byte	0
 809 00bd 11       		.uleb128 0x11
 810 00be 01       		.uleb128 0x1
 811 00bf 31       		.uleb128 0x31
 812 00c0 13       		.uleb128 0x13
 813 00c1 00       		.byte	0
 814 00c2 00       		.byte	0
 815 00c3 10       		.uleb128 0x10
 816 00c4 34       		.uleb128 0x34
 817 00c5 00       		.byte	0
 818 00c6 03       		.uleb128 0x3
 819 00c7 0E       		.uleb128 0xe
 820 00c8 3A       		.uleb128 0x3a
 821 00c9 0B       		.uleb128 0xb
 822 00ca 3B       		.uleb128 0x3b
 823 00cb 0B       		.uleb128 0xb
 824 00cc 49       		.uleb128 0x49
 825 00cd 13       		.uleb128 0x13
 826 00ce 02       		.uleb128 0x2
 827 00cf 17       		.uleb128 0x17
 828 00d0 00       		.byte	0
 829 00d1 00       		.byte	0
 830 00d2 11       		.uleb128 0x11
 831 00d3 34       		.uleb128 0x34
 832 00d4 00       		.byte	0
 833 00d5 03       		.uleb128 0x3
 834 00d6 0E       		.uleb128 0xe
 835 00d7 3A       		.uleb128 0x3a
 836 00d8 0B       		.uleb128 0xb
 837 00d9 3B       		.uleb128 0x3b
 838 00da 0B       		.uleb128 0xb
 839 00db 49       		.uleb128 0x49
 840 00dc 13       		.uleb128 0x13
 841 00dd 3F       		.uleb128 0x3f
 842 00de 19       		.uleb128 0x19
 843 00df 02       		.uleb128 0x2
 844 00e0 18       		.uleb128 0x18
 845 00e1 00       		.byte	0
 846 00e2 00       		.byte	0
 847 00e3 12       		.uleb128 0x12
 848 00e4 34       		.uleb128 0x34
ARM GAS  C:\Users\RECEPC~1\AppData\Local\Temp\ccS4CeFf.s 			page 21


 849 00e5 00       		.byte	0
 850 00e6 03       		.uleb128 0x3
 851 00e7 0E       		.uleb128 0xe
 852 00e8 3A       		.uleb128 0x3a
 853 00e9 0B       		.uleb128 0xb
 854 00ea 3B       		.uleb128 0x3b
 855 00eb 0B       		.uleb128 0xb
 856 00ec 49       		.uleb128 0x49
 857 00ed 13       		.uleb128 0x13
 858 00ee 3F       		.uleb128 0x3f
 859 00ef 19       		.uleb128 0x19
 860 00f0 3C       		.uleb128 0x3c
 861 00f1 19       		.uleb128 0x19
 862 00f2 00       		.byte	0
 863 00f3 00       		.byte	0
 864 00f4 13       		.uleb128 0x13
 865 00f5 2E       		.uleb128 0x2e
 866 00f6 01       		.byte	0x1
 867 00f7 3F       		.uleb128 0x3f
 868 00f8 19       		.uleb128 0x19
 869 00f9 03       		.uleb128 0x3
 870 00fa 0E       		.uleb128 0xe
 871 00fb 3A       		.uleb128 0x3a
 872 00fc 0B       		.uleb128 0xb
 873 00fd 3B       		.uleb128 0x3b
 874 00fe 0B       		.uleb128 0xb
 875 00ff 27       		.uleb128 0x27
 876 0100 19       		.uleb128 0x19
 877 0101 3C       		.uleb128 0x3c
 878 0102 19       		.uleb128 0x19
 879 0103 01       		.uleb128 0x1
 880 0104 13       		.uleb128 0x13
 881 0105 00       		.byte	0
 882 0106 00       		.byte	0
 883 0107 14       		.uleb128 0x14
 884 0108 05       		.uleb128 0x5
 885 0109 00       		.byte	0
 886 010a 49       		.uleb128 0x49
 887 010b 13       		.uleb128 0x13
 888 010c 00       		.byte	0
 889 010d 00       		.byte	0
 890 010e 15       		.uleb128 0x15
 891 010f 2E       		.uleb128 0x2e
 892 0110 01       		.byte	0x1
 893 0111 3F       		.uleb128 0x3f
 894 0112 19       		.uleb128 0x19
 895 0113 03       		.uleb128 0x3
 896 0114 0E       		.uleb128 0xe
 897 0115 3A       		.uleb128 0x3a
 898 0116 0B       		.uleb128 0xb
 899 0117 3B       		.uleb128 0x3b
 900 0118 0B       		.uleb128 0xb
 901 0119 27       		.uleb128 0x27
 902 011a 19       		.uleb128 0x19
 903 011b 49       		.uleb128 0x49
 904 011c 13       		.uleb128 0x13
 905 011d 3C       		.uleb128 0x3c
ARM GAS  C:\Users\RECEPC~1\AppData\Local\Temp\ccS4CeFf.s 			page 22


 906 011e 19       		.uleb128 0x19
 907 011f 01       		.uleb128 0x1
 908 0120 13       		.uleb128 0x13
 909 0121 00       		.byte	0
 910 0122 00       		.byte	0
 911 0123 16       		.uleb128 0x16
 912 0124 2E       		.uleb128 0x2e
 913 0125 00       		.byte	0
 914 0126 3F       		.uleb128 0x3f
 915 0127 19       		.uleb128 0x19
 916 0128 03       		.uleb128 0x3
 917 0129 0E       		.uleb128 0xe
 918 012a 3A       		.uleb128 0x3a
 919 012b 0B       		.uleb128 0xb
 920 012c 3B       		.uleb128 0x3b
 921 012d 0B       		.uleb128 0xb
 922 012e 27       		.uleb128 0x27
 923 012f 19       		.uleb128 0x19
 924 0130 3C       		.uleb128 0x3c
 925 0131 19       		.uleb128 0x19
 926 0132 00       		.byte	0
 927 0133 00       		.byte	0
 928 0134 17       		.uleb128 0x17
 929 0135 2E       		.uleb128 0x2e
 930 0136 00       		.byte	0
 931 0137 3F       		.uleb128 0x3f
 932 0138 19       		.uleb128 0x19
 933 0139 03       		.uleb128 0x3
 934 013a 0E       		.uleb128 0xe
 935 013b 3A       		.uleb128 0x3a
 936 013c 0B       		.uleb128 0xb
 937 013d 3B       		.uleb128 0x3b
 938 013e 0B       		.uleb128 0xb
 939 013f 27       		.uleb128 0x27
 940 0140 19       		.uleb128 0x19
 941 0141 49       		.uleb128 0x49
 942 0142 13       		.uleb128 0x13
 943 0143 3C       		.uleb128 0x3c
 944 0144 19       		.uleb128 0x19
 945 0145 00       		.byte	0
 946 0146 00       		.byte	0
 947 0147 18       		.uleb128 0x18
 948 0148 2E       		.uleb128 0x2e
 949 0149 01       		.byte	0x1
 950 014a 3F       		.uleb128 0x3f
 951 014b 19       		.uleb128 0x19
 952 014c 03       		.uleb128 0x3
 953 014d 0E       		.uleb128 0xe
 954 014e 3A       		.uleb128 0x3a
 955 014f 0B       		.uleb128 0xb
 956 0150 3B       		.uleb128 0x3b
 957 0151 0B       		.uleb128 0xb
 958 0152 27       		.uleb128 0x27
 959 0153 19       		.uleb128 0x19
 960 0154 3C       		.uleb128 0x3c
 961 0155 19       		.uleb128 0x19
 962 0156 00       		.byte	0
ARM GAS  C:\Users\RECEPC~1\AppData\Local\Temp\ccS4CeFf.s 			page 23


 963 0157 00       		.byte	0
 964 0158 00       		.byte	0
 965              		.section	.debug_loc,"",%progbits
 966              	.Ldebug_loc0:
 967              	.LLST0:
 968 0000 06000000 		.4byte	.LVL5
 969 0004 1D000000 		.4byte	.LVL6-1
 970 0008 0100     		.2byte	0x1
 971 000a 50       		.byte	0x50
 972 000b 00000000 		.4byte	0
 973 000f 00000000 		.4byte	0
 974              	.LLST1:
 975 0013 50000000 		.4byte	.LVL10
 976 0017 67000000 		.4byte	.LVL11-1
 977 001b 0100     		.2byte	0x1
 978 001d 50       		.byte	0x50
 979 001e 00000000 		.4byte	0
 980 0022 00000000 		.4byte	0
 981              		.section	.debug_aranges,"",%progbits
 982 0000 34000000 		.4byte	0x34
 983 0004 0200     		.2byte	0x2
 984 0006 00000000 		.4byte	.Ldebug_info0
 985 000a 04       		.byte	0x4
 986 000b 00       		.byte	0
 987 000c 0000     		.2byte	0
 988 000e 0000     		.2byte	0
 989 0010 00000000 		.4byte	.LFB0
 990 0014 58000000 		.4byte	.LFE0-.LFB0
 991 0018 00000000 		.4byte	.LFB1
 992 001c 24000000 		.4byte	.LFE1-.LFB1
 993 0020 00000000 		.4byte	.LFB2
 994 0024 28000000 		.4byte	.LFE2-.LFB2
 995 0028 00000000 		.4byte	.LFB3
 996 002c 9C000000 		.4byte	.LFE3-.LFB3
 997 0030 00000000 		.4byte	0
 998 0034 00000000 		.4byte	0
 999              		.section	.debug_ranges,"",%progbits
 1000              	.Ldebug_ranges0:
 1001 0000 00000000 		.4byte	.LFB0
 1002 0004 58000000 		.4byte	.LFE0
 1003 0008 00000000 		.4byte	.LFB1
 1004 000c 24000000 		.4byte	.LFE1
 1005 0010 00000000 		.4byte	.LFB2
 1006 0014 28000000 		.4byte	.LFE2
 1007 0018 00000000 		.4byte	.LFB3
 1008 001c 9C000000 		.4byte	.LFE3
 1009 0020 00000000 		.4byte	0
 1010 0024 00000000 		.4byte	0
 1011              		.section	.debug_line,"",%progbits
 1012              	.Ldebug_line0:
 1013 0000 DA000000 		.section	.debug_str,"MS",%progbits,1
 1013      02006900 
 1013      00000201 
 1013      FB0E0D00 
 1013      01010101 
 1014              	.LASF16:
 1015 0000 72656733 		.ascii	"reg32\000"
ARM GAS  C:\Users\RECEPC~1\AppData\Local\Temp\ccS4CeFf.s 			page 24


 1015      3200
 1016              	.LASF23:
 1017 0006 4932435F 		.ascii	"I2C_1_BACKUP_STRUCT\000"
 1017      315F4241 
 1017      434B5550 
 1017      5F535452 
 1017      55435400 
 1018              	.LASF41:
 1019 001a 4379496E 		.ascii	"CyIntSetVector\000"
 1019      74536574 
 1019      56656374 
 1019      6F7200
 1020              	.LASF30:
 1021 0029 4932435F 		.ascii	"I2C_1_backup\000"
 1021      315F6261 
 1021      636B7570 
 1021      00
 1022              	.LASF3:
 1023 0036 73686F72 		.ascii	"short unsigned int\000"
 1023      7420756E 
 1023      7369676E 
 1023      65642069 
 1023      6E7400
 1024              	.LASF24:
 1025 0049 4932435F 		.ascii	"I2C_1_Init\000"
 1025      315F496E 
 1025      697400
 1026              	.LASF19:
 1027 0054 656E6162 		.ascii	"enableState\000"
 1027      6C655374 
 1027      61746500 
 1028              	.LASF12:
 1029 0060 666C6F61 		.ascii	"float\000"
 1029      7400
 1030              	.LASF7:
 1031 0066 6C6F6E67 		.ascii	"long long unsigned int\000"
 1031      206C6F6E 
 1031      6720756E 
 1031      7369676E 
 1031      65642069 
 1032              	.LASF1:
 1033 007d 756E7369 		.ascii	"unsigned char\000"
 1033      676E6564 
 1033      20636861 
 1033      7200
 1034              	.LASF40:
 1035 008b 433A5C55 		.ascii	"C:\\Users\\Recepcion\\Documents\\Prime GRP700\\Work"
 1035      73657273 
 1035      5C526563 
 1035      65706369 
 1035      6F6E5C44 
 1036 00b9 73706163 		.ascii	"space01\\PGRP700.cydsn\000"
 1036      6530315C 
 1036      50475250 
 1036      3730302E 
 1036      63796473 
 1037              	.LASF5:
ARM GAS  C:\Users\RECEPC~1\AppData\Local\Temp\ccS4CeFf.s 			page 25


 1038 00cf 6C6F6E67 		.ascii	"long unsigned int\000"
 1038      20756E73 
 1038      69676E65 
 1038      6420696E 
 1038      7400
 1039              	.LASF9:
 1040 00e1 75696E74 		.ascii	"uint8\000"
 1040      3800
 1041              	.LASF28:
 1042 00e7 656E6162 		.ascii	"enableInterrupts\000"
 1042      6C65496E 
 1042      74657272 
 1042      75707473 
 1042      00
 1043              	.LASF29:
 1044 00f8 4932435F 		.ascii	"I2C_1_initVar\000"
 1044      315F696E 
 1044      69745661 
 1044      7200
 1045              	.LASF13:
 1046 0106 646F7562 		.ascii	"double\000"
 1046      6C6500
 1047              	.LASF27:
 1048 010d 4932435F 		.ascii	"I2C_1_Stop\000"
 1048      315F5374 
 1048      6F7000
 1049              	.LASF10:
 1050 0118 75696E74 		.ascii	"uint16\000"
 1050      313600
 1051              	.LASF11:
 1052 011f 75696E74 		.ascii	"uint32\000"
 1052      333200
 1053              	.LASF31:
 1054 0126 4932435F 		.ascii	"I2C_1_state\000"
 1054      315F7374 
 1054      61746500 
 1055              	.LASF35:
 1056 0132 4379456E 		.ascii	"CyEnterCriticalSection\000"
 1056      74657243 
 1056      72697469 
 1056      63616C53 
 1056      65637469 
 1057              	.LASF8:
 1058 0149 756E7369 		.ascii	"unsigned int\000"
 1058      676E6564 
 1058      20696E74 
 1058      00
 1059              	.LASF37:
 1060 0156 43794578 		.ascii	"CyExitCriticalSection\000"
 1060      69744372 
 1060      69746963 
 1060      616C5365 
 1060      6374696F 
 1061              	.LASF36:
 1062 016c 4379496E 		.ascii	"CyIntSetPriority\000"
 1062      74536574 
 1062      5072696F 
ARM GAS  C:\Users\RECEPC~1\AppData\Local\Temp\ccS4CeFf.s 			page 26


 1062      72697479 
 1062      00
 1063              	.LASF21:
 1064 017d 636C6B44 		.ascii	"clkDiv1\000"
 1064      69763100 
 1065              	.LASF22:
 1066 0185 636C6B44 		.ascii	"clkDiv2\000"
 1066      69763200 
 1067              	.LASF17:
 1068 018d 63796973 		.ascii	"cyisraddress\000"
 1068      72616464 
 1068      72657373 
 1068      00
 1069              	.LASF15:
 1070 019a 72656738 		.ascii	"reg8\000"
 1070      00
 1071              	.LASF18:
 1072 019f 73697A65 		.ascii	"sizetype\000"
 1072      74797065 
 1072      00
 1073              	.LASF38:
 1074 01a8 474E5520 		.ascii	"GNU C 4.9.3 20150303 (release) [ARM/embedded-4_9-br"
 1074      4320342E 
 1074      392E3320 
 1074      32303135 
 1074      30333033 
 1075 01db 616E6368 		.ascii	"anch revision 221220] -mcpu=cortex-m3 -mthumb -g -O"
 1075      20726576 
 1075      6973696F 
 1075      6E203232 
 1075      31323230 
 1076 020e 67202D66 		.ascii	"g -ffunction-sections -ffat-lto-objects\000"
 1076      66756E63 
 1076      74696F6E 
 1076      2D736563 
 1076      74696F6E 
 1077              	.LASF6:
 1078 0236 6C6F6E67 		.ascii	"long long int\000"
 1078      206C6F6E 
 1078      6720696E 
 1078      7400
 1079              	.LASF39:
 1080 0244 2E5C4765 		.ascii	".\\Generated_Source\\PSoC5\\I2C_1.c\000"
 1080      6E657261 
 1080      7465645F 
 1080      536F7572 
 1080      63655C50 
 1081              	.LASF42:
 1082 0265 43794465 		.ascii	"CyDelayUs\000"
 1082      6C617955 
 1082      7300
 1083              	.LASF14:
 1084 026f 63686172 		.ascii	"char\000"
 1084      00
 1085              	.LASF25:
 1086 0274 4932435F 		.ascii	"I2C_1_Enable\000"
 1086      315F456E 
ARM GAS  C:\Users\RECEPC~1\AppData\Local\Temp\ccS4CeFf.s 			page 27


 1086      61626C65 
 1086      00
 1087              	.LASF20:
 1088 0281 78636667 		.ascii	"xcfg\000"
 1088      00
 1089              	.LASF26:
 1090 0286 4932435F 		.ascii	"I2C_1_Start\000"
 1090      315F5374 
 1090      61727400 
 1091              	.LASF2:
 1092 0292 73686F72 		.ascii	"short int\000"
 1092      7420696E 
 1092      7400
 1093              	.LASF34:
 1094 029c 4932435F 		.ascii	"I2C_1_MasterClearStatus\000"
 1094      315F4D61 
 1094      73746572 
 1094      436C6561 
 1094      72537461 
 1095              	.LASF33:
 1096 02b4 4932435F 		.ascii	"I2C_1_MasterClearWriteBuf\000"
 1096      315F4D61 
 1096      73746572 
 1096      436C6561 
 1096      72577269 
 1097              	.LASF4:
 1098 02ce 6C6F6E67 		.ascii	"long int\000"
 1098      20696E74 
 1098      00
 1099              	.LASF32:
 1100 02d7 4932435F 		.ascii	"I2C_1_MasterClearReadBuf\000"
 1100      315F4D61 
 1100      73746572 
 1100      436C6561 
 1100      72526561 
 1101              	.LASF0:
 1102 02f0 7369676E 		.ascii	"signed char\000"
 1102      65642063 
 1102      68617200 
 1103              		.ident	"GCC: (GNU Tools for ARM Embedded Processors) 4.9.3 20150303 (release) [ARM/embedded-4_9-br
