ARM GAS  C:\Users\IN-002~1\AppData\Local\Temp\ccqn1Evc.s 			page 1


   1              		.syntax unified
   2              		.cpu cortex-m3
   3              		.fpu softvfp
   4              		.eabi_attribute 20, 1
   5              		.eabi_attribute 21, 1
   6              		.eabi_attribute 23, 3
   7              		.eabi_attribute 24, 1
   8              		.eabi_attribute 25, 1
   9              		.eabi_attribute 26, 1
  10              		.eabi_attribute 30, 1
  11              		.eabi_attribute 34, 1
  12              		.eabi_attribute 18, 4
  13              		.thumb
  14              		.file	"LCD_2_PM.c"
  15              		.text
  16              	.Ltext0:
  17              		.cfi_sections	.debug_frame
  18              		.section	.text.LCD_2_SaveConfig,"ax",%progbits
  19              		.align	2
  20              		.global	LCD_2_SaveConfig
  21              		.thumb
  22              		.thumb_func
  23              		.type	LCD_2_SaveConfig, %function
  24              	LCD_2_SaveConfig:
  25              	.LFB0:
  26              		.file 1 ".\\Generated_Source\\PSoC5\\LCD_2_PM.c"
   1:.\Generated_Source\PSoC5/LCD_2_PM.c **** /*******************************************************************************
   2:.\Generated_Source\PSoC5/LCD_2_PM.c **** * File Name: LCD_2_PM.c
   3:.\Generated_Source\PSoC5/LCD_2_PM.c **** * Version 2.30
   4:.\Generated_Source\PSoC5/LCD_2_PM.c **** *
   5:.\Generated_Source\PSoC5/LCD_2_PM.c **** * Description:
   6:.\Generated_Source\PSoC5/LCD_2_PM.c **** *  This file provides Sleep/WakeUp APIs functionality.
   7:.\Generated_Source\PSoC5/LCD_2_PM.c **** *
   8:.\Generated_Source\PSoC5/LCD_2_PM.c **** * Note:
   9:.\Generated_Source\PSoC5/LCD_2_PM.c **** *
  10:.\Generated_Source\PSoC5/LCD_2_PM.c **** ********************************************************************************
  11:.\Generated_Source\PSoC5/LCD_2_PM.c **** * Copyright 2008-2012, Cypress Semiconductor Corporation.  All rights reserved.
  12:.\Generated_Source\PSoC5/LCD_2_PM.c **** * You may use this file only in accordance with the license, terms, conditions,
  13:.\Generated_Source\PSoC5/LCD_2_PM.c **** * disclaimers, and limitations in the end user license agreement accompanying
  14:.\Generated_Source\PSoC5/LCD_2_PM.c **** * the software package with which this file was provided.
  15:.\Generated_Source\PSoC5/LCD_2_PM.c **** *******************************************************************************/
  16:.\Generated_Source\PSoC5/LCD_2_PM.c **** 
  17:.\Generated_Source\PSoC5/LCD_2_PM.c **** #include "LCD_2.h"
  18:.\Generated_Source\PSoC5/LCD_2_PM.c **** 
  19:.\Generated_Source\PSoC5/LCD_2_PM.c **** 
  20:.\Generated_Source\PSoC5/LCD_2_PM.c **** /***************************************
  21:.\Generated_Source\PSoC5/LCD_2_PM.c **** * Local data allocation
  22:.\Generated_Source\PSoC5/LCD_2_PM.c **** ***************************************/
  23:.\Generated_Source\PSoC5/LCD_2_PM.c **** 
  24:.\Generated_Source\PSoC5/LCD_2_PM.c **** static LCD_2_BACKUP_STRUCT  LCD_2_backup =
  25:.\Generated_Source\PSoC5/LCD_2_PM.c **** {
  26:.\Generated_Source\PSoC5/LCD_2_PM.c ****     /* enableState - disabled */
  27:.\Generated_Source\PSoC5/LCD_2_PM.c ****     0u,
  28:.\Generated_Source\PSoC5/LCD_2_PM.c **** };
  29:.\Generated_Source\PSoC5/LCD_2_PM.c **** 
  30:.\Generated_Source\PSoC5/LCD_2_PM.c **** 
  31:.\Generated_Source\PSoC5/LCD_2_PM.c **** 
ARM GAS  C:\Users\IN-002~1\AppData\Local\Temp\ccqn1Evc.s 			page 2


  32:.\Generated_Source\PSoC5/LCD_2_PM.c **** /*******************************************************************************
  33:.\Generated_Source\PSoC5/LCD_2_PM.c **** * Function Name: LCD_2_SaveConfig
  34:.\Generated_Source\PSoC5/LCD_2_PM.c **** ********************************************************************************
  35:.\Generated_Source\PSoC5/LCD_2_PM.c **** *
  36:.\Generated_Source\PSoC5/LCD_2_PM.c **** * Summary:
  37:.\Generated_Source\PSoC5/LCD_2_PM.c **** *  Saves the current user configuration.
  38:.\Generated_Source\PSoC5/LCD_2_PM.c **** *
  39:.\Generated_Source\PSoC5/LCD_2_PM.c **** * Parameters:
  40:.\Generated_Source\PSoC5/LCD_2_PM.c **** *  None.
  41:.\Generated_Source\PSoC5/LCD_2_PM.c **** *
  42:.\Generated_Source\PSoC5/LCD_2_PM.c **** * Return:
  43:.\Generated_Source\PSoC5/LCD_2_PM.c **** *  None.
  44:.\Generated_Source\PSoC5/LCD_2_PM.c **** *
  45:.\Generated_Source\PSoC5/LCD_2_PM.c **** * Global Variables:
  46:.\Generated_Source\PSoC5/LCD_2_PM.c **** *  LCD_2_backup - modified when non-retention registers are saved.
  47:.\Generated_Source\PSoC5/LCD_2_PM.c **** *
  48:.\Generated_Source\PSoC5/LCD_2_PM.c **** * Reentrant:
  49:.\Generated_Source\PSoC5/LCD_2_PM.c **** *  No.
  50:.\Generated_Source\PSoC5/LCD_2_PM.c **** *
  51:.\Generated_Source\PSoC5/LCD_2_PM.c **** *******************************************************************************/
  52:.\Generated_Source\PSoC5/LCD_2_PM.c **** void LCD_2_SaveConfig(void)
  53:.\Generated_Source\PSoC5/LCD_2_PM.c **** {
  27              		.loc 1 53 0
  28              		.cfi_startproc
  29              		@ args = 0, pretend = 0, frame = 0
  30              		@ frame_needed = 0, uses_anonymous_args = 0
  31              		@ link register save eliminated.
  32 0000 7047     		bx	lr
  33              		.cfi_endproc
  34              	.LFE0:
  35              		.size	LCD_2_SaveConfig, .-LCD_2_SaveConfig
  36 0002 00BF     		.section	.text.LCD_2_RestoreConfig,"ax",%progbits
  37              		.align	2
  38              		.global	LCD_2_RestoreConfig
  39              		.thumb
  40              		.thumb_func
  41              		.type	LCD_2_RestoreConfig, %function
  42              	LCD_2_RestoreConfig:
  43              	.LFB1:
  54:.\Generated_Source\PSoC5/LCD_2_PM.c ****     #if (CY_UDB_V0)
  55:.\Generated_Source\PSoC5/LCD_2_PM.c **** 
  56:.\Generated_Source\PSoC5/LCD_2_PM.c ****         #if(LCD_2_CONTROL_REG_REMOVED == 0u)
  57:.\Generated_Source\PSoC5/LCD_2_PM.c ****             LCD_2_backup.cr = LCD_2_CONTROL_REG;
  58:.\Generated_Source\PSoC5/LCD_2_PM.c ****         #endif /* End LCD_2_CONTROL_REG_REMOVED */
  59:.\Generated_Source\PSoC5/LCD_2_PM.c **** 
  60:.\Generated_Source\PSoC5/LCD_2_PM.c ****         #if( (LCD_2_RX_ENABLED) || (LCD_2_HD_ENABLED) )
  61:.\Generated_Source\PSoC5/LCD_2_PM.c ****             LCD_2_backup.rx_period = LCD_2_RXBITCTR_PERIOD_REG;
  62:.\Generated_Source\PSoC5/LCD_2_PM.c ****             LCD_2_backup.rx_mask = LCD_2_RXSTATUS_MASK_REG;
  63:.\Generated_Source\PSoC5/LCD_2_PM.c ****             #if (LCD_2_RXHW_ADDRESS_ENABLED)
  64:.\Generated_Source\PSoC5/LCD_2_PM.c ****                 LCD_2_backup.rx_addr1 = LCD_2_RXADDRESS1_REG;
  65:.\Generated_Source\PSoC5/LCD_2_PM.c ****                 LCD_2_backup.rx_addr2 = LCD_2_RXADDRESS2_REG;
  66:.\Generated_Source\PSoC5/LCD_2_PM.c ****             #endif /* End LCD_2_RXHW_ADDRESS_ENABLED */
  67:.\Generated_Source\PSoC5/LCD_2_PM.c ****         #endif /* End LCD_2_RX_ENABLED | LCD_2_HD_ENABLED*/
  68:.\Generated_Source\PSoC5/LCD_2_PM.c **** 
  69:.\Generated_Source\PSoC5/LCD_2_PM.c ****         #if(LCD_2_TX_ENABLED)
  70:.\Generated_Source\PSoC5/LCD_2_PM.c ****             #if(LCD_2_TXCLKGEN_DP)
  71:.\Generated_Source\PSoC5/LCD_2_PM.c ****                 LCD_2_backup.tx_clk_ctr = LCD_2_TXBITCLKGEN_CTR_REG;
ARM GAS  C:\Users\IN-002~1\AppData\Local\Temp\ccqn1Evc.s 			page 3


  72:.\Generated_Source\PSoC5/LCD_2_PM.c ****                 LCD_2_backup.tx_clk_compl = LCD_2_TXBITCLKTX_COMPLETE_REG;
  73:.\Generated_Source\PSoC5/LCD_2_PM.c ****             #else
  74:.\Generated_Source\PSoC5/LCD_2_PM.c ****                 LCD_2_backup.tx_period = LCD_2_TXBITCTR_PERIOD_REG;
  75:.\Generated_Source\PSoC5/LCD_2_PM.c ****             #endif /*End LCD_2_TXCLKGEN_DP */
  76:.\Generated_Source\PSoC5/LCD_2_PM.c ****             LCD_2_backup.tx_mask = LCD_2_TXSTATUS_MASK_REG;
  77:.\Generated_Source\PSoC5/LCD_2_PM.c ****         #endif /*End LCD_2_TX_ENABLED */
  78:.\Generated_Source\PSoC5/LCD_2_PM.c **** 
  79:.\Generated_Source\PSoC5/LCD_2_PM.c **** 
  80:.\Generated_Source\PSoC5/LCD_2_PM.c ****     #else /* CY_UDB_V1 */
  81:.\Generated_Source\PSoC5/LCD_2_PM.c **** 
  82:.\Generated_Source\PSoC5/LCD_2_PM.c ****         #if(LCD_2_CONTROL_REG_REMOVED == 0u)
  83:.\Generated_Source\PSoC5/LCD_2_PM.c ****             LCD_2_backup.cr = LCD_2_CONTROL_REG;
  84:.\Generated_Source\PSoC5/LCD_2_PM.c ****         #endif /* End LCD_2_CONTROL_REG_REMOVED */
  85:.\Generated_Source\PSoC5/LCD_2_PM.c **** 
  86:.\Generated_Source\PSoC5/LCD_2_PM.c ****     #endif  /* End CY_UDB_V0 */
  87:.\Generated_Source\PSoC5/LCD_2_PM.c **** }
  88:.\Generated_Source\PSoC5/LCD_2_PM.c **** 
  89:.\Generated_Source\PSoC5/LCD_2_PM.c **** 
  90:.\Generated_Source\PSoC5/LCD_2_PM.c **** /*******************************************************************************
  91:.\Generated_Source\PSoC5/LCD_2_PM.c **** * Function Name: LCD_2_RestoreConfig
  92:.\Generated_Source\PSoC5/LCD_2_PM.c **** ********************************************************************************
  93:.\Generated_Source\PSoC5/LCD_2_PM.c **** *
  94:.\Generated_Source\PSoC5/LCD_2_PM.c **** * Summary:
  95:.\Generated_Source\PSoC5/LCD_2_PM.c **** *  Restores the current user configuration.
  96:.\Generated_Source\PSoC5/LCD_2_PM.c **** *
  97:.\Generated_Source\PSoC5/LCD_2_PM.c **** * Parameters:
  98:.\Generated_Source\PSoC5/LCD_2_PM.c **** *  None.
  99:.\Generated_Source\PSoC5/LCD_2_PM.c **** *
 100:.\Generated_Source\PSoC5/LCD_2_PM.c **** * Return:
 101:.\Generated_Source\PSoC5/LCD_2_PM.c **** *  None.
 102:.\Generated_Source\PSoC5/LCD_2_PM.c **** *
 103:.\Generated_Source\PSoC5/LCD_2_PM.c **** * Global Variables:
 104:.\Generated_Source\PSoC5/LCD_2_PM.c **** *  LCD_2_backup - used when non-retention registers are restored.
 105:.\Generated_Source\PSoC5/LCD_2_PM.c **** *
 106:.\Generated_Source\PSoC5/LCD_2_PM.c **** * Reentrant:
 107:.\Generated_Source\PSoC5/LCD_2_PM.c **** *  No.
 108:.\Generated_Source\PSoC5/LCD_2_PM.c **** *
 109:.\Generated_Source\PSoC5/LCD_2_PM.c **** *******************************************************************************/
 110:.\Generated_Source\PSoC5/LCD_2_PM.c **** void LCD_2_RestoreConfig(void)
 111:.\Generated_Source\PSoC5/LCD_2_PM.c **** {
  44              		.loc 1 111 0
  45              		.cfi_startproc
  46              		@ args = 0, pretend = 0, frame = 0
  47              		@ frame_needed = 0, uses_anonymous_args = 0
  48              		@ link register save eliminated.
  49 0000 7047     		bx	lr
  50              		.cfi_endproc
  51              	.LFE1:
  52              		.size	LCD_2_RestoreConfig, .-LCD_2_RestoreConfig
  53 0002 00BF     		.section	.text.LCD_2_Sleep,"ax",%progbits
  54              		.align	2
  55              		.global	LCD_2_Sleep
  56              		.thumb
  57              		.thumb_func
  58              		.type	LCD_2_Sleep, %function
  59              	LCD_2_Sleep:
  60              	.LFB2:
ARM GAS  C:\Users\IN-002~1\AppData\Local\Temp\ccqn1Evc.s 			page 4


 112:.\Generated_Source\PSoC5/LCD_2_PM.c **** 
 113:.\Generated_Source\PSoC5/LCD_2_PM.c ****     #if (CY_UDB_V0)
 114:.\Generated_Source\PSoC5/LCD_2_PM.c **** 
 115:.\Generated_Source\PSoC5/LCD_2_PM.c ****         #if(LCD_2_CONTROL_REG_REMOVED == 0u)
 116:.\Generated_Source\PSoC5/LCD_2_PM.c ****             LCD_2_CONTROL_REG = LCD_2_backup.cr;
 117:.\Generated_Source\PSoC5/LCD_2_PM.c ****         #endif /* End LCD_2_CONTROL_REG_REMOVED */
 118:.\Generated_Source\PSoC5/LCD_2_PM.c **** 
 119:.\Generated_Source\PSoC5/LCD_2_PM.c ****         #if( (LCD_2_RX_ENABLED) || (LCD_2_HD_ENABLED) )
 120:.\Generated_Source\PSoC5/LCD_2_PM.c ****             LCD_2_RXBITCTR_PERIOD_REG = LCD_2_backup.rx_period;
 121:.\Generated_Source\PSoC5/LCD_2_PM.c ****             LCD_2_RXSTATUS_MASK_REG = LCD_2_backup.rx_mask;
 122:.\Generated_Source\PSoC5/LCD_2_PM.c ****             #if (LCD_2_RXHW_ADDRESS_ENABLED)
 123:.\Generated_Source\PSoC5/LCD_2_PM.c ****                 LCD_2_RXADDRESS1_REG = LCD_2_backup.rx_addr1;
 124:.\Generated_Source\PSoC5/LCD_2_PM.c ****                 LCD_2_RXADDRESS2_REG = LCD_2_backup.rx_addr2;
 125:.\Generated_Source\PSoC5/LCD_2_PM.c ****             #endif /* End LCD_2_RXHW_ADDRESS_ENABLED */
 126:.\Generated_Source\PSoC5/LCD_2_PM.c ****         #endif  /* End (LCD_2_RX_ENABLED) || (LCD_2_HD_ENABLED) */
 127:.\Generated_Source\PSoC5/LCD_2_PM.c **** 
 128:.\Generated_Source\PSoC5/LCD_2_PM.c ****         #if(LCD_2_TX_ENABLED)
 129:.\Generated_Source\PSoC5/LCD_2_PM.c ****             #if(LCD_2_TXCLKGEN_DP)
 130:.\Generated_Source\PSoC5/LCD_2_PM.c ****                 LCD_2_TXBITCLKGEN_CTR_REG = LCD_2_backup.tx_clk_ctr;
 131:.\Generated_Source\PSoC5/LCD_2_PM.c ****                 LCD_2_TXBITCLKTX_COMPLETE_REG = LCD_2_backup.tx_clk_compl;
 132:.\Generated_Source\PSoC5/LCD_2_PM.c ****             #else
 133:.\Generated_Source\PSoC5/LCD_2_PM.c ****                 LCD_2_TXBITCTR_PERIOD_REG = LCD_2_backup.tx_period;
 134:.\Generated_Source\PSoC5/LCD_2_PM.c ****             #endif /*End LCD_2_TXCLKGEN_DP */
 135:.\Generated_Source\PSoC5/LCD_2_PM.c ****             LCD_2_TXSTATUS_MASK_REG = LCD_2_backup.tx_mask;
 136:.\Generated_Source\PSoC5/LCD_2_PM.c ****         #endif /*End LCD_2_TX_ENABLED */
 137:.\Generated_Source\PSoC5/LCD_2_PM.c **** 
 138:.\Generated_Source\PSoC5/LCD_2_PM.c ****     #else /* CY_UDB_V1 */
 139:.\Generated_Source\PSoC5/LCD_2_PM.c **** 
 140:.\Generated_Source\PSoC5/LCD_2_PM.c ****         #if(LCD_2_CONTROL_REG_REMOVED == 0u)
 141:.\Generated_Source\PSoC5/LCD_2_PM.c ****             LCD_2_CONTROL_REG = LCD_2_backup.cr;
 142:.\Generated_Source\PSoC5/LCD_2_PM.c ****         #endif /* End LCD_2_CONTROL_REG_REMOVED */
 143:.\Generated_Source\PSoC5/LCD_2_PM.c **** 
 144:.\Generated_Source\PSoC5/LCD_2_PM.c ****     #endif  /* End CY_UDB_V0 */
 145:.\Generated_Source\PSoC5/LCD_2_PM.c **** }
 146:.\Generated_Source\PSoC5/LCD_2_PM.c **** 
 147:.\Generated_Source\PSoC5/LCD_2_PM.c **** 
 148:.\Generated_Source\PSoC5/LCD_2_PM.c **** /*******************************************************************************
 149:.\Generated_Source\PSoC5/LCD_2_PM.c **** * Function Name: LCD_2_Sleep
 150:.\Generated_Source\PSoC5/LCD_2_PM.c **** ********************************************************************************
 151:.\Generated_Source\PSoC5/LCD_2_PM.c **** *
 152:.\Generated_Source\PSoC5/LCD_2_PM.c **** * Summary:
 153:.\Generated_Source\PSoC5/LCD_2_PM.c **** *  Stops and saves the user configuration. Should be called
 154:.\Generated_Source\PSoC5/LCD_2_PM.c **** *  just prior to entering sleep.
 155:.\Generated_Source\PSoC5/LCD_2_PM.c **** *
 156:.\Generated_Source\PSoC5/LCD_2_PM.c **** *
 157:.\Generated_Source\PSoC5/LCD_2_PM.c **** * Parameters:
 158:.\Generated_Source\PSoC5/LCD_2_PM.c **** *  None.
 159:.\Generated_Source\PSoC5/LCD_2_PM.c **** *
 160:.\Generated_Source\PSoC5/LCD_2_PM.c **** * Return:
 161:.\Generated_Source\PSoC5/LCD_2_PM.c **** *  None.
 162:.\Generated_Source\PSoC5/LCD_2_PM.c **** *
 163:.\Generated_Source\PSoC5/LCD_2_PM.c **** * Global Variables:
 164:.\Generated_Source\PSoC5/LCD_2_PM.c **** *  LCD_2_backup - modified when non-retention registers are saved.
 165:.\Generated_Source\PSoC5/LCD_2_PM.c **** *
 166:.\Generated_Source\PSoC5/LCD_2_PM.c **** * Reentrant:
 167:.\Generated_Source\PSoC5/LCD_2_PM.c **** *  No.
 168:.\Generated_Source\PSoC5/LCD_2_PM.c **** *
ARM GAS  C:\Users\IN-002~1\AppData\Local\Temp\ccqn1Evc.s 			page 5


 169:.\Generated_Source\PSoC5/LCD_2_PM.c **** *******************************************************************************/
 170:.\Generated_Source\PSoC5/LCD_2_PM.c **** void LCD_2_Sleep(void)
 171:.\Generated_Source\PSoC5/LCD_2_PM.c **** {
  61              		.loc 1 171 0
  62              		.cfi_startproc
  63              		@ args = 0, pretend = 0, frame = 0
  64              		@ frame_needed = 0, uses_anonymous_args = 0
  65              		.loc 1 171 0
  66 0000 08B5     		push	{r3, lr}
  67              		.cfi_def_cfa_offset 8
  68              		.cfi_offset 3, -8
  69              		.cfi_offset 14, -4
 172:.\Generated_Source\PSoC5/LCD_2_PM.c **** 
 173:.\Generated_Source\PSoC5/LCD_2_PM.c ****     #if(LCD_2_RX_ENABLED || LCD_2_HD_ENABLED)
 174:.\Generated_Source\PSoC5/LCD_2_PM.c ****         if((LCD_2_RXSTATUS_ACTL_REG  & LCD_2_INT_ENABLE) != 0u)
  70              		.loc 1 174 0
  71 0002 074B     		ldr	r3, .L7
  72 0004 1B78     		ldrb	r3, [r3]	@ zero_extendqisi2
  73 0006 13F0100F 		tst	r3, #16
  74 000a 03D0     		beq	.L4
 175:.\Generated_Source\PSoC5/LCD_2_PM.c ****         {
 176:.\Generated_Source\PSoC5/LCD_2_PM.c ****             LCD_2_backup.enableState = 1u;
  75              		.loc 1 176 0
  76 000c 0122     		movs	r2, #1
  77 000e 054B     		ldr	r3, .L7+4
  78 0010 1A70     		strb	r2, [r3]
  79 0012 02E0     		b	.L5
  80              	.L4:
 177:.\Generated_Source\PSoC5/LCD_2_PM.c ****         }
 178:.\Generated_Source\PSoC5/LCD_2_PM.c ****         else
 179:.\Generated_Source\PSoC5/LCD_2_PM.c ****         {
 180:.\Generated_Source\PSoC5/LCD_2_PM.c ****             LCD_2_backup.enableState = 0u;
  81              		.loc 1 180 0
  82 0014 0022     		movs	r2, #0
  83 0016 034B     		ldr	r3, .L7+4
  84 0018 1A70     		strb	r2, [r3]
  85              	.L5:
 181:.\Generated_Source\PSoC5/LCD_2_PM.c ****         }
 182:.\Generated_Source\PSoC5/LCD_2_PM.c ****     #else
 183:.\Generated_Source\PSoC5/LCD_2_PM.c ****         if((LCD_2_TXSTATUS_ACTL_REG  & LCD_2_INT_ENABLE) !=0u)
 184:.\Generated_Source\PSoC5/LCD_2_PM.c ****         {
 185:.\Generated_Source\PSoC5/LCD_2_PM.c ****             LCD_2_backup.enableState = 1u;
 186:.\Generated_Source\PSoC5/LCD_2_PM.c ****         }
 187:.\Generated_Source\PSoC5/LCD_2_PM.c ****         else
 188:.\Generated_Source\PSoC5/LCD_2_PM.c ****         {
 189:.\Generated_Source\PSoC5/LCD_2_PM.c ****             LCD_2_backup.enableState = 0u;
 190:.\Generated_Source\PSoC5/LCD_2_PM.c ****         }
 191:.\Generated_Source\PSoC5/LCD_2_PM.c ****     #endif /* End LCD_2_RX_ENABLED || LCD_2_HD_ENABLED*/
 192:.\Generated_Source\PSoC5/LCD_2_PM.c **** 
 193:.\Generated_Source\PSoC5/LCD_2_PM.c ****     LCD_2_Stop();
  86              		.loc 1 193 0
  87 001a FFF7FEFF 		bl	LCD_2_Stop
  88              	.LVL0:
  89 001e 08BD     		pop	{r3, pc}
  90              	.L8:
  91              		.align	2
  92              	.L7:
ARM GAS  C:\Users\IN-002~1\AppData\Local\Temp\ccqn1Evc.s 			page 6


  93 0020 94640040 		.word	1073767572
  94 0024 00000000 		.word	.LANCHOR0
  95              		.cfi_endproc
  96              	.LFE2:
  97              		.size	LCD_2_Sleep, .-LCD_2_Sleep
  98              		.section	.text.LCD_2_Wakeup,"ax",%progbits
  99              		.align	2
 100              		.global	LCD_2_Wakeup
 101              		.thumb
 102              		.thumb_func
 103              		.type	LCD_2_Wakeup, %function
 104              	LCD_2_Wakeup:
 105              	.LFB3:
 194:.\Generated_Source\PSoC5/LCD_2_PM.c ****     LCD_2_SaveConfig();
 195:.\Generated_Source\PSoC5/LCD_2_PM.c **** }
 196:.\Generated_Source\PSoC5/LCD_2_PM.c **** 
 197:.\Generated_Source\PSoC5/LCD_2_PM.c **** 
 198:.\Generated_Source\PSoC5/LCD_2_PM.c **** /*******************************************************************************
 199:.\Generated_Source\PSoC5/LCD_2_PM.c **** * Function Name: LCD_2_Wakeup
 200:.\Generated_Source\PSoC5/LCD_2_PM.c **** ********************************************************************************
 201:.\Generated_Source\PSoC5/LCD_2_PM.c **** *
 202:.\Generated_Source\PSoC5/LCD_2_PM.c **** * Summary:
 203:.\Generated_Source\PSoC5/LCD_2_PM.c **** *  Restores and enables the user configuration. Should be called
 204:.\Generated_Source\PSoC5/LCD_2_PM.c **** *  just after awaking from sleep.
 205:.\Generated_Source\PSoC5/LCD_2_PM.c **** *
 206:.\Generated_Source\PSoC5/LCD_2_PM.c **** * Parameters:
 207:.\Generated_Source\PSoC5/LCD_2_PM.c **** *  None.
 208:.\Generated_Source\PSoC5/LCD_2_PM.c **** *
 209:.\Generated_Source\PSoC5/LCD_2_PM.c **** * Return:
 210:.\Generated_Source\PSoC5/LCD_2_PM.c **** *  None.
 211:.\Generated_Source\PSoC5/LCD_2_PM.c **** *
 212:.\Generated_Source\PSoC5/LCD_2_PM.c **** * Global Variables:
 213:.\Generated_Source\PSoC5/LCD_2_PM.c **** *  LCD_2_backup - used when non-retention registers are restored.
 214:.\Generated_Source\PSoC5/LCD_2_PM.c **** *
 215:.\Generated_Source\PSoC5/LCD_2_PM.c **** * Reentrant:
 216:.\Generated_Source\PSoC5/LCD_2_PM.c **** *  No.
 217:.\Generated_Source\PSoC5/LCD_2_PM.c **** *
 218:.\Generated_Source\PSoC5/LCD_2_PM.c **** *******************************************************************************/
 219:.\Generated_Source\PSoC5/LCD_2_PM.c **** void LCD_2_Wakeup(void)
 220:.\Generated_Source\PSoC5/LCD_2_PM.c **** {
 106              		.loc 1 220 0
 107              		.cfi_startproc
 108              		@ args = 0, pretend = 0, frame = 0
 109              		@ frame_needed = 0, uses_anonymous_args = 0
 110 0000 08B5     		push	{r3, lr}
 111              		.cfi_def_cfa_offset 8
 112              		.cfi_offset 3, -8
 113              		.cfi_offset 14, -4
 221:.\Generated_Source\PSoC5/LCD_2_PM.c ****     LCD_2_RestoreConfig();
 222:.\Generated_Source\PSoC5/LCD_2_PM.c ****     #if( (LCD_2_RX_ENABLED) || (LCD_2_HD_ENABLED) )
 223:.\Generated_Source\PSoC5/LCD_2_PM.c ****         LCD_2_ClearRxBuffer();
 114              		.loc 1 223 0
 115 0002 FFF7FEFF 		bl	LCD_2_ClearRxBuffer
 116              	.LVL1:
 224:.\Generated_Source\PSoC5/LCD_2_PM.c ****     #endif /* End (LCD_2_RX_ENABLED) || (LCD_2_HD_ENABLED) */
 225:.\Generated_Source\PSoC5/LCD_2_PM.c ****     #if(LCD_2_TX_ENABLED || LCD_2_HD_ENABLED)
 226:.\Generated_Source\PSoC5/LCD_2_PM.c ****         LCD_2_ClearTxBuffer();
ARM GAS  C:\Users\IN-002~1\AppData\Local\Temp\ccqn1Evc.s 			page 7


 117              		.loc 1 226 0
 118 0006 FFF7FEFF 		bl	LCD_2_ClearTxBuffer
 119              	.LVL2:
 227:.\Generated_Source\PSoC5/LCD_2_PM.c ****     #endif /* End LCD_2_TX_ENABLED || LCD_2_HD_ENABLED */
 228:.\Generated_Source\PSoC5/LCD_2_PM.c **** 
 229:.\Generated_Source\PSoC5/LCD_2_PM.c ****     if(LCD_2_backup.enableState != 0u)
 120              		.loc 1 229 0
 121 000a 034B     		ldr	r3, .L12
 122 000c 1B78     		ldrb	r3, [r3]	@ zero_extendqisi2
 123 000e 0BB1     		cbz	r3, .L9
 230:.\Generated_Source\PSoC5/LCD_2_PM.c ****     {
 231:.\Generated_Source\PSoC5/LCD_2_PM.c ****         LCD_2_Enable();
 124              		.loc 1 231 0
 125 0010 FFF7FEFF 		bl	LCD_2_Enable
 126              	.LVL3:
 127              	.L9:
 128 0014 08BD     		pop	{r3, pc}
 129              	.L13:
 130 0016 00BF     		.align	2
 131              	.L12:
 132 0018 00000000 		.word	.LANCHOR0
 133              		.cfi_endproc
 134              	.LFE3:
 135              		.size	LCD_2_Wakeup, .-LCD_2_Wakeup
 136              		.bss
 137              		.align	2
 138              		.set	.LANCHOR0,. + 0
 139              		.type	LCD_2_backup, %object
 140              		.size	LCD_2_backup, 3
 141              	LCD_2_backup:
 142 0000 000000   		.space	3
 143 0003 00       		.text
 144              	.Letext0:
 145              		.file 2 ".\\Generated_Source\\PSoC5\\cytypes.h"
 146              		.file 3 ".\\Generated_Source\\PSoC5\\LCD_2.h"
 147              		.section	.debug_info,"",%progbits
 148              	.Ldebug_info0:
 149 0000 7C010000 		.4byte	0x17c
 150 0004 0400     		.2byte	0x4
 151 0006 00000000 		.4byte	.Ldebug_abbrev0
 152 000a 04       		.byte	0x4
 153 000b 01       		.uleb128 0x1
 154 000c F6000000 		.4byte	.LASF27
 155 0010 01       		.byte	0x1
 156 0011 8C000000 		.4byte	.LASF28
 157 0015 13000000 		.4byte	.LASF29
 158 0019 00000000 		.4byte	.Ldebug_ranges0+0
 159 001d 00000000 		.4byte	0
 160 0021 00000000 		.4byte	.Ldebug_line0
 161 0025 02       		.uleb128 0x2
 162 0026 01       		.byte	0x1
 163 0027 06       		.byte	0x6
 164 0028 4E020000 		.4byte	.LASF0
 165 002c 02       		.uleb128 0x2
 166 002d 01       		.byte	0x1
 167 002e 08       		.byte	0x8
 168 002f B0000000 		.4byte	.LASF1
ARM GAS  C:\Users\IN-002~1\AppData\Local\Temp\ccqn1Evc.s 			page 8


 169 0033 02       		.uleb128 0x2
 170 0034 02       		.byte	0x2
 171 0035 05       		.byte	0x5
 172 0036 F2010000 		.4byte	.LASF2
 173 003a 02       		.uleb128 0x2
 174 003b 02       		.byte	0x2
 175 003c 07       		.byte	0x7
 176 003d 00000000 		.4byte	.LASF3
 177 0041 02       		.uleb128 0x2
 178 0042 04       		.byte	0x4
 179 0043 05       		.byte	0x5
 180 0044 25020000 		.4byte	.LASF4
 181 0048 02       		.uleb128 0x2
 182 0049 04       		.byte	0x4
 183 004a 07       		.byte	0x7
 184 004b 84010000 		.4byte	.LASF5
 185 004f 02       		.uleb128 0x2
 186 0050 08       		.byte	0x8
 187 0051 05       		.byte	0x5
 188 0052 D4010000 		.4byte	.LASF6
 189 0056 02       		.uleb128 0x2
 190 0057 08       		.byte	0x8
 191 0058 07       		.byte	0x7
 192 0059 A3010000 		.4byte	.LASF7
 193 005d 03       		.uleb128 0x3
 194 005e 04       		.byte	0x4
 195 005f 05       		.byte	0x5
 196 0060 696E7400 		.ascii	"int\000"
 197 0064 02       		.uleb128 0x2
 198 0065 04       		.byte	0x4
 199 0066 07       		.byte	0x7
 200 0067 96010000 		.4byte	.LASF8
 201 006b 04       		.uleb128 0x4
 202 006c 06020000 		.4byte	.LASF12
 203 0070 02       		.byte	0x2
 204 0071 3801     		.2byte	0x138
 205 0073 2C000000 		.4byte	0x2c
 206 0077 02       		.uleb128 0x2
 207 0078 04       		.byte	0x4
 208 0079 04       		.byte	0x4
 209 007a 86000000 		.4byte	.LASF9
 210 007e 02       		.uleb128 0x2
 211 007f 08       		.byte	0x8
 212 0080 04       		.byte	0x4
 213 0081 E2000000 		.4byte	.LASF10
 214 0085 02       		.uleb128 0x2
 215 0086 01       		.byte	0x1
 216 0087 08       		.byte	0x8
 217 0088 E2010000 		.4byte	.LASF11
 218 008c 04       		.uleb128 0x4
 219 008d BE000000 		.4byte	.LASF13
 220 0091 02       		.byte	0x2
 221 0092 E201     		.2byte	0x1e2
 222 0094 98000000 		.4byte	0x98
 223 0098 05       		.uleb128 0x5
 224 0099 6B000000 		.4byte	0x6b
 225 009d 02       		.uleb128 0x2
ARM GAS  C:\Users\IN-002~1\AppData\Local\Temp\ccqn1Evc.s 			page 9


 226 009e 04       		.byte	0x4
 227 009f 07       		.byte	0x7
 228 00a0 BA010000 		.4byte	.LASF14
 229 00a4 06       		.uleb128 0x6
 230 00a5 67020000 		.4byte	.LASF30
 231 00a9 03       		.byte	0x3
 232 00aa 03       		.byte	0x3
 233 00ab 45       		.byte	0x45
 234 00ac D5000000 		.4byte	0xd5
 235 00b0 07       		.uleb128 0x7
 236 00b1 2E020000 		.4byte	.LASF15
 237 00b5 03       		.byte	0x3
 238 00b6 47       		.byte	0x47
 239 00b7 6B000000 		.4byte	0x6b
 240 00bb 00       		.byte	0
 241 00bc 07       		.uleb128 0x7
 242 00bd FC010000 		.4byte	.LASF16
 243 00c1 03       		.byte	0x3
 244 00c2 4D       		.byte	0x4d
 245 00c3 6B000000 		.4byte	0x6b
 246 00c7 01       		.byte	0x1
 247 00c8 07       		.uleb128 0x7
 248 00c9 C3000000 		.4byte	.LASF17
 249 00cd 03       		.byte	0x3
 250 00ce 59       		.byte	0x59
 251 00cf 6B000000 		.4byte	0x6b
 252 00d3 02       		.byte	0x2
 253 00d4 00       		.byte	0
 254 00d5 08       		.uleb128 0x8
 255 00d6 5E000000 		.4byte	.LASF18
 256 00da 03       		.byte	0x3
 257 00db 64       		.byte	0x64
 258 00dc A4000000 		.4byte	0xa4
 259 00e0 09       		.uleb128 0x9
 260 00e1 C3010000 		.4byte	.LASF19
 261 00e5 01       		.byte	0x1
 262 00e6 34       		.byte	0x34
 263 00e7 00000000 		.4byte	.LFB0
 264 00eb 02000000 		.4byte	.LFE0-.LFB0
 265 00ef 01       		.uleb128 0x1
 266 00f0 9C       		.byte	0x9c
 267 00f1 09       		.uleb128 0x9
 268 00f2 72000000 		.4byte	.LASF20
 269 00f6 01       		.byte	0x1
 270 00f7 6E       		.byte	0x6e
 271 00f8 00000000 		.4byte	.LFB1
 272 00fc 02000000 		.4byte	.LFE1-.LFB1
 273 0100 01       		.uleb128 0x1
 274 0101 9C       		.byte	0x9c
 275 0102 0A       		.uleb128 0xa
 276 0103 19020000 		.4byte	.LASF21
 277 0107 01       		.byte	0x1
 278 0108 AA       		.byte	0xaa
 279 0109 00000000 		.4byte	.LFB2
 280 010d 28000000 		.4byte	.LFE2-.LFB2
 281 0111 01       		.uleb128 0x1
 282 0112 9C       		.byte	0x9c
ARM GAS  C:\Users\IN-002~1\AppData\Local\Temp\ccqn1Evc.s 			page 10


 283 0113 21010000 		.4byte	0x121
 284 0117 0B       		.uleb128 0xb
 285 0118 1E000000 		.4byte	.LVL0
 286 011c 63010000 		.4byte	0x163
 287 0120 00       		.byte	0
 288 0121 0A       		.uleb128 0xa
 289 0122 5A020000 		.4byte	.LASF22
 290 0126 01       		.byte	0x1
 291 0127 DB       		.byte	0xdb
 292 0128 00000000 		.4byte	.LFB3
 293 012c 1C000000 		.4byte	.LFE3-.LFB3
 294 0130 01       		.uleb128 0x1
 295 0131 9C       		.byte	0x9c
 296 0132 52010000 		.4byte	0x152
 297 0136 0B       		.uleb128 0xb
 298 0137 06000000 		.4byte	.LVL1
 299 013b 6A010000 		.4byte	0x16a
 300 013f 0B       		.uleb128 0xb
 301 0140 0A000000 		.4byte	.LVL2
 302 0144 71010000 		.4byte	0x171
 303 0148 0B       		.uleb128 0xb
 304 0149 14000000 		.4byte	.LVL3
 305 014d 78010000 		.4byte	0x178
 306 0151 00       		.byte	0
 307 0152 0C       		.uleb128 0xc
 308 0153 0C020000 		.4byte	.LASF31
 309 0157 01       		.byte	0x1
 310 0158 18       		.byte	0x18
 311 0159 D5000000 		.4byte	0xd5
 312 015d 05       		.uleb128 0x5
 313 015e 03       		.byte	0x3
 314 015f 00000000 		.4byte	LCD_2_backup
 315 0163 0D       		.uleb128 0xd
 316 0164 E7010000 		.4byte	.LASF23
 317 0168 03       		.byte	0x3
 318 0169 6C       		.byte	0x6c
 319 016a 0D       		.uleb128 0xd
 320 016b CE000000 		.4byte	.LASF24
 321 016f 03       		.byte	0x3
 322 0170 8C       		.byte	0x8c
 323 0171 0D       		.uleb128 0xd
 324 0172 3A020000 		.4byte	.LASF25
 325 0176 03       		.byte	0x3
 326 0177 A4       		.byte	0xa4
 327 0178 0D       		.uleb128 0xd
 328 0179 E9000000 		.4byte	.LASF26
 329 017d 03       		.byte	0x3
 330 017e 71       		.byte	0x71
 331 017f 00       		.byte	0
 332              		.section	.debug_abbrev,"",%progbits
 333              	.Ldebug_abbrev0:
 334 0000 01       		.uleb128 0x1
 335 0001 11       		.uleb128 0x11
 336 0002 01       		.byte	0x1
 337 0003 25       		.uleb128 0x25
 338 0004 0E       		.uleb128 0xe
 339 0005 13       		.uleb128 0x13
ARM GAS  C:\Users\IN-002~1\AppData\Local\Temp\ccqn1Evc.s 			page 11


 340 0006 0B       		.uleb128 0xb
 341 0007 03       		.uleb128 0x3
 342 0008 0E       		.uleb128 0xe
 343 0009 1B       		.uleb128 0x1b
 344 000a 0E       		.uleb128 0xe
 345 000b 55       		.uleb128 0x55
 346 000c 17       		.uleb128 0x17
 347 000d 11       		.uleb128 0x11
 348 000e 01       		.uleb128 0x1
 349 000f 10       		.uleb128 0x10
 350 0010 17       		.uleb128 0x17
 351 0011 00       		.byte	0
 352 0012 00       		.byte	0
 353 0013 02       		.uleb128 0x2
 354 0014 24       		.uleb128 0x24
 355 0015 00       		.byte	0
 356 0016 0B       		.uleb128 0xb
 357 0017 0B       		.uleb128 0xb
 358 0018 3E       		.uleb128 0x3e
 359 0019 0B       		.uleb128 0xb
 360 001a 03       		.uleb128 0x3
 361 001b 0E       		.uleb128 0xe
 362 001c 00       		.byte	0
 363 001d 00       		.byte	0
 364 001e 03       		.uleb128 0x3
 365 001f 24       		.uleb128 0x24
 366 0020 00       		.byte	0
 367 0021 0B       		.uleb128 0xb
 368 0022 0B       		.uleb128 0xb
 369 0023 3E       		.uleb128 0x3e
 370 0024 0B       		.uleb128 0xb
 371 0025 03       		.uleb128 0x3
 372 0026 08       		.uleb128 0x8
 373 0027 00       		.byte	0
 374 0028 00       		.byte	0
 375 0029 04       		.uleb128 0x4
 376 002a 16       		.uleb128 0x16
 377 002b 00       		.byte	0
 378 002c 03       		.uleb128 0x3
 379 002d 0E       		.uleb128 0xe
 380 002e 3A       		.uleb128 0x3a
 381 002f 0B       		.uleb128 0xb
 382 0030 3B       		.uleb128 0x3b
 383 0031 05       		.uleb128 0x5
 384 0032 49       		.uleb128 0x49
 385 0033 13       		.uleb128 0x13
 386 0034 00       		.byte	0
 387 0035 00       		.byte	0
 388 0036 05       		.uleb128 0x5
 389 0037 35       		.uleb128 0x35
 390 0038 00       		.byte	0
 391 0039 49       		.uleb128 0x49
 392 003a 13       		.uleb128 0x13
 393 003b 00       		.byte	0
 394 003c 00       		.byte	0
 395 003d 06       		.uleb128 0x6
 396 003e 13       		.uleb128 0x13
ARM GAS  C:\Users\IN-002~1\AppData\Local\Temp\ccqn1Evc.s 			page 12


 397 003f 01       		.byte	0x1
 398 0040 03       		.uleb128 0x3
 399 0041 0E       		.uleb128 0xe
 400 0042 0B       		.uleb128 0xb
 401 0043 0B       		.uleb128 0xb
 402 0044 3A       		.uleb128 0x3a
 403 0045 0B       		.uleb128 0xb
 404 0046 3B       		.uleb128 0x3b
 405 0047 0B       		.uleb128 0xb
 406 0048 01       		.uleb128 0x1
 407 0049 13       		.uleb128 0x13
 408 004a 00       		.byte	0
 409 004b 00       		.byte	0
 410 004c 07       		.uleb128 0x7
 411 004d 0D       		.uleb128 0xd
 412 004e 00       		.byte	0
 413 004f 03       		.uleb128 0x3
 414 0050 0E       		.uleb128 0xe
 415 0051 3A       		.uleb128 0x3a
 416 0052 0B       		.uleb128 0xb
 417 0053 3B       		.uleb128 0x3b
 418 0054 0B       		.uleb128 0xb
 419 0055 49       		.uleb128 0x49
 420 0056 13       		.uleb128 0x13
 421 0057 38       		.uleb128 0x38
 422 0058 0B       		.uleb128 0xb
 423 0059 00       		.byte	0
 424 005a 00       		.byte	0
 425 005b 08       		.uleb128 0x8
 426 005c 16       		.uleb128 0x16
 427 005d 00       		.byte	0
 428 005e 03       		.uleb128 0x3
 429 005f 0E       		.uleb128 0xe
 430 0060 3A       		.uleb128 0x3a
 431 0061 0B       		.uleb128 0xb
 432 0062 3B       		.uleb128 0x3b
 433 0063 0B       		.uleb128 0xb
 434 0064 49       		.uleb128 0x49
 435 0065 13       		.uleb128 0x13
 436 0066 00       		.byte	0
 437 0067 00       		.byte	0
 438 0068 09       		.uleb128 0x9
 439 0069 2E       		.uleb128 0x2e
 440 006a 00       		.byte	0
 441 006b 3F       		.uleb128 0x3f
 442 006c 19       		.uleb128 0x19
 443 006d 03       		.uleb128 0x3
 444 006e 0E       		.uleb128 0xe
 445 006f 3A       		.uleb128 0x3a
 446 0070 0B       		.uleb128 0xb
 447 0071 3B       		.uleb128 0x3b
 448 0072 0B       		.uleb128 0xb
 449 0073 27       		.uleb128 0x27
 450 0074 19       		.uleb128 0x19
 451 0075 11       		.uleb128 0x11
 452 0076 01       		.uleb128 0x1
 453 0077 12       		.uleb128 0x12
ARM GAS  C:\Users\IN-002~1\AppData\Local\Temp\ccqn1Evc.s 			page 13


 454 0078 06       		.uleb128 0x6
 455 0079 40       		.uleb128 0x40
 456 007a 18       		.uleb128 0x18
 457 007b 9742     		.uleb128 0x2117
 458 007d 19       		.uleb128 0x19
 459 007e 00       		.byte	0
 460 007f 00       		.byte	0
 461 0080 0A       		.uleb128 0xa
 462 0081 2E       		.uleb128 0x2e
 463 0082 01       		.byte	0x1
 464 0083 3F       		.uleb128 0x3f
 465 0084 19       		.uleb128 0x19
 466 0085 03       		.uleb128 0x3
 467 0086 0E       		.uleb128 0xe
 468 0087 3A       		.uleb128 0x3a
 469 0088 0B       		.uleb128 0xb
 470 0089 3B       		.uleb128 0x3b
 471 008a 0B       		.uleb128 0xb
 472 008b 27       		.uleb128 0x27
 473 008c 19       		.uleb128 0x19
 474 008d 11       		.uleb128 0x11
 475 008e 01       		.uleb128 0x1
 476 008f 12       		.uleb128 0x12
 477 0090 06       		.uleb128 0x6
 478 0091 40       		.uleb128 0x40
 479 0092 18       		.uleb128 0x18
 480 0093 9742     		.uleb128 0x2117
 481 0095 19       		.uleb128 0x19
 482 0096 01       		.uleb128 0x1
 483 0097 13       		.uleb128 0x13
 484 0098 00       		.byte	0
 485 0099 00       		.byte	0
 486 009a 0B       		.uleb128 0xb
 487 009b 898201   		.uleb128 0x4109
 488 009e 00       		.byte	0
 489 009f 11       		.uleb128 0x11
 490 00a0 01       		.uleb128 0x1
 491 00a1 31       		.uleb128 0x31
 492 00a2 13       		.uleb128 0x13
 493 00a3 00       		.byte	0
 494 00a4 00       		.byte	0
 495 00a5 0C       		.uleb128 0xc
 496 00a6 34       		.uleb128 0x34
 497 00a7 00       		.byte	0
 498 00a8 03       		.uleb128 0x3
 499 00a9 0E       		.uleb128 0xe
 500 00aa 3A       		.uleb128 0x3a
 501 00ab 0B       		.uleb128 0xb
 502 00ac 3B       		.uleb128 0x3b
 503 00ad 0B       		.uleb128 0xb
 504 00ae 49       		.uleb128 0x49
 505 00af 13       		.uleb128 0x13
 506 00b0 02       		.uleb128 0x2
 507 00b1 18       		.uleb128 0x18
 508 00b2 00       		.byte	0
 509 00b3 00       		.byte	0
 510 00b4 0D       		.uleb128 0xd
ARM GAS  C:\Users\IN-002~1\AppData\Local\Temp\ccqn1Evc.s 			page 14


 511 00b5 2E       		.uleb128 0x2e
 512 00b6 00       		.byte	0
 513 00b7 3F       		.uleb128 0x3f
 514 00b8 19       		.uleb128 0x19
 515 00b9 03       		.uleb128 0x3
 516 00ba 0E       		.uleb128 0xe
 517 00bb 3A       		.uleb128 0x3a
 518 00bc 0B       		.uleb128 0xb
 519 00bd 3B       		.uleb128 0x3b
 520 00be 0B       		.uleb128 0xb
 521 00bf 27       		.uleb128 0x27
 522 00c0 19       		.uleb128 0x19
 523 00c1 3C       		.uleb128 0x3c
 524 00c2 19       		.uleb128 0x19
 525 00c3 00       		.byte	0
 526 00c4 00       		.byte	0
 527 00c5 00       		.byte	0
 528              		.section	.debug_aranges,"",%progbits
 529 0000 34000000 		.4byte	0x34
 530 0004 0200     		.2byte	0x2
 531 0006 00000000 		.4byte	.Ldebug_info0
 532 000a 04       		.byte	0x4
 533 000b 00       		.byte	0
 534 000c 0000     		.2byte	0
 535 000e 0000     		.2byte	0
 536 0010 00000000 		.4byte	.LFB0
 537 0014 02000000 		.4byte	.LFE0-.LFB0
 538 0018 00000000 		.4byte	.LFB1
 539 001c 02000000 		.4byte	.LFE1-.LFB1
 540 0020 00000000 		.4byte	.LFB2
 541 0024 28000000 		.4byte	.LFE2-.LFB2
 542 0028 00000000 		.4byte	.LFB3
 543 002c 1C000000 		.4byte	.LFE3-.LFB3
 544 0030 00000000 		.4byte	0
 545 0034 00000000 		.4byte	0
 546              		.section	.debug_ranges,"",%progbits
 547              	.Ldebug_ranges0:
 548 0000 00000000 		.4byte	.LFB0
 549 0004 02000000 		.4byte	.LFE0
 550 0008 00000000 		.4byte	.LFB1
 551 000c 02000000 		.4byte	.LFE1
 552 0010 00000000 		.4byte	.LFB2
 553 0014 28000000 		.4byte	.LFE2
 554 0018 00000000 		.4byte	.LFB3
 555 001c 1C000000 		.4byte	.LFE3
 556 0020 00000000 		.4byte	0
 557 0024 00000000 		.4byte	0
 558              		.section	.debug_line,"",%progbits
 559              	.Ldebug_line0:
 560 0000 A2000000 		.section	.debug_str,"MS",%progbits,1
 560      02005200 
 560      00000201 
 560      FB0E0D00 
 560      01010101 
 561              	.LASF3:
 562 0000 73686F72 		.ascii	"short unsigned int\000"
 562      7420756E 
ARM GAS  C:\Users\IN-002~1\AppData\Local\Temp\ccqn1Evc.s 			page 15


 562      7369676E 
 562      65642069 
 562      6E7400
 563              	.LASF29:
 564 0013 433A5C55 		.ascii	"C:\\Users\\IN-002143\\Documents\\GitHub\\Prime-GRP7"
 564      73657273 
 564      5C494E2D 
 564      30303231 
 564      34335C44 
 565 0041 30305C57 		.ascii	"00\\Workspace01\\PGRP700.cydsn\000"
 565      6F726B73 
 565      70616365 
 565      30315C50 
 565      47525037 
 566              	.LASF18:
 567 005e 4C43445F 		.ascii	"LCD_2_BACKUP_STRUCT\000"
 567      325F4241 
 567      434B5550 
 567      5F535452 
 567      55435400 
 568              	.LASF20:
 569 0072 4C43445F 		.ascii	"LCD_2_RestoreConfig\000"
 569      325F5265 
 569      73746F72 
 569      65436F6E 
 569      66696700 
 570              	.LASF9:
 571 0086 666C6F61 		.ascii	"float\000"
 571      7400
 572              	.LASF28:
 573 008c 2E5C4765 		.ascii	".\\Generated_Source\\PSoC5\\LCD_2_PM.c\000"
 573      6E657261 
 573      7465645F 
 573      536F7572 
 573      63655C50 
 574              	.LASF1:
 575 00b0 756E7369 		.ascii	"unsigned char\000"
 575      676E6564 
 575      20636861 
 575      7200
 576              	.LASF13:
 577 00be 72656738 		.ascii	"reg8\000"
 577      00
 578              	.LASF17:
 579 00c3 74785F63 		.ascii	"tx_clk_ctr\000"
 579      6C6B5F63 
 579      747200
 580              	.LASF24:
 581 00ce 4C43445F 		.ascii	"LCD_2_ClearRxBuffer\000"
 581      325F436C 
 581      65617252 
 581      78427566 
 581      66657200 
 582              	.LASF10:
 583 00e2 646F7562 		.ascii	"double\000"
 583      6C6500
 584              	.LASF26:
ARM GAS  C:\Users\IN-002~1\AppData\Local\Temp\ccqn1Evc.s 			page 16


 585 00e9 4C43445F 		.ascii	"LCD_2_Enable\000"
 585      325F456E 
 585      61626C65 
 585      00
 586              	.LASF27:
 587 00f6 474E5520 		.ascii	"GNU C 4.9.3 20150303 (release) [ARM/embedded-4_9-br"
 587      4320342E 
 587      392E3320 
 587      32303135 
 587      30333033 
 588 0129 616E6368 		.ascii	"anch revision 221220] -mcpu=cortex-m3 -mthumb -g -O"
 588      20726576 
 588      6973696F 
 588      6E203232 
 588      31323230 
 589 015c 67202D66 		.ascii	"g -ffunction-sections -ffat-lto-objects\000"
 589      66756E63 
 589      74696F6E 
 589      2D736563 
 589      74696F6E 
 590              	.LASF5:
 591 0184 6C6F6E67 		.ascii	"long unsigned int\000"
 591      20756E73 
 591      69676E65 
 591      6420696E 
 591      7400
 592              	.LASF8:
 593 0196 756E7369 		.ascii	"unsigned int\000"
 593      676E6564 
 593      20696E74 
 593      00
 594              	.LASF7:
 595 01a3 6C6F6E67 		.ascii	"long long unsigned int\000"
 595      206C6F6E 
 595      6720756E 
 595      7369676E 
 595      65642069 
 596              	.LASF14:
 597 01ba 73697A65 		.ascii	"sizetype\000"
 597      74797065 
 597      00
 598              	.LASF19:
 599 01c3 4C43445F 		.ascii	"LCD_2_SaveConfig\000"
 599      325F5361 
 599      7665436F 
 599      6E666967 
 599      00
 600              	.LASF6:
 601 01d4 6C6F6E67 		.ascii	"long long int\000"
 601      206C6F6E 
 601      6720696E 
 601      7400
 602              	.LASF11:
 603 01e2 63686172 		.ascii	"char\000"
 603      00
 604              	.LASF23:
 605 01e7 4C43445F 		.ascii	"LCD_2_Stop\000"
ARM GAS  C:\Users\IN-002~1\AppData\Local\Temp\ccqn1Evc.s 			page 17


 605      325F5374 
 605      6F7000
 606              	.LASF2:
 607 01f2 73686F72 		.ascii	"short int\000"
 607      7420696E 
 607      7400
 608              	.LASF16:
 609 01fc 72785F70 		.ascii	"rx_period\000"
 609      6572696F 
 609      6400
 610              	.LASF12:
 611 0206 75696E74 		.ascii	"uint8\000"
 611      3800
 612              	.LASF31:
 613 020c 4C43445F 		.ascii	"LCD_2_backup\000"
 613      325F6261 
 613      636B7570 
 613      00
 614              	.LASF21:
 615 0219 4C43445F 		.ascii	"LCD_2_Sleep\000"
 615      325F536C 
 615      65657000 
 616              	.LASF4:
 617 0225 6C6F6E67 		.ascii	"long int\000"
 617      20696E74 
 617      00
 618              	.LASF15:
 619 022e 656E6162 		.ascii	"enableState\000"
 619      6C655374 
 619      61746500 
 620              	.LASF25:
 621 023a 4C43445F 		.ascii	"LCD_2_ClearTxBuffer\000"
 621      325F436C 
 621      65617254 
 621      78427566 
 621      66657200 
 622              	.LASF0:
 623 024e 7369676E 		.ascii	"signed char\000"
 623      65642063 
 623      68617200 
 624              	.LASF22:
 625 025a 4C43445F 		.ascii	"LCD_2_Wakeup\000"
 625      325F5761 
 625      6B657570 
 625      00
 626              	.LASF30:
 627 0267 4C43445F 		.ascii	"LCD_2_backupStruct_\000"
 627      325F6261 
 627      636B7570 
 627      53747275 
 627      63745F00 
 628              		.ident	"GCC: (GNU Tools for ARM Embedded Processors) 4.9.3 20150303 (release) [ARM/embedded-4_9-br
